<?xml version="1.0" encoding="utf-8"?><testsuites name="pytest tests"><testsuite name="pytest" errors="0" failures="0" skipped="0" tests="17" time="24.192" timestamp="2026-04-22T16:53:04.427715+00:00" hostname="agent-env-05355184-89c0-42ed-aeb7-363139f1ced0"><testcase classname="backend.tests.test_iter164_purchased_screenplays_v3.TestCreateV3Project" name="test_emerging_avanzata_success" time="4.923" /><testcase classname="backend.tests.test_iter164_purchased_screenplays_v3.TestCreateV3Project" name="test_emerging_veloce_success" time="2.293" /><testcase classname="backend.tests.test_iter164_purchased_screenplays_v3.TestCreateV3Project" name="test_agency_avanzata_60pct_discount" time="2.258" /><testcase classname="backend.tests.test_iter164_purchased_screenplays_v3.TestCreateV3Project" name="test_agency_veloce_60pct_discount_and_2x" time="1.913" /><testcase classname="backend.tests.test_iter164_purchased_screenplays_v3.TestCreateV3Project" name="test_invalid_mode_returns_400" time="0.379" /><testcase classname="backend.tests.test_iter164_purchased_screenplays_v3.TestCreateV3Project" name="test_invalid_source_returns_400" time="0.283" /><testcase classname="backend.tests.test_iter164_purchased_screenplays_v3.TestCreateV3Project" name="test_missing_screenplay_returns_404" time="0.263" /><testcase classname="backend.tests.test_iter164_purchased_screenplays_v3.TestCreateV3Project" name="test_insufficient_funds_returns_400_and_no_deduct" time="0.918" /><testcase classname="backend.tests.test_iter164_purchased_screenplays_v3.TestVeloceFastTrack" name="test_fails_when_not_veloce" time="2.194" /><testcase classname="backend.tests.test_iter164_purchased_screenplays_v3.TestVeloceFastTrack" name="test_fails_when_no_poster" time="2.176" /><testcase classname="backend.tests.test_iter164_purchased_screenplays_v3.TestVeloceFastTrack" name="test_success_with_poster_advances_to_distribution" time="2.499" /><testcase classname="backend.tests.test_iter164_purchased_screenplays_v3.TestVeloceFastTrack" name="test_fast_track_missing_project_returns_404" time="0.282" /><testcase classname="backend.tests.test_iter164_purchased_screenplays_v3.TestLaPrimaIntegration" name="test_coming_to_cinemas_includes_purchased_fields" time="0.378" /><testcase classname="backend.tests.test_iter164_purchased_screenplays_v3.TestRegression" name="test_emerging_screenplays_list" time="0.403" /><testcase classname="backend.tests.test_iter164_purchased_screenplays_v3.TestRegression" name="test_progression_info" time="0.267" /><testcase classname="backend.tests.test_iter164_purchased_screenplays_v3.TestRegression" name="test_pipeline_v3_films_list" time="0.293" /><testcase classname="backend.tests.test_iter164_purchased_screenplays_v3.TestRegression" name="test_pipeline_v3_film_detail" time="2.408" /></testsuite></testsuites>