<?xml version="1.0" encoding="utf-8"?><testsuites name="pytest tests"><testsuite name="pytest" errors="0" failures="0" skipped="3" tests="15" time="2.785" timestamp="2026-03-09T18:42:21.308096+00:00" hostname="agent-env-860ed472-5e59-4463-b9f5-d4d85aaf169a"><testcase classname="tests.test_new_features_iter15.TestUserFullProfile" name="test_get_own_profile" time="0.675" /><testcase classname="tests.test_new_features_iter15.TestUserFullProfile" name="test_get_nonexistent_profile" time="0.111" /><testcase classname="tests.test_new_features_iter15.TestUserFullProfile" name="test_profile_contains_best_film_if_exists" time="0.129" /><testcase classname="tests.test_new_features_iter15.TestDetailedStats" name="test_get_detailed_stats" time="0.148" /><testcase classname="tests.test_new_features_iter15.TestDetailedStats" name="test_stats_genre_breakdown" time="0.112" /><testcase classname="tests.test_new_features_iter15.TestCastAffinityPreview" name="test_affinity_preview_empty_cast" time="0.128" /><testcase classname="tests.test_new_features_iter15.TestCastAffinityPreview" name="test_affinity_preview_structure" time="0.246" /><testcase classname="tests.test_new_features_iter15.TestFilmActions" name="test_get_film_actions_for_nonexistent_film" time="0.177" /><testcase classname="tests.test_new_features_iter15.TestFilmActions" name="test_get_film_actions_structure" time="0.109"><skipped type="pytest.skip" message="User has no films to test actions">/app/backend/tests/test_new_features_iter15.py:233: User has no films to test actions</skipped></testcase><testcase classname="tests.test_new_features_iter15.TestFilmActions" name="test_create_star_action_without_film" time="0.117" /><testcase classname="tests.test_new_features_iter15.TestFilmActions" name="test_skill_boost_action_without_film" time="0.103" /><testcase classname="tests.test_new_features_iter15.TestFilmActionsExecution" name="test_skill_boost_execution" time="0.120"><skipped type="pytest.skip" message="No films available for skill boost action">/app/backend/tests/test_new_features_iter15.py:302: No films available for skill boost action</skipped></testcase><testcase classname="tests.test_new_features_iter15.TestFilmActionsExecution" name="test_create_star_execution" time="0.118"><skipped type="pytest.skip" message="No films available for create star action">/app/backend/tests/test_new_features_iter15.py:357: No films available for create star action</skipped></testcase><testcase classname="tests.test_new_features_iter15.TestOnlineUsers" name="test_get_online_users" time="0.141" /><testcase classname="tests.test_new_features_iter15.TestOnlineUsers" name="test_get_all_users" time="0.268" /></testsuite></testsuites>