<?xml version="1.0" encoding="utf-8"?><testsuites name="pytest tests"><testsuite name="pytest" errors="0" failures="0" skipped="0" tests="14" time="8.573" timestamp="2026-03-11T04:13:32.906327+00:00" hostname="agent-env-7976640d-ef52-4494-b1c8-75b18d7734d4"><testcase classname="backend.tests.test_offline_challenges.TestOfflineChallengeSystem" name="test_toggle_offline_requires_auth" time="0.262" /><testcase classname="backend.tests.test_offline_challenges.TestOfflineChallengeSystem" name="test_toggle_offline_activates" time="0.388" /><testcase classname="backend.tests.test_offline_challenges.TestOfflineChallengeSystem" name="test_toggle_offline_toggles_back" time="0.539" /><testcase classname="backend.tests.test_offline_challenges.TestOfflineChallengeSystem" name="test_all_players_returns_offline_field" time="0.533" /><testcase classname="backend.tests.test_offline_challenges.TestOfflineChallengeSystem" name="test_all_players_filters_for_offline_opponents" time="0.575" /><testcase classname="backend.tests.test_offline_challenges.TestOfflineChallengeSystem" name="test_offline_battle_requires_auth" time="0.133" /><testcase classname="backend.tests.test_offline_challenges.TestOfflineChallengeSystem" name="test_offline_battle_requires_3_films" time="0.466" /><testcase classname="backend.tests.test_offline_challenges.TestOfflineChallengeSystem" name="test_offline_battle_cannot_challenge_self" time="0.455" /><testcase classname="backend.tests.test_offline_challenges.TestOfflineChallengeSystem" name="test_offline_battle_requires_opponent_opt_in" time="0.691" /><testcase classname="backend.tests.test_offline_challenges.TestOfflineChallengeSystem" name="test_offline_battle_full_flow" time="0.901" /><testcase classname="backend.tests.test_offline_challenges.TestOfflineChallengeSystem" name="test_offline_battle_creates_notifications" time="1.712" /><testcase classname="backend.tests.test_offline_challenges.TestOfflineChallengeSystem" name="test_offline_battle_opponent_not_found" time="0.453" /><testcase classname="backend.tests.test_offline_challenges.TestOfflineChallengeSystem" name="test_offline_battle_invalid_films" time="0.555" /><testcase classname="backend.tests.test_offline_challenges.TestOfflineBattleRewards" name="test_offline_battle_loser_penalty_reduced" time="0.823" /></testsuite></testsuites>