<?xml version="1.0" encoding="utf-8"?><testsuites name="pytest tests"><testsuite name="pytest" errors="0" failures="1" skipped="1" tests="6" time="27.317" timestamp="2026-04-04T12:33:19.940787+00:00" hostname="agent-env-387d1996-3972-47aa-99df-2601d17cd72c"><testcase classname="backend.tests.test_db_management.TestHealthEndpoint" name="test_health_returns_ok" time="2.886" /><testcase classname="backend.tests.test_db_management.TestSyncStatusAuth" name="test_sync_status_requires_auth" time="0.121" /><testcase classname="backend.tests.test_db_management.TestSyncStatusAuth" name="test_sync_status_rejects_coadmin" time="0.233"><skipped type="pytest.skip" message="Co-Admin login failed: 401 - {&quot;detail&quot;:&quot;Credenziali errate&quot;}">/app/backend/tests/test_db_management.py:48: Co-Admin login failed: 401 - {"detail":"Credenziali errate"}</skipped></testcase><testcase classname="backend.tests.test_db_management.TestSyncStatusEndpoint" name="test_sync_status_returns_correct_structure" time="23.171" /><testcase classname="backend.tests.test_db_management.TestAdminLogin" name="test_admin_login_success" time="0.589" /><testcase classname="backend.tests.test_db_management.TestAdminLogin" name="test_coadmin_login_success" time="0.222"><failure message="AssertionError: Co-Admin login failed: 401 - {&quot;detail&quot;:&quot;Credenziali errate&quot;}&#10;assert 401 == 200&#10; +  where 401 = &lt;Response [401]&gt;.status_code">backend/tests/test_db_management.py:155: in test_coadmin_login_success
    assert response.status_code == 200, f"Co-Admin login failed: {response.status_code} - {response.text}"
E   AssertionError: Co-Admin login failed: 401 - {"detail":"Credenziali errate"}
E   assert 401 == 200
E    +  where 401 = &lt;Response [401]&gt;.status_code</failure></testcase></testsuite></testsuites>