<?xml version="1.0" encoding="utf-8"?><testsuites name="pytest tests"><testsuite name="pytest" errors="0" failures="0" skipped="0" tests="27" time="2.761" timestamp="2026-03-21T14:27:46.651596+00:00" hostname="agent-env-d56bbc62-8486-4521-8e54-1878f783e5fd"><testcase classname="tests.test_iter105_release_events.TestReleaseEventsStructure" name="test_release_events_list_exists" time="0.277" /><testcase classname="tests.test_iter105_release_events.TestReleaseEventsStructure" name="test_event_required_fields" time="0.000" /><testcase classname="tests.test_iter105_release_events.TestReleaseEventsStructure" name="test_event_types_valid" time="0.000" /><testcase classname="tests.test_iter105_release_events.TestReleaseEventsStructure" name="test_event_rarity_valid" time="0.000" /><testcase classname="tests.test_iter105_release_events.TestReleaseEventsStructure" name="test_positive_events_have_positive_modifiers" time="0.000" /><testcase classname="tests.test_iter105_release_events.TestReleaseEventsStructure" name="test_negative_events_have_negative_modifiers" time="0.000" /><testcase classname="tests.test_iter105_release_events.TestReleaseEventsStructure" name="test_nothing_special_event_exists" time="0.000" /><testcase classname="tests.test_iter105_release_events.TestReleaseEventsStructure" name="test_rare_events_have_significant_modifiers" time="0.000" /><testcase classname="tests.test_iter105_release_events.TestGenerateReleaseEventFunction" name="test_function_exists" time="0.000" /><testcase classname="tests.test_iter105_release_events.TestGenerateReleaseEventFunction" name="test_function_returns_event_structure" time="0.000" /><testcase classname="tests.test_iter105_release_events.TestGenerateReleaseEventFunction" name="test_event_description_personalized_with_title" time="0.000" /><testcase classname="tests.test_iter105_release_events.TestGenerateReleaseEventFunction" name="test_quality_modifier_affects_event_type_probability" time="0.001" /><testcase classname="tests.test_iter105_release_events.TestGenerateReleaseEventFunction" name="test_modifiers_have_variance" time="0.001" /><testcase classname="tests.test_iter105_release_events.TestGenerateReleaseEventFunction" name="test_all_event_types_can_be_generated" time="0.000" /><testcase classname="tests.test_iter105_release_events.TestAuth" name="test_login_success" time="0.507" /><testcase classname="tests.test_iter105_release_events.TestReleaseAPIStructure" name="test_release_endpoint_exists" time="0.691" /><testcase classname="tests.test_iter105_release_events.TestReleaseAPIStructure" name="test_get_shooting_films" time="0.594" /><testcase classname="tests.test_iter105_release_events.TestReleaseAPIStructure" name="test_released_films_have_release_event" time="0.627" /><testcase classname="tests.test_iter105_release_events.TestEventWeights" name="test_event_weights_exist" time="0.000" /><testcase classname="tests.test_iter105_release_events.TestEventWeights" name="test_event_weights_cover_all_rarities" time="0.000" /><testcase classname="tests.test_iter105_release_events.TestSpecificEvents" name="test_cultural_phenomenon_is_rare_positive" time="0.000" /><testcase classname="tests.test_iter105_release_events.TestSpecificEvents" name="test_public_flop_is_rare_negative" time="0.000" /><testcase classname="tests.test_iter105_release_events.TestSpecificEvents" name="test_festival_selection_exists" time="0.000" /><testcase classname="tests.test_iter105_release_events.TestSpecificEvents" name="test_scandal_exists" time="0.000" /><testcase classname="tests.test_iter105_release_events.TestSpecificEvents" name="test_viral_tiktok_exists" time="0.000" /><testcase classname="tests.test_iter105_release_events.TestEventDescriptionsInItalian" name="test_descriptions_are_in_italian" time="0.000" /><testcase classname="tests.test_iter105_release_events.TestEventDescriptionsInItalian" name="test_event_names_are_in_italian" time="0.000" /></testsuite></testsuites>