<?xml version="1.0" encoding="utf-8"?><testsuites name="pytest tests"><testsuite name="pytest" errors="0" failures="0" skipped="1" tests="11" time="15.040" timestamp="2026-03-18T14:24:09.554362+00:00" hostname="agent-env-7b3f6392-eeb5-4f81-98c9-305ca0884585"><testcase classname="backend.tests.test_iter85_quality_v2.TestAuth" name="test_login_success" time="0.489" /><testcase classname="backend.tests.test_iter85_quality_v2.TestFilmQualityV2Distribution" name="test_get_user_films_quality_distribution" time="1.248" /><testcase classname="backend.tests.test_iter85_quality_v2.TestFilmQualityV2Distribution" name="test_social_feed_films_quality_distribution" time="1.810" /><testcase classname="backend.tests.test_iter85_quality_v2.TestFilmQualityV2Distribution" name="test_films_have_correct_tiers" time="1.775" /><testcase classname="backend.tests.test_iter85_quality_v2.TestAdvancedFactors" name="test_films_have_advanced_factors_field" time="1.735" /><testcase classname="backend.tests.test_iter85_quality_v2.TestIMDbRatingRecalculation" name="test_films_have_imdb_ratings" time="1.849" /><testcase classname="backend.tests.test_iter85_quality_v2.TestIMDbRatingRecalculation" name="test_imdb_correlates_with_quality" time="1.823" /><testcase classname="backend.tests.test_iter85_quality_v2.TestDashboardLoadsWithFilmData" name="test_dashboard_batch_endpoint" time="1.162" /><testcase classname="backend.tests.test_iter85_quality_v2.TestFilmPipelineRelease" name="test_get_shooting_films_for_release" time="0.546" /><testcase classname="backend.tests.test_iter85_quality_v2.TestFilmPipelineRelease" name="test_release_film_if_available" time="0.608"><skipped type="pytest.skip" message="No films ready for release - cannot test release endpoint">/app/backend/tests/test_iter85_quality_v2.py:380: No films ready for release - cannot test release endpoint</skipped></testcase><testcase classname="backend.tests.test_iter85_quality_v2.TestMigrationVerification" name="test_film_quality_distribution_post_migration" time="1.936" /></testsuite></testsuites>