<?xml version="1.0" encoding="utf-8"?><testsuites name="pytest tests"><testsuite name="pytest" errors="0" failures="0" skipped="0" tests="11" time="4.776" timestamp="2026-03-09T23:16:00.563735+00:00" hostname="agent-env-db50c4de-bf59-482b-9d4a-6d4f7d97ca01"><testcase classname="backend.tests.test_cast_rejection_system.TestCastRejectionSystem" name="test_get_rejections_endpoint_exists" time="0.507" /><testcase classname="backend.tests.test_cast_rejection_system.TestCastRejectionSystem" name="test_cast_offer_endpoint_requires_auth" time="0.121" /><testcase classname="backend.tests.test_cast_rejection_system.TestCastRejectionSystem" name="test_cast_offer_with_valid_person" time="0.263" /><testcase classname="backend.tests.test_cast_rejection_system.TestCastRejectionSystem" name="test_cast_offer_invalid_person" time="0.123" /><testcase classname="backend.tests.test_cast_rejection_system.TestCastRejectionSystem" name="test_rejection_response_structure" time="0.257" /><testcase classname="backend.tests.test_cast_rejection_system.TestCastRejectionSystem" name="test_rejection_reasons_in_italian" time="0.950" /><testcase classname="backend.tests.test_cast_rejection_system.TestCastRejectionSystem" name="test_rejection_persistence_24h" time="0.477" /><testcase classname="backend.tests.test_cast_rejection_system.TestCastRejectionSystem" name="test_rejection_for_different_cast_types" time="0.967" /><testcase classname="backend.tests.test_cast_rejection_system.TestRejectionEdgeCases" name="test_offer_missing_person_id" time="0.486" /><testcase classname="backend.tests.test_cast_rejection_system.TestRejectionEdgeCases" name="test_offer_missing_person_type" time="0.160" /><testcase classname="backend.tests.test_cast_rejection_system.TestRejectionEdgeCases" name="test_offer_with_optional_film_genre" time="0.415" /></testsuite></testsuites>