<?xml version="1.0" encoding="utf-8"?><testsuites name="pytest tests"><testsuite name="pytest" errors="0" failures="0" skipped="0" tests="21" time="8.634" timestamp="2026-03-09T16:07:51.962790+00:00" hostname="agent-env-4013e2dd-aba6-4a7c-a263-6c061a53d50c"><testcase classname="backend.tests.test_festivals.TestFestivalSystem" name="test_get_festivals_returns_3_festivals" time="0.540" /><testcase classname="backend.tests.test_festivals.TestFestivalSystem" name="test_festivals_have_correct_voting_types" time="0.413" /><testcase classname="backend.tests.test_festivals.TestFestivalSystem" name="test_festivals_have_10_award_categories" time="0.424" /><testcase classname="backend.tests.test_festivals.TestFestivalSystem" name="test_festivals_have_rewards" time="0.422" /><testcase classname="backend.tests.test_festivals.TestFestivalSystem" name="test_festivals_have_prestige" time="0.443" /><testcase classname="backend.tests.test_festivals.TestFestivalSystem" name="test_festivals_italian_translations" time="0.412" /><testcase classname="backend.tests.test_festivals.TestFestivalSystem" name="test_get_current_festival_edition" time="0.397" /><testcase classname="backend.tests.test_festivals.TestFestivalSystem" name="test_festival_edition_has_10_categories" time="0.398" /><testcase classname="backend.tests.test_festivals.TestFestivalSystem" name="test_festival_edition_categories_have_nominees" time="0.392" /><testcase classname="backend.tests.test_festivals.TestFestivalSystem" name="test_festival_edition_italian_category_names" time="0.430" /><testcase classname="backend.tests.test_festivals.TestFestivalSystem" name="test_invalid_festival_returns_404" time="0.409" /><testcase classname="backend.tests.test_festivals.TestFestivalSystem" name="test_vote_requires_player_voting_festival" time="0.441" /><testcase classname="backend.tests.test_festivals.TestFestivalSystem" name="test_vote_on_golden_stars_festival" time="0.527" /><testcase classname="backend.tests.test_festivals.TestFestivalSystem" name="test_awards_leaderboard_endpoint" time="0.402" /><testcase classname="backend.tests.test_festivals.TestFestivalSystem" name="test_awards_leaderboard_periods" time="0.567" /><testcase classname="backend.tests.test_festivals.TestFestivalSystem" name="test_leaderboard_italian_period_names" time="0.519" /><testcase classname="backend.tests.test_festivals.TestFestivalSystem" name="test_my_awards_endpoint" time="0.372" /><testcase classname="backend.tests.test_festivals.TestFestivalSystem" name="test_festivals_have_next_date" time="0.382" /><testcase classname="backend.tests.test_festivals.TestFestivalSystem" name="test_festivals_have_is_active_flag" time="0.414" /><testcase classname="backend.tests.test_festivals.TestFestivalWithoutAuth" name="test_festivals_endpoint_requires_no_auth" time="0.111" /><testcase classname="backend.tests.test_festivals.TestFestivalWithoutAuth" name="test_festival_current_requires_auth" time="0.125" /></testsuite></testsuites>