<?xml version="1.0" encoding="utf-8"?><testsuites name="pytest tests"><testsuite name="pytest" errors="0" failures="0" skipped="2" tests="11" time="2.760" timestamp="2026-03-19T19:14:29.276504+00:00" hostname="agent-env-c1618574-82fa-4c1a-bf79-bc32d2fce770"><testcase classname="backend.tests.test_iter102_anime_gueststar_school_transfer.TestLogin" name="test_login_success" time="0.599" /><testcase classname="backend.tests.test_iter102_anime_gueststar_school_transfer.TestAnimeGuestStarSystem" name="test_anime_genres_available" time="0.625" /><testcase classname="backend.tests.test_iter102_anime_gueststar_school_transfer.TestAnimeGuestStarSystem" name="test_anime_available_actors_guest_star_mode" time="0.281"><skipped type="pytest.skip" message="Cannot create anime: Hai raggiunto il limite di 1 anime in produzione. Migliora lo studio per produrne di più.">/app/backend/tests/test_iter102_anime_gueststar_school_transfer.py:112: Cannot create anime: Hai raggiunto il limite di 1 anime in produzione. Migliora lo studio per produrne di più.</skipped></testcase><testcase classname="backend.tests.test_iter102_anime_gueststar_school_transfer.TestAnimeGuestStarSystem" name="test_anime_advance_to_screenplay_without_cast" time="0.000"><skipped type="pytest.skip" message="Cannot create anime: Hai raggiunto il limite di 1 anime in produzione. Migliora lo studio per produrne di più.">/app/backend/tests/test_iter102_anime_gueststar_school_transfer.py:136: Cannot create anime: Hai raggiunto il limite di 1 anime in produzione. Migliora lo studio per produrne di più.</skipped></testcase><testcase classname="backend.tests.test_iter102_anime_gueststar_school_transfer.TestAgencySchoolTransfer" name="test_agency_info_shows_school_count" time="0.141" /><testcase classname="backend.tests.test_iter102_anime_gueststar_school_transfer.TestAgencySchoolTransfer" name="test_actors_for_casting_returns_school_students" time="0.113" /><testcase classname="backend.tests.test_iter102_anime_gueststar_school_transfer.TestAgencySchoolTransfer" name="test_send_to_school_endpoint_exists" time="0.223" /><testcase classname="backend.tests.test_iter102_anime_gueststar_school_transfer.TestAgencySchoolTransfer" name="test_transfer_from_school_endpoint_exists" time="0.223" /><testcase classname="backend.tests.test_iter102_anime_gueststar_school_transfer.TestSeriesTVCastingNoRegressions" name="test_tv_series_available_actors_not_guest_star" time="0.250" /><testcase classname="backend.tests.test_iter102_anime_gueststar_school_transfer.TestCastingAgencyTabs" name="test_agency_actors_endpoint" time="0.133" /><testcase classname="backend.tests.test_iter102_anime_gueststar_school_transfer.TestCastingAgencyTabs" name="test_agency_recruits_endpoint" time="0.116" /></testsuite></testsuites>