<?xml version="1.0" encoding="utf-8"?><testsuites name="pytest tests"><testsuite name="pytest" errors="0" failures="1" skipped="0" tests="14" time="155.958" timestamp="2026-03-13T16:50:33.597602+00:00" hostname="agent-env-07f24c83-1c6f-4327-9c37-b3a2fe62e362"><testcase classname="backend.tests.test_emerging_screenplays.TestEmergingScreenplaysAPI" name="test_get_emerging_screenplays_list" time="21.175" /><testcase classname="backend.tests.test_emerging_screenplays.TestEmergingScreenplaysAPI" name="test_get_emerging_screenplays_count" time="0.181" /><testcase classname="backend.tests.test_emerging_screenplays.TestEmergingScreenplaysAPI" name="test_mark_screenplays_seen" time="0.290" /><testcase classname="backend.tests.test_emerging_screenplays.TestEmergingScreenplaysAPI" name="test_get_single_screenplay_detail" time="0.246" /><testcase classname="backend.tests.test_emerging_screenplays.TestEmergingScreenplaysAPI" name="test_get_screenplay_not_found" time="0.194" /><testcase classname="backend.tests.test_emerging_screenplays.TestAcceptEmergingScreenplay" name="test_accept_screenplay_only_insufficient_funds" time="0.449"><failure message="AssertionError: Expected 400, got 200&#10;assert 200 == 400&#10; +  where 200 = &lt;Response [200]&gt;.status_code">backend/tests/test_emerging_screenplays.py:168: in test_accept_screenplay_only_insufficient_funds
    assert response.status_code == 400, f"Expected 400, got {response.status_code}"
E   AssertionError: Expected 400, got 200
E   assert 200 == 400
E    +  where 200 = &lt;Response [200]&gt;.status_code</failure></testcase><testcase classname="backend.tests.test_emerging_screenplays.TestAcceptEmergingScreenplay" name="test_accept_invalid_option" time="0.232" /><testcase classname="backend.tests.test_emerging_screenplays.TestAcceptEmergingScreenplay" name="test_accept_nonexistent_screenplay" time="0.117" /><testcase classname="backend.tests.test_emerging_screenplays.TestAcceptEmergingScreenplay" name="test_screenplay_structure_for_filmwizard" time="0.113" /><testcase classname="backend.tests.test_emerging_screenplays.TestFallbackPosterGeneration" name="test_poster_fallback_returns_image" time="21.207" /><testcase classname="backend.tests.test_emerging_screenplays.TestFallbackPosterGeneration" name="test_poster_different_genres" time="92.612" /><testcase classname="backend.tests.test_emerging_screenplays.TestFallbackPosterGeneration" name="test_poster_async_start_endpoint" time="0.153" /><testcase classname="backend.tests.test_emerging_screenplays.TestScreenplayRatingsAndCosts" name="test_ratings_in_valid_range" time="18.699" /><testcase classname="backend.tests.test_emerging_screenplays.TestScreenplayRatingsAndCosts" name="test_costs_are_positive" time="0.183" /></testsuite></testsuites>