<?xml version="1.0" encoding="utf-8"?><testsuites name="pytest tests"><testsuite name="pytest" errors="0" failures="0" skipped="0" tests="25" time="10.723" timestamp="2026-03-23T22:25:45.412273+00:00" hostname="agent-env-2fbd026a-e7cf-42e1-81fa-756f6cd07da6"><testcase classname="backend.tests.test_iter140_festival_system.TestFestivalSystem" name="test_get_festivals_returns_list" time="0.552" /><testcase classname="backend.tests.test_iter140_festival_system.TestFestivalSystem" name="test_festivals_have_required_fields" time="0.384" /><testcase classname="backend.tests.test_iter140_festival_system.TestFestivalSystem" name="test_cinema_excellence_has_algorithm_voting" time="0.419" /><testcase classname="backend.tests.test_iter140_festival_system.TestFestivalSystem" name="test_golden_stars_has_player_voting" time="0.407" /><testcase classname="backend.tests.test_iter140_festival_system.TestFestivalSystem" name="test_spotlight_awards_has_ai_voting" time="0.398" /><testcase classname="backend.tests.test_iter140_festival_system.TestFestivalSystem" name="test_festivals_have_italian_names" time="0.378" /><testcase classname="backend.tests.test_iter140_festival_system.TestFestivalSystem" name="test_festivals_have_rewards" time="0.514" /><testcase classname="backend.tests.test_iter140_festival_system.TestFestivalSystem" name="test_countdown_returns_upcoming_festivals" time="0.390" /><testcase classname="backend.tests.test_iter140_festival_system.TestFestivalSystem" name="test_countdown_has_state_and_nominees" time="0.769" /><testcase classname="backend.tests.test_iter140_festival_system.TestFestivalSystem" name="test_get_current_edition_golden_stars" time="0.376" /><testcase classname="backend.tests.test_iter140_festival_system.TestFestivalSystem" name="test_get_current_edition_cinema_excellence" time="0.410" /><testcase classname="backend.tests.test_iter140_festival_system.TestFestivalSystem" name="test_get_current_edition_spotlight_awards" time="0.468" /><testcase classname="backend.tests.test_iter140_festival_system.TestFestivalSystem" name="test_can_vote_logic" time="0.495" /><testcase classname="backend.tests.test_iter140_festival_system.TestFestivalSystem" name="test_edition_has_categories_with_nominees" time="0.387" /><testcase classname="backend.tests.test_iter140_festival_system.TestFestivalSystem" name="test_nominees_have_quality_score" time="0.427" /><testcase classname="backend.tests.test_iter140_festival_system.TestFestivalSystem" name="test_vote_endpoint_exists" time="0.383" /><testcase classname="backend.tests.test_iter140_festival_system.TestFestivalSystem" name="test_vote_rejected_for_non_player_festival" time="0.380" /><testcase classname="backend.tests.test_iter140_festival_system.TestFestivalSystem" name="test_history_endpoint" time="0.377" /><testcase classname="backend.tests.test_iter140_festival_system.TestFestivalSystem" name="test_history_entries_have_winners" time="0.383" /><testcase classname="backend.tests.test_iter140_festival_system.TestFestivalSystem" name="test_leaderboard_endpoint" time="0.391" /><testcase classname="backend.tests.test_iter140_festival_system.TestFestivalSystem" name="test_my_awards_endpoint" time="0.374" /><testcase classname="backend.tests.test_iter140_festival_system.TestFestivalStateTransitions" name="test_state_labels_in_italian" time="0.424" /><testcase classname="backend.tests.test_iter140_festival_system.TestFestivalStateTransitions" name="test_days_until_is_numeric" time="0.357" /><testcase classname="backend.tests.test_iter140_festival_system.TestFestivalNominations" name="test_nominees_max_5_per_category" time="0.379" /><testcase classname="backend.tests.test_iter140_festival_system.TestFestivalNominations" name="test_nominee_structure" time="0.404" /></testsuite></testsuites>