<?xml version="1.0" encoding="utf-8"?><testsuites name="pytest tests"><testsuite name="pytest" errors="0" failures="0" skipped="0" tests="12" time="2.555" timestamp="2026-03-22T15:14:17.389990+00:00" hostname="agent-env-bf2374c7-c4b0-4e06-9ebd-972f7f6be555"><testcase classname="backend.tests.test_iter118_coming_soon_interact.TestComingSoonList" name="test_get_coming_soon_list" time="0.261" /><testcase classname="backend.tests.test_iter118_coming_soon_interact.TestComingSoonDetails" name="test_get_details_authenticated" time="0.327" /><testcase classname="backend.tests.test_iter118_coming_soon_interact.TestComingSoonDetails" name="test_get_details_not_found" time="0.050" /><testcase classname="backend.tests.test_iter118_coming_soon_interact.TestComingSoonInteract" name="test_cannot_interact_with_own_content" time="0.318" /><testcase classname="backend.tests.test_iter118_coming_soon_interact.TestComingSoonInteract" name="test_invalid_action" time="0.046" /><testcase classname="backend.tests.test_iter118_coming_soon_interact.TestComingSoonInteract" name="test_support_action_with_new_user" time="0.371" /><testcase classname="backend.tests.test_iter118_coming_soon_interact.TestComingSoonInteract" name="test_boycott_action_with_new_user" time="0.100" /><testcase classname="backend.tests.test_iter118_coming_soon_interact.TestComingSoonInteract" name="test_daily_limit_enforcement" time="0.154" /><testcase classname="backend.tests.test_iter118_coming_soon_interact.TestCinePassCost" name="test_cinepass_deducted_on_interaction" time="0.423" /><testcase classname="backend.tests.test_iter118_coming_soon_interact.TestCinePassCost" name="test_insufficient_cinepass_error" time="0.000" /><testcase classname="backend.tests.test_iter118_coming_soon_interact.TestMaxBoycottPenalty" name="test_max_boycott_penalty_in_details" time="0.049" /><testcase classname="backend.tests.test_iter118_coming_soon_interact.TestNewsEventsAndComments" name="test_news_events_generated_on_interaction" time="0.373" /></testsuite></testsuites>