<?xml version="1.0" encoding="utf-8"?><testsuites name="pytest tests"><testsuite name="pytest" errors="0" failures="0" skipped="2" tests="8" time="4.107" timestamp="2026-03-10T08:20:18.561276+00:00" hostname="agent-env-b976d0ff-25ef-4fe7-8a70-2e097afb7780"><testcase classname="backend.tests.test_release_notes_trailer.TestReleaseNotesAndTrailer" name="test_release_notes_unread_count_endpoint_returns_data" time="0.555" /><testcase classname="backend.tests.test_release_notes_trailer.TestReleaseNotesAndTrailer" name="test_release_notes_mark_read_endpoint" time="0.639" /><testcase classname="backend.tests.test_release_notes_trailer.TestReleaseNotesAndTrailer" name="test_release_notes_requires_auth" time="0.537" /><testcase classname="backend.tests.test_release_notes_trailer.TestReleaseNotesAndTrailer" name="test_generate_trailer_invalid_duration_validation" time="0.515"><skipped type="pytest.skip" message="Cannot create test film, skipping duration validation test">/app/backend/tests/test_release_notes_trailer.py:134: Cannot create test film, skipping duration validation test</skipped></testcase><testcase classname="backend.tests.test_release_notes_trailer.TestReleaseNotesAndTrailer" name="test_generate_trailer_requires_film_ownership" time="0.451" /><testcase classname="backend.tests.test_release_notes_trailer.TestReleaseNotesAndTrailer" name="test_generate_trailer_requires_auth" time="0.435" /><testcase classname="backend.tests.test_release_notes_trailer.TestReleaseNotesAndTrailer" name="test_generate_trailer_valid_styles" time="0.495"><skipped type="pytest.skip" message="No films available to test styles">/app/backend/tests/test_release_notes_trailer.py:210: No films available to test styles</skipped></testcase><testcase classname="backend.tests.test_release_notes_trailer.TestReleaseNotesIntegration" name="test_get_all_release_notes" time="0.411" /></testsuite></testsuites>