<?xml version="1.0" encoding="utf-8"?><testsuites name="pytest tests"><testsuite name="pytest" errors="0" failures="0" skipped="0" tests="11" time="1.585" timestamp="2026-03-16T06:10:07.504592+00:00" hostname="agent-env-0aa8407c-be23-4105-8a26-c42246ab33df"><testcase classname="backend.tests.test_iter61_bug_fixes.TestSkillBattleDrawRates" name="test_draw_rate_diff_0_is_high" time="0.037" /><testcase classname="backend.tests.test_iter61_bug_fixes.TestSkillBattleDrawRates" name="test_draw_rate_diff_1_is_lower" time="0.000" /><testcase classname="backend.tests.test_iter61_bug_fixes.TestSkillBattleDrawRates" name="test_draw_rate_diff_2_is_very_low" time="0.000" /><testcase classname="backend.tests.test_iter61_bug_fixes.TestSkillBattleDrawRates" name="test_draw_rate_diff_3_plus_is_minimal" time="0.000" /><testcase classname="backend.tests.test_iter61_bug_fixes.TestSkillBattleDrawRates" name="test_stronger_team_usually_wins" time="0.000" /><testcase classname="backend.tests.test_iter61_bug_fixes.TestDuplicatePostersfix" name="test_cinema_journal_recent_posters_no_duplicates" time="0.643" /><testcase classname="backend.tests.test_iter61_bug_fixes.TestDuplicatePostersfix" name="test_cinema_journal_recent_posters_structure" time="0.154" /><testcase classname="backend.tests.test_iter61_bug_fixes.TestCinePassOfflineBattle" name="test_challenge_limits_includes_cinepass" time="0.057" /><testcase classname="backend.tests.test_iter61_bug_fixes.TestCinePassOfflineBattle" name="test_get_user_current_cinepass" time="0.136" /><testcase classname="backend.tests.test_iter61_bug_fixes.TestCinePassOfflineBattle" name="test_get_my_films_for_challenge" time="0.496" /><testcase classname="backend.tests.test_iter61_bug_fixes.TestRouteNavigation" name="test_cinema_journal_navigation_code_review" time="0.001" /></testsuite></testsuites>