<?xml version="1.0" encoding="utf-8"?><testsuites name="pytest tests"><testsuite name="pytest" errors="0" failures="0" skipped="0" tests="11" time="5.159" timestamp="2026-03-23T12:07:28.471756+00:00" hostname="agent-env-6070ce2f-36c1-4894-9894-3b6461072960"><testcase classname="backend.tests.test_iter131_pvp_infra_ux.TestPvPInfrastructureTypes" name="test_infrastructure_types_returns_pvp_types" time="0.661" /><testcase classname="backend.tests.test_iter131_pvp_infra_ux.TestPvPInfrastructureTypes" name="test_pvp_investigative_has_correct_properties" time="0.444" /><testcase classname="backend.tests.test_iter131_pvp_infra_ux.TestPvPInfrastructureTypes" name="test_pvp_operative_has_correct_properties" time="0.423" /><testcase classname="backend.tests.test_iter131_pvp_infra_ux.TestPvPInfrastructureTypes" name="test_pvp_legal_has_correct_properties" time="0.435" /><testcase classname="backend.tests.test_iter131_pvp_infra_ux.TestPvPStatus" name="test_pvp_status_returns_divisions" time="0.444" /><testcase classname="backend.tests.test_iter131_pvp_infra_ux.TestPvPStatus" name="test_pvp_status_division_structure" time="0.443" /><testcase classname="backend.tests.test_iter131_pvp_infra_ux.TestPvPStatus" name="test_pvp_status_player_info" time="0.437" /><testcase classname="backend.tests.test_iter131_pvp_infra_ux.TestPvPInfrastructurePurchaseLogic" name="test_pvp_types_show_in_infrastructure_board" time="0.431" /><testcase classname="backend.tests.test_iter131_pvp_infra_ux.TestPvPInfrastructurePurchaseLogic" name="test_pvp_purchase_uses_hq_as_city" time="0.434" /><testcase classname="backend.tests.test_iter131_pvp_infra_ux.TestHqPageDivisionData" name="test_hq_shows_buy_from_infra_for_level_0_divisions" time="0.482" /><testcase classname="backend.tests.test_iter131_pvp_infra_ux.TestHqPageDivisionData" name="test_division_upgrade_info_available" time="0.444" /></testsuite></testsuites>