<?xml version="1.0" encoding="utf-8"?><testsuites name="pytest tests"><testsuite name="pytest" errors="0" failures="0" skipped="0" tests="11" time="6.735" timestamp="2026-03-22T09:08:46.324888+00:00" hostname="agent-env-3139c236-24c5-4a1d-be2e-d00a3e0ddc12"><testcase classname="tests.test_social_cineboard.TestSocialEndpoints" name="test_social_feed_returns_films" time="0.592" /><testcase classname="tests.test_social_cineboard.TestSocialEndpoints" name="test_social_feed_pagination" time="0.503" /><testcase classname="tests.test_social_cineboard.TestSocialEndpoints" name="test_social_feed_search_filter" time="0.587" /><testcase classname="tests.test_social_cineboard.TestSocialEndpoints" name="test_top_liked_returns_ranked_films" time="0.510" /><testcase classname="tests.test_social_cineboard.TestSocialEndpoints" name="test_top_liked_bonus_formula" time="0.545" /><testcase classname="tests.test_social_cineboard.TestSocialEndpoints" name="test_my_bonuses_returns_correct_data" time="0.572" /><testcase classname="tests.test_social_cineboard.TestLikeSystem" name="test_like_toggle_on_other_user_film" time="0.727" /><testcase classname="tests.test_social_cineboard.TestLikeSystem" name="test_cannot_like_own_film" time="0.613" /><testcase classname="tests.test_social_cineboard.TestLikeSystem" name="test_duplicate_like_unlikes" time="0.748" /><testcase classname="tests.test_social_cineboard.TestSocialBonusIntegration" name="test_user_tracks_likes_given_received" time="0.665" /><testcase classname="tests.test_social_cineboard.TestSocialBonusIntegration" name="test_film_has_likes_count_and_liked_by" time="0.616" /></testsuite></testsuites>