<?xml version="1.0" encoding="utf-8"?><testsuites name="pytest tests"><testsuite name="pytest" errors="0" failures="0" skipped="0" tests="12" time="3.665" timestamp="2026-03-22T10:13:55.590688+00:00" hostname="agent-env-3139c236-24c5-4a1d-be2e-d00a3e0ddc12"><testcase classname="backend.tests.test_iter115_private_chat.TestDirectChatCreation" name="test_create_dm_room_success" time="0.618" /><testcase classname="backend.tests.test_iter115_private_chat.TestDirectChatCreation" name="test_create_dm_idempotent" time="0.095" /><testcase classname="backend.tests.test_iter115_private_chat.TestDirectChatCreation" name="test_create_dm_nonexistent_user" time="0.045" /><testcase classname="backend.tests.test_iter115_private_chat.TestDirectChatCreation" name="test_dm_room_has_other_user_info" time="0.046" /><testcase classname="backend.tests.test_iter115_private_chat.TestPrivateMessaging" name="test_send_private_message" time="0.105" /><testcase classname="backend.tests.test_iter115_private_chat.TestPrivateMessaging" name="test_retrieve_private_messages" time="0.432" /><testcase classname="backend.tests.test_iter115_private_chat.TestPrivateMessaging" name="test_message_persistence" time="0.923" /><testcase classname="backend.tests.test_iter115_private_chat.TestChatRoomsListing" name="test_get_rooms_returns_public_and_private" time="0.058" /><testcase classname="backend.tests.test_iter115_private_chat.TestChatRoomsListing" name="test_private_rooms_sorted_by_last_message" time="0.978" /><testcase classname="backend.tests.test_iter115_private_chat.TestChatRoomsListing" name="test_private_rooms_include_last_message" time="0.143" /><testcase classname="backend.tests.test_iter115_private_chat.TestChatRoomsListing" name="test_private_rooms_include_other_user_info" time="0.048" /><testcase classname="backend.tests.test_iter115_private_chat.TestMessageModel" name="test_message_has_required_fields" time="0.091" /></testsuite></testsuites>