<?xml version="1.0" encoding="utf-8"?><testsuites name="pytest tests"><testsuite name="pytest" errors="0" failures="0" skipped="2" tests="6" time="2.494" timestamp="2026-03-24T08:39:19.742196+00:00" hostname="agent-env-1ce38715-b0ba-4701-b7bb-96e4b87cfafd"><testcase classname="backend.tests.test_iter145_release_regression.TestReleaseEndpointData" name="test_film_pipeline_all_returns_projects" time="0.545" /><testcase classname="backend.tests.test_iter145_release_regression.TestReleaseEndpointData" name="test_completed_film_has_required_release_data" time="0.385" /><testcase classname="backend.tests.test_iter145_release_regression.TestReleaseEndpointData" name="test_release_endpoint_structure" time="0.379"><skipped type="pytest.skip" message="No films in shooting status ready for release - film already released">/app/backend/tests/test_iter145_release_regression.py:77: No films in shooting status ready for release - film already released</skipped></testcase><testcase classname="backend.tests.test_iter145_release_regression.TestFilmPipelineFilter" name="test_all_endpoint_returns_all_statuses" time="0.384" /><testcase classname="backend.tests.test_iter145_release_regression.TestReleaseEventAndReviews" name="test_release_events_endpoint_exists" time="0.370" /><testcase classname="backend.tests.test_iter145_release_regression.TestSoundtrackInRelease" name="test_release_includes_soundtrack_modifier" time="0.372"><skipped type="pytest.skip" message="No films ready for release - already released">/app/backend/tests/test_iter145_release_regression.py:223: No films ready for release - already released</skipped></testcase></testsuite></testsuites>