<?xml version="1.0" encoding="utf-8"?><testsuites name="pytest tests"><testsuite name="pytest" errors="0" failures="0" skipped="0" tests="17" time="2.352" timestamp="2026-03-21T17:18:06.871804+00:00" hostname="agent-env-46034e3d-caad-44e8-b0b8-0918d7d8a3ee"><testcase classname="backend.tests.test_iter108_tv_stations_refactor.TestAuth" name="test_login_success" time="0.608" /><testcase classname="backend.tests.test_iter108_tv_stations_refactor.TestTVStationsMyEndpoint" name="test_get_my_stations_returns_200" time="0.640" /><testcase classname="backend.tests.test_iter108_tv_stations_refactor.TestTVStationsMyEndpoint" name="test_my_stations_has_stations_array" time="0.054" /><testcase classname="backend.tests.test_iter108_tv_stations_refactor.TestTVStationsMyEndpoint" name="test_my_stations_has_empty_legacy_stations" time="0.050" /><testcase classname="backend.tests.test_iter108_tv_stations_refactor.TestTVStationsMyEndpoint" name="test_my_stations_has_has_emittente_tv_flag" time="0.055" /><testcase classname="backend.tests.test_iter108_tv_stations_refactor.TestTVStationsMyEndpoint" name="test_stations_have_infra_level" time="0.048" /><testcase classname="backend.tests.test_iter108_tv_stations_refactor.TestTVStationsMyEndpoint" name="test_stations_have_capacity" time="0.058" /><testcase classname="backend.tests.test_iter108_tv_stations_refactor.TestTVStationsMyEndpoint" name="test_stations_have_content_count" time="0.045" /><testcase classname="backend.tests.test_iter108_tv_stations_refactor.TestTVStationsMyEndpoint" name="test_auto_provisioned_station_uses_custom_name" time="0.049" /><testcase classname="backend.tests.test_iter108_tv_stations_refactor.TestTVStationDetailEndpoint" name="test_get_station_detail_returns_200" time="0.106" /><testcase classname="backend.tests.test_iter108_tv_stations_refactor.TestTVStationDetailEndpoint" name="test_station_detail_has_infra_level" time="0.096" /><testcase classname="backend.tests.test_iter108_tv_stations_refactor.TestTVStationDetailEndpoint" name="test_station_detail_has_capacity" time="0.095" /><testcase classname="backend.tests.test_iter108_tv_stations_refactor.TestTVStationDetailEndpoint" name="test_station_detail_has_station_object" time="0.153" /><testcase classname="backend.tests.test_iter108_tv_stations_refactor.TestCapacityLimitsLevel1" name="test_level1_capacity_values" time="0.054" /><testcase classname="backend.tests.test_iter108_tv_stations_refactor.TestKnownStationData" name="test_known_station_exists" time="0.046" /><testcase classname="backend.tests.test_iter108_tv_stations_refactor.TestKnownStationData" name="test_cineworld_tv_station_name" time="0.052" /><testcase classname="backend.tests.test_iter108_tv_stations_refactor.TestResponseStructure" name="test_my_stations_response_structure" time="0.056" /></testsuite></testsuites>