<?xml version="1.0" encoding="utf-8"?><testsuites name="pytest tests"><testsuite name="pytest" errors="0" failures="2" skipped="0" tests="21" time="15.764" timestamp="2026-03-09T15:23:25.131522+00:00" hostname="agent-env-4013e2dd-aba6-4a7c-a263-6c061a53d50c"><testcase classname="backend.tests.test_composer_soundtrack_premiere.TestComposerAPI" name="test_composers_requires_auth" time="0.250" /><testcase classname="backend.tests.test_composer_soundtrack_premiere.TestComposerAPI" name="test_get_composers_list" time="0.454" /><testcase classname="backend.tests.test_composer_soundtrack_premiere.TestComposerAPI" name="test_composers_pagination" time="0.064" /><testcase classname="backend.tests.test_composer_soundtrack_premiere.TestSoundtrackAPI" name="test_soundtrack_requires_auth" time="0.113" /><testcase classname="backend.tests.test_composer_soundtrack_premiere.TestSoundtrackAPI" name="test_generate_soundtrack_description" time="7.549" /><testcase classname="backend.tests.test_composer_soundtrack_premiere.TestSoundtrackAPI" name="test_soundtrack_with_custom_prompt" time="5.928" /><testcase classname="backend.tests.test_composer_soundtrack_premiere.TestTrailerDuration" name="test_trailer_endpoint_exists" time="0.066" /><testcase classname="backend.tests.test_composer_soundtrack_premiere.TestTrailerDuration" name="test_trailer_accepts_valid_durations" time="0.183" /><testcase classname="backend.tests.test_composer_soundtrack_premiere.TestPremiereSystem" name="test_premiere_invite_requires_auth" time="0.175" /><testcase classname="backend.tests.test_composer_soundtrack_premiere.TestPremiereSystem" name="test_get_premiere_invites" time="0.057"><failure message="AssertionError: assert False&#10; +  where False = isinstance({'invites': []}, list)">backend/tests/test_composer_soundtrack_premiere.py:200: in test_get_premiere_invites
    assert isinstance(data, list)
E   AssertionError: assert False
E    +  where False = isinstance({'invites': []}, list)</failure></testcase><testcase classname="backend.tests.test_composer_soundtrack_premiere.TestPremiereSystem" name="test_premiere_invite_validation" time="0.061"><failure message="assert 422 in [400, 404]&#10; +  where 422 = &lt;Response [422]&gt;.status_code">backend/tests/test_composer_soundtrack_premiere.py:210: in test_premiere_invite_validation
    assert response.status_code in [400, 404]
E   assert 422 in [400, 404]
E    +  where 422 = &lt;Response [422]&gt;.status_code</failure></testcase><testcase classname="backend.tests.test_composer_soundtrack_premiere.TestPremiereSystem" name="test_premiere_view_validation" time="0.065" /><testcase classname="backend.tests.test_composer_soundtrack_premiere.TestWizardSteps" name="test_genres_endpoint" time="0.094" /><testcase classname="backend.tests.test_composer_soundtrack_premiere.TestWizardSteps" name="test_sponsors_endpoint" time="0.106" /><testcase classname="backend.tests.test_composer_soundtrack_premiere.TestWizardSteps" name="test_equipment_endpoint" time="0.055" /><testcase classname="backend.tests.test_composer_soundtrack_premiere.TestWizardSteps" name="test_screenwriters_endpoint" time="0.110" /><testcase classname="backend.tests.test_composer_soundtrack_premiere.TestWizardSteps" name="test_directors_endpoint" time="0.066" /><testcase classname="backend.tests.test_composer_soundtrack_premiere.TestWizardSteps" name="test_composers_for_step6" time="0.066" /><testcase classname="backend.tests.test_composer_soundtrack_premiere.TestWizardSteps" name="test_actors_endpoint" time="0.068" /><testcase classname="backend.tests.test_composer_soundtrack_premiere.TestIntegration" name="test_user_me_endpoint" time="0.057" /><testcase classname="backend.tests.test_composer_soundtrack_premiere.TestIntegration" name="test_my_films_endpoint" time="0.068" /></testsuite></testsuites>