<?xml version="1.0" encoding="utf-8"?><testsuites name="pytest tests"><testsuite name="pytest" errors="0" failures="0" skipped="0" tests="16" time="9.290" timestamp="2026-03-14T15:19:17.583607+00:00" hostname="agent-env-67ece9f2-5d69-4876-9c4c-75a2eb216ea4"><testcase classname="backend.tests.test_iter56_step4_cinepass.TestStep4CinePassChallenges" name="test_challenge_limits_endpoint_exists" time="0.683" /><testcase classname="backend.tests.test_iter56_step4_cinepass.TestStep4CinePassChallenges" name="test_challenge_limits_returns_hourly_limit" time="0.523" /><testcase classname="backend.tests.test_iter56_step4_cinepass.TestStep4CinePassChallenges" name="test_challenge_limits_returns_daily_limit" time="0.527" /><testcase classname="backend.tests.test_iter56_step4_cinepass.TestStep4CinePassChallenges" name="test_challenge_limits_returns_cinepass_reward" time="0.575" /><testcase classname="backend.tests.test_iter56_step4_cinepass.TestStep4CinePassChallenges" name="test_upgrade_info_returns_cinepass_cost" time="0.556" /><testcase classname="backend.tests.test_iter56_step4_cinepass.TestStep4CinePassChallenges" name="test_upgrade_info_returns_user_cinepass" time="0.489" /><testcase classname="backend.tests.test_iter56_step4_cinepass.TestStep4CinePassChallenges" name="test_upgrade_info_cinepass_cost_is_exponential" time="0.509" /><testcase classname="backend.tests.test_iter56_step4_cinepass.TestStep4CinePassChallenges" name="test_upgrade_info_can_upgrade_checks_cinepass" time="0.487" /><testcase classname="backend.tests.test_iter56_step4_cinepass.TestStep4CinePassChallenges" name="test_upgrade_checks_cinepass_balance" time="0.556" /><testcase classname="backend.tests.test_iter56_step4_cinepass.TestStep4CinePassChallenges" name="test_offline_battle_response_includes_cinepass_reward" time="1.426" /><testcase classname="backend.tests.test_iter56_step4_cinepass.TestStep4CinePassChallenges" name="test_challenge_limits_enforcement_hourly" time="0.543" /><testcase classname="backend.tests.test_iter56_step4_cinepass.TestStep4CinePassChallenges" name="test_challenge_limits_enforcement_daily" time="0.490" /><testcase classname="backend.tests.test_iter56_step4_cinepass.TestCinePassUpgradeCostCalculation" name="test_cinepass_cost_for_level_1_infrastructure" time="0.421" /><testcase classname="backend.tests.test_iter56_step4_cinepass.TestCinePassUpgradeCostCalculation" name="test_cinepass_cost_for_level_2_infrastructure" time="0.475" /><testcase classname="backend.tests.test_iter56_step4_cinepass.TestCinePassUpgradeCostCalculation" name="test_cinepass_cost_for_level_3_infrastructure" time="0.504" /><testcase classname="backend.tests.test_iter56_step4_cinepass.TestCinePassUpgradeCostCalculation" name="test_cinepass_cost_increases_exponentially" time="0.443" /></testsuite></testsuites>