<?xml version="1.0" encoding="utf-8"?><testsuites name="pytest tests"><testsuite name="pytest" errors="0" failures="0" skipped="0" tests="13" time="25.876" timestamp="2026-04-03T22:42:46.821343+00:00" hostname="agent-env-1704aad9-6d56-43a4-87d5-7311b198170b"><testcase classname="backend.tests.test_avatar_generation.TestAvatarImageServing" name="test_serve_existing_avatar_returns_200" time="3.683" /><testcase classname="backend.tests.test_avatar_generation.TestAvatarImageServing" name="test_serve_existing_avatar_content_type" time="0.068" /><testcase classname="backend.tests.test_avatar_generation.TestAvatarImageServing" name="test_serve_existing_avatar_has_content" time="0.077" /><testcase classname="backend.tests.test_avatar_generation.TestAvatarImageServing" name="test_serve_nonexistent_avatar_returns_404" time="0.052" /><testcase classname="backend.tests.test_avatar_generation.TestAvatarUpdate" name="test_update_avatar_requires_auth" time="0.052" /><testcase classname="backend.tests.test_avatar_generation.TestAvatarUpdate" name="test_update_avatar_with_auth" time="0.903" /><testcase classname="backend.tests.test_avatar_generation.TestAvatarUpdate" name="test_update_avatar_persists" time="0.279" /><testcase classname="backend.tests.test_avatar_generation.TestLoginAvatarFormat" name="test_login_returns_avatar_url" time="0.498" /><testcase classname="backend.tests.test_avatar_generation.TestLoginAvatarFormat" name="test_login_avatar_url_format" time="0.503" /><testcase classname="backend.tests.test_avatar_generation.TestAvatarGeneration" name="test_generate_avatar_requires_auth" time="0.046" /><testcase classname="backend.tests.test_avatar_generation.TestAvatarGeneration" name="test_generate_avatar_with_auth" time="18.885" /><testcase classname="backend.tests.test_avatar_generation.TestAuthMeAvatarFormat" name="test_auth_me_returns_avatar_url" time="0.367" /><testcase classname="backend.tests.test_avatar_generation.TestAuthMeAvatarFormat" name="test_auth_me_avatar_is_accessible" time="0.387" /></testsuite></testsuites>