<?xml version="1.0" encoding="utf-8"?><testsuites name="pytest tests"><testsuite name="pytest" errors="0" failures="0" skipped="4" tests="11" time="5.545" timestamp="2026-03-11T12:18:57.774755+00:00" hostname="agent-env-543cc70b-263f-42be-b6db-efda7343d7d7"><testcase classname="backend.tests.test_iter38_features.TestAuthentication" name="test_login_success" time="0.481" /><testcase classname="backend.tests.test_iter38_features.TestAuthentication" name="test_login_invalid_credentials" time="0.116" /><testcase classname="backend.tests.test_iter38_features.TestTrailerCostAPI" name="test_trailer_cost_duration_4" time="0.466"><skipped type="pytest.skip" message="No films available for user">/app/backend/tests/test_iter38_features.py:67: No films available for user</skipped></testcase><testcase classname="backend.tests.test_iter38_features.TestTrailerCostAPI" name="test_trailer_cost_duration_8" time="0.439"><skipped type="pytest.skip" message="No films available for user">/app/backend/tests/test_iter38_features.py:85: No films available for user</skipped></testcase><testcase classname="backend.tests.test_iter38_features.TestTrailerCostAPI" name="test_trailer_cost_duration_12" time="0.494"><skipped type="pytest.skip" message="No films available for user">/app/backend/tests/test_iter38_features.py:102: No films available for user</skipped></testcase><testcase classname="backend.tests.test_iter38_features.TestTrailerCostAPI" name="test_trailer_cost_different_durations" time="0.429"><skipped type="pytest.skip" message="No films available for user">/app/backend/tests/test_iter38_features.py:119: No films available for user</skipped></testcase><testcase classname="backend.tests.test_iter38_features.TestTrailerCostAPI" name="test_trailer_cost_invalid_film" time="0.565" /><testcase classname="backend.tests.test_iter38_features.TestCastOfferSystem" name="test_get_available_cast" time="0.447" /><testcase classname="backend.tests.test_iter38_features.TestCastOfferSystem" name="test_cast_offer_endpoint" time="0.575" /><testcase classname="backend.tests.test_iter38_features.TestCastOfferSystem" name="test_cast_renegotiation_flow" time="0.763" /><testcase classname="backend.tests.test_iter38_features.TestCastNationalities" name="test_check_nationalities_in_cast" time="0.698" /></testsuite></testsuites>