<?xml version="1.0" encoding="utf-8"?><testsuites name="pytest tests"><testsuite name="pytest" errors="0" failures="0" skipped="0" tests="13" time="11.331" timestamp="2026-03-10T21:09:48.824077+00:00" hostname="agent-env-2f3ede6d-6744-457c-8b7e-02d883e1ad05"><testcase classname="backend.tests.test_online_users_friends.TestOnlineUsersSystem" name="test_heartbeat_updates_online_status" time="0.833" /><testcase classname="backend.tests.test_online_users_friends.TestOnlineUsersSystem" name="test_heartbeat_requires_auth" time="0.779" /><testcase classname="backend.tests.test_online_users_friends.TestOnlineUsersSystem" name="test_get_online_users_returns_bots" time="0.750" /><testcase classname="backend.tests.test_online_users_friends.TestOnlineUsersSystem" name="test_online_users_excludes_current_user" time="1.281" /><testcase classname="backend.tests.test_online_users_friends.TestOnlineUsersSystem" name="test_online_users_shows_other_online_users" time="1.374" /><testcase classname="backend.tests.test_online_users_friends.TestOnlineUsersSystem" name="test_full_profile_returns_user_data" time="0.788" /><testcase classname="backend.tests.test_online_users_friends.TestOnlineUsersSystem" name="test_full_profile_stats_structure" time="0.726" /><testcase classname="backend.tests.test_online_users_friends.TestOnlineUsersSystem" name="test_full_profile_is_own_profile_flag" time="0.855" /><testcase classname="backend.tests.test_online_users_friends.TestOnlineUsersSystem" name="test_full_profile_not_found" time="0.780" /><testcase classname="backend.tests.test_online_users_friends.TestOnlineUsersSystem" name="test_friend_request_payload_user_id" time="0.797" /><testcase classname="backend.tests.test_online_users_friends.TestOnlineUsersSystem" name="test_friend_request_payload_friend_id_fails" time="0.737" /><testcase classname="backend.tests.test_online_users_friends.TestOnlineUsersSystem" name="test_friend_request_cannot_friend_self" time="0.770" /><testcase classname="backend.tests.test_online_users_friends.TestOnlineUsersSystem" name="test_friend_request_requires_auth" time="0.787" /></testsuite></testsuites>