<?xml version="1.0" encoding="utf-8"?><testsuites name="pytest tests"><testsuite name="pytest" errors="0" failures="0" skipped="2" tests="10" time="7.298" timestamp="2026-03-10T08:08:29.976941+00:00" hostname="agent-env-b976d0ff-25ef-4fe7-8a70-2e097afb7780"><testcase classname="backend.tests.test_tier_like_existing.TestLikeSystem" name="test_like_other_users_film" time="2.437" /><testcase classname="backend.tests.test_tier_like_existing.TestLikeSystem" name="test_unlike_toggles" time="0.215" /><testcase classname="backend.tests.test_tier_like_existing.TestLikersAPI" name="test_get_likers_for_film" time="0.212" /><testcase classname="backend.tests.test_tier_like_existing.TestLikersAPI" name="test_film_with_most_likes" time="0.098" /><testcase classname="backend.tests.test_tier_like_existing.TestSelfLikeBlocking" name="test_self_like_blocked_via_api" time="0.097"><skipped type="pytest.skip" message="Test user has no films to test self-like blocking">/app/backend/tests/test_tier_like_existing.py:187: Test user has no films to test self-like blocking</skipped></testcase><testcase classname="backend.tests.test_tier_like_existing.TestTierExpectationsAPI" name="test_tier_expectations_non_owner_returns_404" time="0.102" /><testcase classname="backend.tests.test_tier_like_existing.TestTierExpectationsAPI" name="test_tier_expectations_on_owned_film" time="0.098"><skipped type="pytest.skip" message="Test user has no films">/app/backend/tests/test_tier_like_existing.py:243: Test user has no films</skipped></testcase><testcase classname="backend.tests.test_tier_like_existing.TestCineBoardEndpoints" name="test_now_playing_includes_likes" time="1.829" /><testcase classname="backend.tests.test_tier_like_existing.TestCineBoardEndpoints" name="test_hall_of_fame_endpoint" time="1.927" /><testcase classname="backend.tests.test_tier_like_existing.TestFilmDetailWithLikes" name="test_film_detail_has_likes_count" time="0.206" /></testsuite></testsuites>