<?xml version="1.0" encoding="utf-8"?><testsuites name="pytest tests"><testsuite name="pytest" errors="0" failures="0" skipped="0" tests="8" time="2.797" timestamp="2026-03-17T19:42:53.990279+00:00" hostname="agent-env-96f63a15-b024-4b05-9870-065cc07e7758"><testcase classname="backend.tests.test_film_pipeline_iter75.TestFilmPipelineAPI" name="test_genres_endpoint" time="0.854" /><testcase classname="backend.tests.test_film_pipeline_iter75.TestFilmPipelineAPI" name="test_locations_endpoint" time="0.121" /><testcase classname="backend.tests.test_film_pipeline_iter75.TestFilmPipelineAPI" name="test_film_pipeline_counts" time="0.132" /><testcase classname="backend.tests.test_film_pipeline_iter75.TestFilmPipelineAPI" name="test_create_film_with_arrays" time="0.490" /><testcase classname="backend.tests.test_film_pipeline_iter75.TestFilmPipelineAPI" name="test_marketplace_endpoint" time="0.159" /><testcase classname="backend.tests.test_film_pipeline_iter75.TestFilmPipelineAPI" name="test_proposals_endpoint" time="0.130" /><testcase classname="backend.tests.test_film_pipeline_iter75.TestFilmPipelineModel" name="test_validation_subgenres_not_list" time="0.699" /><testcase classname="backend.tests.test_film_pipeline_iter75.TestFilmPipelineModel" name="test_validation_locations_not_list" time="0.137" /></testsuite></testsuites>