<?xml version="1.0" encoding="utf-8"?><testsuites name="pytest tests"><testsuite name="pytest" errors="0" failures="0" skipped="0" tests="13" time="1.705" timestamp="2026-03-22T00:39:40.643905+00:00" hostname="agent-env-46034e3d-caad-44e8-b0b8-0918d7d8a3ee"><testcase classname="backend.tests.test_iter109_series_release_bugfix.TestAuth" name="test_login_success" time="0.543" /><testcase classname="backend.tests.test_iter109_series_release_bugfix.TestCodeReviewPosterGeneration" name="test_series_pipeline_uses_number_of_images" time="0.001" /><testcase classname="backend.tests.test_iter109_series_release_bugfix.TestCodeReviewPosterGeneration" name="test_film_pipeline_uses_number_of_images" time="0.000" /><testcase classname="backend.tests.test_iter109_series_release_bugfix.TestCodeReviewPosterGeneration" name="test_no_b64_json_in_series_pipeline" time="0.000" /><testcase classname="backend.tests.test_iter109_series_release_bugfix.TestCodeReviewPosterGeneration" name="test_no_b64_json_in_film_pipeline" time="0.000" /><testcase classname="backend.tests.test_iter109_series_release_bugfix.TestSeriesReleaseResponseFormat" name="test_series_release_endpoint_exists" time="0.605" /><testcase classname="backend.tests.test_iter109_series_release_bugfix.TestSeriesReleaseResponseFormat" name="test_generate_poster_endpoint_exists" time="0.120" /><testcase classname="backend.tests.test_iter109_series_release_bugfix.TestSeriesReleaseCodeReview" name="test_release_function_single_db_update" time="0.000" /><testcase classname="backend.tests.test_iter109_series_release_bugfix.TestSeriesReleaseCodeReview" name="test_release_function_returns_release_event" time="0.000" /><testcase classname="backend.tests.test_iter109_series_release_bugfix.TestSeriesReleaseCodeReview" name="test_release_function_returns_audience_fields" time="0.000" /><testcase classname="backend.tests.test_iter109_series_release_bugfix.TestCompletedSeriesData" name="test_get_completed_series" time="0.108" /><testcase classname="backend.tests.test_iter109_series_release_bugfix.TestPosterGenerationEndpoint" name="test_poster_status_endpoint" time="0.258" /><testcase classname="backend.tests.test_iter109_series_release_bugfix.TestFrontendIntegration" name="test_frontend_release_handler_exists" time="0.000" /></testsuite></testsuites>