<?xml version="1.0" encoding="utf-8"?><testsuites name="pytest tests"><testsuite name="pytest" errors="0" failures="0" skipped="0" tests="15" time="3.428" timestamp="2026-03-14T05:52:39.046515+00:00" hostname="agent-env-d445af42-0917-4e32-a7af-3877a7b4bbe0"><testcase classname="backend.tests.test_acting_school.TestActingSchoolStatus" name="test_status_returns_school_info_when_user_has_school" time="0.958" /><testcase classname="backend.tests.test_acting_school.TestActingSchoolStatus" name="test_status_shows_training_progress" time="0.067" /><testcase classname="backend.tests.test_acting_school.TestActingSchoolStatus" name="test_status_kept_actors_have_required_fields" time="0.053" /><testcase classname="backend.tests.test_acting_school.TestActingSchoolRecruits" name="test_recruits_generates_daily_recruits" time="0.095" /><testcase classname="backend.tests.test_acting_school.TestActingSchoolRecruits" name="test_recruits_have_required_fields" time="0.054" /><testcase classname="backend.tests.test_acting_school.TestActingSchoolRecruits" name="test_recruits_hidden_talent_not_exposed" time="0.058" /><testcase classname="backend.tests.test_acting_school.TestActingSchoolTraining" name="test_train_requires_valid_recruit_id" time="0.052" /><testcase classname="backend.tests.test_acting_school.TestActingSchoolTraining" name="test_train_deducts_cost_200k" time="0.333" /><testcase classname="backend.tests.test_acting_school.TestActingSchoolComplete" name="test_complete_requires_ready_status" time="0.131" /><testcase classname="backend.tests.test_acting_school.TestActingSchoolComplete" name="test_complete_with_invalid_action" time="0.059" /><testcase classname="backend.tests.test_acting_school.TestPersonalCastInActorsList" name="test_actors_endpoint_returns_personal_cast_first" time="0.071" /><testcase classname="backend.tests.test_acting_school.TestPersonalCastInActorsList" name="test_actors_endpoint_returns_standard_fields" time="0.066" /><testcase classname="backend.tests.test_acting_school.TestInfrastructurePurchaseCinemaSchool" name="test_infrastructure_types_includes_cinema_school" time="0.052" /><testcase classname="backend.tests.test_acting_school.TestInfrastructurePurchaseCinemaSchool" name="test_user_has_cinema_school_infrastructure" time="1.120" /><testcase classname="backend.tests.test_acting_school.TestActorSkillTranslations" name="test_all_actor_skills_present_in_recruits" time="0.061" /></testsuite></testsuites>