<?xml version="1.0" encoding="utf-8"?><testsuites name="pytest tests"><testsuite name="pytest" errors="0" failures="0" skipped="0" tests="21" time="3.483" timestamp="2026-03-23T09:57:48.829396+00:00" hostname="agent-env-6070ce2f-36c1-4894-9894-3b6461072960"><testcase classname="backend.tests.test_iter129_pvp_hq.TestPvPStatus" name="test_pvp_status_returns_200" time="0.663" /><testcase classname="backend.tests.test_iter129_pvp_hq.TestPvPStatus" name="test_pvp_status_has_divisions" time="0.108" /><testcase classname="backend.tests.test_iter129_pvp_hq.TestPvPStatus" name="test_pvp_status_division_structure" time="0.096" /><testcase classname="backend.tests.test_iter129_pvp_hq.TestPvPStatus" name="test_pvp_status_player_info" time="0.102" /><testcase classname="backend.tests.test_iter129_pvp_hq.TestPvPStatus" name="test_pvp_status_upgrade_costs" time="0.110" /><testcase classname="backend.tests.test_iter129_pvp_hq.TestPvPUpgrade" name="test_upgrade_invalid_division" time="0.140" /><testcase classname="backend.tests.test_iter129_pvp_hq.TestPvPUpgrade" name="test_upgrade_investigative_fails_level_requirement" time="0.255" /><testcase classname="backend.tests.test_iter129_pvp_hq.TestPvPUpgrade" name="test_upgrade_operative_fails_level_requirement" time="0.208" /><testcase classname="backend.tests.test_iter129_pvp_hq.TestPvPUpgrade" name="test_upgrade_legal_fails_requirements" time="0.198" /><testcase classname="backend.tests.test_iter129_pvp_hq.TestPvPInvestigate" name="test_investigate_fails_without_division" time="0.213" /><testcase classname="backend.tests.test_iter129_pvp_hq.TestPvPCounterBoycott" name="test_counter_boycott_fails_without_division" time="0.204" /><testcase classname="backend.tests.test_iter129_pvp_hq.TestPvPCounterBoycott" name="test_counter_boycott_invalid_mode" time="0.108" /><testcase classname="backend.tests.test_iter129_pvp_hq.TestPvPLegalAction" name="test_legal_action_fails_without_division" time="0.192" /><testcase classname="backend.tests.test_iter129_pvp_hq.TestPvPLegalHistory" name="test_legal_history_returns_200" time="0.097" /><testcase classname="backend.tests.test_iter129_pvp_hq.TestPvPLegalHistory" name="test_legal_history_structure" time="0.103" /><testcase classname="backend.tests.test_iter129_pvp_hq.TestPvPEndpointsRequireAuth" name="test_pvp_status_requires_auth" time="0.108" /><testcase classname="backend.tests.test_iter129_pvp_hq.TestPvPEndpointsRequireAuth" name="test_pvp_upgrade_requires_auth" time="0.095" /><testcase classname="backend.tests.test_iter129_pvp_hq.TestPvPEndpointsRequireAuth" name="test_pvp_investigate_requires_auth" time="0.093" /><testcase classname="backend.tests.test_iter129_pvp_hq.TestPvPEndpointsRequireAuth" name="test_pvp_counter_boycott_requires_auth" time="0.098" /><testcase classname="backend.tests.test_iter129_pvp_hq.TestPvPEndpointsRequireAuth" name="test_pvp_legal_action_requires_auth" time="0.102" /><testcase classname="backend.tests.test_iter129_pvp_hq.TestPvPEndpointsRequireAuth" name="test_pvp_legal_history_requires_auth" time="0.102" /></testsuite></testsuites>