<?xml version="1.0" encoding="utf-8"?><testsuites name="pytest tests"><testsuite name="pytest" errors="0" failures="0" skipped="0" tests="7" time="1.327" timestamp="2026-03-17T21:26:11.443475+00:00" hostname="agent-env-c21ffbfe-977a-4794-85dd-c455cfcb47ef"><testcase classname="tests.test_iter79_casting_features.TestCastingEnhancements" name="test_casting_films_available" time="0.766" /><testcase classname="tests.test_iter79_casting_features.TestCastingEnhancements" name="test_actor_proposals_have_new_fields" time="0.068" /><testcase classname="tests.test_iter79_casting_features.TestCastingEnhancements" name="test_actor_proposals_doubled_count" time="0.074" /><testcase classname="tests.test_iter79_casting_features.TestCastingEnhancements" name="test_director_proposals_have_new_fields" time="0.071" /><testcase classname="tests.test_iter79_casting_features.TestCastingEnhancements" name="test_fame_labels_italian" time="0.068" /><testcase classname="tests.test_iter79_casting_features.TestPipelineCounts" name="test_get_pipeline_counts" time="0.067" /><testcase classname="tests.test_iter79_casting_features.TestTopNavigation" name="test_nav_items_accessible" time="0.136" /></testsuite></testsuites>