<?xml version="1.0" encoding="utf-8"?><testsuites name="pytest tests"><testsuite name="pytest" errors="0" failures="0" skipped="0" tests="14" time="3.618" timestamp="2026-03-24T14:14:50.362602+00:00" hostname="agent-env-1ce38715-b0ba-4701-b7bb-96e4b87cfafd"><testcase classname="backend.tests.test_iter147_release_mode_step_navigation.TestAuth" name="test_login_success" time="0.396" /><testcase classname="backend.tests.test_iter147_release_mode_step_navigation.TestReleaseModeBalancing" name="test_get_user_films" time="0.515" /><testcase classname="backend.tests.test_iter147_release_mode_step_navigation.TestReleaseModeBalancing" name="test_get_completed_films" time="0.129" /><testcase classname="backend.tests.test_iter147_release_mode_step_navigation.TestReleaseModeBalancing" name="test_film_pipeline_counts" time="0.120" /><testcase classname="backend.tests.test_iter147_release_mode_step_navigation.TestReleaseModeBalancing" name="test_get_proposals" time="0.130" /><testcase classname="backend.tests.test_iter147_release_mode_step_navigation.TestFilmCreationWithReleaseType" name="test_draft_with_immediate_release_type" time="0.702" /><testcase classname="backend.tests.test_iter147_release_mode_step_navigation.TestFilmCreationWithReleaseType" name="test_draft_with_coming_soon_release_type" time="0.242" /><testcase classname="backend.tests.test_iter147_release_mode_step_navigation.TestFilmStepNavigation" name="test_get_all_films_for_step_navigation" time="0.548" /><testcase classname="backend.tests.test_iter147_release_mode_step_navigation.TestFilmStepNavigation" name="test_get_casting_films" time="0.133" /><testcase classname="backend.tests.test_iter147_release_mode_step_navigation.TestReleaseModeEndpoints" name="test_get_draft_endpoint" time="0.473" /><testcase classname="backend.tests.test_iter147_release_mode_step_navigation.TestReleaseModeEndpoints" name="test_rescue_lost_films_endpoint" time="0.128" /><testcase classname="backend.tests.test_iter147_release_mode_step_navigation.TestCodeReview" name="test_release_mode_balancing_code_exists" time="0.001" /><testcase classname="backend.tests.test_iter147_release_mode_step_navigation.TestCodeReview" name="test_release_mode_selector_code_exists" time="0.000" /><testcase classname="backend.tests.test_iter147_release_mode_step_navigation.TestCodeReview" name="test_film_step_bar_navigation_code_exists" time="0.000" /></testsuite></testsuites>