<?xml version="1.0" encoding="utf-8"?><testsuites name="pytest tests"><testsuite name="pytest" errors="0" failures="0" skipped="0" tests="20" time="5.187" timestamp="2026-03-16T08:19:33.604678+00:00" hostname="agent-env-0aa8407c-be23-4105-8a26-c42246ab33df"><testcase classname="backend.tests.test_iter62_film_distribution.TestFilmDistributionSystem" name="test_get_pending_films_returns_200" time="0.634" /><testcase classname="backend.tests.test_iter62_film_distribution.TestFilmDistributionSystem" name="test_get_pending_films_returns_list" time="0.112" /><testcase classname="backend.tests.test_iter62_film_distribution.TestFilmDistributionSystem" name="test_pending_films_have_pending_release_status" time="0.100" /><testcase classname="backend.tests.test_iter62_film_distribution.TestFilmDistributionSystem" name="test_pending_films_have_required_fields" time="0.110" /><testcase classname="backend.tests.test_iter62_film_distribution.TestFilmDistributionSystem" name="test_get_distribution_config_returns_200" time="0.138" /><testcase classname="backend.tests.test_iter62_film_distribution.TestFilmDistributionSystem" name="test_distribution_config_has_zones" time="0.161" /><testcase classname="backend.tests.test_iter62_film_distribution.TestFilmDistributionSystem" name="test_distribution_config_has_all_three_zones" time="0.106" /><testcase classname="backend.tests.test_iter62_film_distribution.TestFilmDistributionSystem" name="test_distribution_zones_have_costs" time="0.099" /><testcase classname="backend.tests.test_iter62_film_distribution.TestFilmDistributionSystem" name="test_distribution_config_has_countries" time="0.107" /><testcase classname="backend.tests.test_iter62_film_distribution.TestFilmDistributionSystem" name="test_distribution_config_has_continents" time="0.107" /><testcase classname="backend.tests.test_iter62_film_distribution.TestFilmDistributionSystem" name="test_distribution_config_has_studio_country" time="0.098" /><testcase classname="backend.tests.test_iter62_film_distribution.TestFilmDistributionSystem" name="test_release_film_requires_pending_status" time="0.494" /><testcase classname="backend.tests.test_iter62_film_distribution.TestFilmDistributionSystem" name="test_release_film_validates_zone" time="0.215" /><testcase classname="backend.tests.test_iter62_film_distribution.TestFilmDistributionSystem" name="test_release_continental_requires_continent" time="0.233" /><testcase classname="backend.tests.test_iter62_film_distribution.TestFilmDistributionSystem" name="test_release_national_success" time="1.440" /><testcase classname="backend.tests.test_iter62_film_distribution.TestFilmDistributionSystem" name="test_film_disappears_from_pending_after_release" time="0.107" /><testcase classname="backend.tests.test_iter62_film_distribution.TestDistributionZoneDetails" name="test_national_zone_revenue_multiplier" time="0.526" /><testcase classname="backend.tests.test_iter62_film_distribution.TestDistributionZoneDetails" name="test_continental_zone_revenue_multiplier" time="0.101" /><testcase classname="backend.tests.test_iter62_film_distribution.TestDistributionZoneDetails" name="test_world_zone_revenue_multiplier" time="0.109" /><testcase classname="backend.tests.test_iter62_film_distribution.TestDistributionZoneDetails" name="test_zones_have_audience_multiplier" time="0.105" /></testsuite></testsuites>