<?xml version="1.0" encoding="utf-8"?><testsuites name="pytest tests"><testsuite name="pytest" errors="0" failures="0" skipped="1" tests="11" time="4.873" timestamp="2026-03-10T16:08:30.789976+00:00" hostname="agent-env-17168dde-feff-4859-ae02-bc09d50c8773"><testcase classname="backend.tests.test_ceremony_video_trailer.TestCeremonyVideoEndpoints" name="test_ceremony_video_endpoint_returns_available_false" time="0.596" /><testcase classname="backend.tests.test_ceremony_video_trailer.TestCeremonyVideoEndpoints" name="test_generate_ceremony_video_requires_all_announced" time="0.448" /><testcase classname="backend.tests.test_ceremony_video_trailer.TestCeremonyVideoEndpoints" name="test_ceremony_video_download_requires_existing_video" time="0.471" /><testcase classname="backend.tests.test_ceremony_video_trailer.TestCeremonyVideoEndpoints" name="test_ceremony_video_endpoint_unauthenticated" time="0.208" /><testcase classname="backend.tests.test_ceremony_video_trailer.TestTrailerDownloadEndpoint" name="test_trailer_download_nonexistent_film_returns_404" time="0.471" /><testcase classname="backend.tests.test_ceremony_video_trailer.TestTrailerDownloadEndpoint" name="test_trailer_download_requires_authentication" time="0.125" /><testcase classname="backend.tests.test_ceremony_video_trailer.TestTrailerDownloadEndpoint" name="test_trailer_download_film_without_trailer" time="0.489"><skipped type="pytest.skip" message="Could not get user films">/app/backend/tests/test_ceremony_video_trailer.py:155: Could not get user films</skipped></testcase><testcase classname="backend.tests.test_ceremony_video_trailer.TestSchedulerConfiguration" name="test_health_endpoint_or_root_responds" time="0.612" /><testcase classname="backend.tests.test_ceremony_video_trailer.TestFestivalIntegration" name="test_get_festival_list" time="0.446" /><testcase classname="backend.tests.test_ceremony_video_trailer.TestFestivalIntegration" name="test_get_festival_detail_golden_stars" time="0.481" /><testcase classname="backend.tests.test_ceremony_video_trailer.TestFestivalIntegration" name="test_check_category_announcement_status" time="0.460" /></testsuite></testsuites>