<?xml version="1.0" encoding="utf-8"?><testsuites name="pytest tests"><testsuite name="pytest" errors="0" failures="0" skipped="3" tests="9" time="7.164" timestamp="2026-03-17T16:49:01.955061+00:00" hostname="agent-env-7db01193-e5df-4250-9ef6-14614864395c"><testcase classname="backend.tests.test_bug_fixes_iter72.TestInfrastructureTypes" name="test_infrastructure_types_has_already_owned_flag" time="0.852" /><testcase classname="backend.tests.test_bug_fixes_iter72.TestInfrastructureTypes" name="test_purchase_cinema_school_blocked_when_owned" time="0.697" /><testcase classname="backend.tests.test_bug_fixes_iter72.TestInfrastructureTypes" name="test_purchase_production_studio_blocked_when_owned" time="0.646" /><testcase classname="backend.tests.test_bug_fixes_iter72.TestContestsAPI" name="test_contests_list" time="0.656" /><testcase classname="backend.tests.test_bug_fixes_iter72.TestContestsAPI" name="test_start_available_contest_and_check_structure" time="0.819"><skipped type="pytest.skip" message="No available contests to test">/app/backend/tests/test_bug_fixes_iter72.py:150: No available contests to test</skipped></testcase><testcase classname="backend.tests.test_bug_fixes_iter72.TestBoxOfficeChallenge" name="test_box_office_has_challenge_type_field" time="1.050"><skipped type="pytest.skip" message="Box office contest already completed today">/app/backend/tests/test_bug_fixes_iter72.py:236: Box office contest already completed today</skipped></testcase><testcase classname="backend.tests.test_bug_fixes_iter72.TestTriviaChallenge" name="test_trivia_options_shuffled" time="0.701" /><testcase classname="backend.tests.test_bug_fixes_iter72.TestCastMatchChallenge" name="test_cast_match_has_skill_hints" time="1.011"><skipped type="pytest.skip" message="Cast match contest not available: Contest già completato!">/app/backend/tests/test_bug_fixes_iter72.py:344: Cast match contest not available: Contest già completato!</skipped></testcase><testcase classname="backend.tests.test_bug_fixes_iter72.TestActingSchoolCastingStudents" name="test_casting_students_endpoint" time="0.647" /></testsuite></testsuites>