<?xml version="1.0" encoding="utf-8"?><testsuites name="pytest tests"><testsuite name="pytest" errors="0" failures="0" skipped="0" tests="19" time="6.667" timestamp="2026-03-22T07:49:50.021550+00:00" hostname="agent-env-3139c236-24c5-4a1d-be2e-d00a3e0ddc12"><testcase classname="backend.tests.test_iter112_admin_panel.TestAdminAuth" name="test_admin_login_success" time="0.661" /><testcase classname="backend.tests.test_iter112_admin_panel.TestAdminAuth" name="test_admin_search_users_requires_auth" time="0.127" /><testcase classname="backend.tests.test_iter112_admin_panel.TestAdminAuth" name="test_admin_all_films_requires_auth" time="0.103" /><testcase classname="backend.tests.test_iter112_admin_panel.TestNonAdminAccess" name="test_non_admin_cannot_search_users" time="0.425" /><testcase classname="backend.tests.test_iter112_admin_panel.TestNonAdminAccess" name="test_non_admin_cannot_get_all_films" time="0.109" /><testcase classname="backend.tests.test_iter112_admin_panel.TestNonAdminAccess" name="test_non_admin_cannot_delete_user" time="0.119" /><testcase classname="backend.tests.test_iter112_admin_panel.TestNonAdminAccess" name="test_non_admin_cannot_delete_film" time="0.095" /><testcase classname="backend.tests.test_iter112_admin_panel.TestAdminSearchUsers" name="test_search_users_returns_list" time="0.600" /><testcase classname="backend.tests.test_iter112_admin_panel.TestAdminSearchUsers" name="test_search_users_with_query" time="0.098" /><testcase classname="backend.tests.test_iter112_admin_panel.TestAdminSearchUsers" name="test_search_users_response_fields" time="0.105" /><testcase classname="backend.tests.test_iter112_admin_panel.TestAdminAllFilms" name="test_all_films_returns_list" time="0.632" /><testcase classname="backend.tests.test_iter112_admin_panel.TestAdminAllFilms" name="test_all_films_with_search" time="0.145" /><testcase classname="backend.tests.test_iter112_admin_panel.TestAdminAllFilms" name="test_all_films_response_fields" time="0.102" /><testcase classname="backend.tests.test_iter112_admin_panel.TestAdminDeleteUser" name="test_admin_cannot_delete_self" time="1.057" /><testcase classname="backend.tests.test_iter112_admin_panel.TestAdminDeleteUser" name="test_delete_nonexistent_user" time="0.100" /><testcase classname="backend.tests.test_iter112_admin_panel.TestAdminDeleteUser" name="test_delete_user_cascade" time="0.544" /><testcase classname="backend.tests.test_iter112_admin_panel.TestAdminDeleteFilm" name="test_delete_nonexistent_film" time="0.541" /><testcase classname="backend.tests.test_iter112_admin_panel.TestAdminDeleteFilm" name="test_delete_film_response_structure" time="0.299" /><testcase classname="backend.tests.test_iter112_admin_panel.TestCleanup" name="test_cleanup_test_users" time="0.713" /></testsuite></testsuites>