<?xml version="1.0" encoding="utf-8"?><testsuites name="pytest tests"><testsuite name="pytest" errors="0" failures="0" skipped="0" tests="21" time="4.250" timestamp="2026-03-10T17:40:02.545894+00:00" hostname="agent-env-17168dde-feff-4859-ae02-bc09d50c8773"><testcase classname="backend.tests.test_challenges_system.TestChallengeTypes" name="test_get_challenge_types_returns_5_types" time="0.671" /><testcase classname="backend.tests.test_challenges_system.TestChallengeTypes" name="test_challenge_types_have_required_fields" time="0.128" /><testcase classname="backend.tests.test_challenges_system.TestChallengeTypes" name="test_challenge_types_films_per_player_is_3" time="0.111" /><testcase classname="backend.tests.test_challenges_system.TestChallengeTypes" name="test_challenge_types_unauthorized" time="0.134" /><testcase classname="backend.tests.test_challenges_system.TestMyFilms" name="test_my_films_returns_list" time="0.165" /><testcase classname="backend.tests.test_challenges_system.TestMyFilms" name="test_my_films_calculates_skills_for_available_films" time="0.153" /><testcase classname="backend.tests.test_challenges_system.TestMyFilms" name="test_my_films_unauthorized" time="0.108" /><testcase classname="backend.tests.test_challenges_system.TestLeaderboard" name="test_leaderboard_returns_list" time="0.145" /><testcase classname="backend.tests.test_challenges_system.TestLeaderboard" name="test_leaderboard_entry_structure" time="0.145" /><testcase classname="backend.tests.test_challenges_system.TestLeaderboard" name="test_leaderboard_unauthorized" time="0.125" /><testcase classname="backend.tests.test_challenges_system.TestChallengeStats" name="test_stats_returns_user_stats" time="0.261" /><testcase classname="backend.tests.test_challenges_system.TestChallengeStats" name="test_stats_invalid_user" time="0.575" /><testcase classname="backend.tests.test_challenges_system.TestChallengeStats" name="test_stats_unauthorized" time="0.135" /><testcase classname="backend.tests.test_challenges_system.TestChallengeCreate" name="test_create_challenge_requires_3_films" time="0.271" /><testcase classname="backend.tests.test_challenges_system.TestChallengeCreate" name="test_create_challenge_validates_type" time="0.153" /><testcase classname="backend.tests.test_challenges_system.TestChallengeCreate" name="test_create_challenge_validates_film_ownership" time="0.111" /><testcase classname="backend.tests.test_challenges_system.TestChallengeCreate" name="test_create_challenge_unauthorized" time="0.111" /><testcase classname="backend.tests.test_challenges_system.TestChallengeSkills" name="test_skills_returns_8_skills" time="0.140" /><testcase classname="backend.tests.test_challenges_system.TestChallengeSkills" name="test_skills_have_weights" time="0.228" /><testcase classname="backend.tests.test_challenges_system.TestChallengesList" name="test_waiting_challenges_returns_list" time="0.185" /><testcase classname="backend.tests.test_challenges_system.TestChallengesList" name="test_my_challenges_returns_list" time="0.116" /></testsuite></testsuites>