<?xml version="1.0" encoding="utf-8"?><testsuites name="pytest tests"><testsuite name="pytest" errors="0" failures="0" skipped="0" tests="10" time="7.546" timestamp="2026-03-16T12:28:53.032084+00:00" hostname="agent-env-a015ad51-b518-4e95-80d5-e88ce825e4f7"><testcase classname="backend.tests.test_iter66_shooting_system.TestShootingSystemBackend" name="test_get_shooting_config" time="0.705" /><testcase classname="backend.tests.test_iter66_shooting_system.TestShootingSystemBackend" name="test_get_pending_films_includes_both_statuses" time="0.529" /><testcase classname="backend.tests.test_iter66_shooting_system.TestShootingSystemBackend" name="test_get_shooting_films" time="0.539" /><testcase classname="backend.tests.test_iter66_shooting_system.TestShootingSystemBackend" name="test_start_shooting_invalid_film_status" time="1.309" /><testcase classname="backend.tests.test_iter66_shooting_system.TestShootingSystemBackend" name="test_start_shooting_invalid_days" time="0.617" /><testcase classname="backend.tests.test_iter66_shooting_system.TestShootingSystemBackend" name="test_release_works_for_pending_release" time="1.583" /><testcase classname="backend.tests.test_iter66_shooting_system.TestShootingSystemBackend" name="test_release_works_for_ready_to_release" time="0.549" /><testcase classname="backend.tests.test_iter66_shooting_system.TestShootingSystemBackend" name="test_distribution_config" time="0.489" /><testcase classname="backend.tests.test_iter66_shooting_system.TestShootingFlowIntegration" name="test_shooting_cost_calculation" time="0.528" /><testcase classname="backend.tests.test_iter66_shooting_system.TestShootingFlowIntegration" name="test_early_end_cost_calculation" time="0.609" /></testsuite></testsuites>