<?xml version="1.0" encoding="utf-8"?><testsuites name="pytest tests"><testsuite name="pytest" errors="0" failures="0" skipped="4" tests="10" time="4.537" timestamp="2026-03-23T11:37:05.249619+00:00" hostname="agent-env-6070ce2f-36c1-4894-9894-3b6461072960"><testcase classname="backend.tests.test_iter131_fame_casting_bugs.TestFameAndCastingBugFixes" name="test_level_info_returns_fame" time="0.713" /><testcase classname="backend.tests.test_iter131_fame_casting_bugs.TestFameAndCastingBugFixes" name="test_level_info_fame_not_zero_for_active_player" time="0.415" /><testcase classname="backend.tests.test_iter131_fame_casting_bugs.TestFameAndCastingBugFixes" name="test_recalculate_fame_endpoint" time="0.395" /><testcase classname="backend.tests.test_iter131_fame_casting_bugs.TestFameAndCastingBugFixes" name="test_recalculate_fame_returns_default_for_new_user" time="0.385" /><testcase classname="backend.tests.test_iter131_fame_casting_bugs.TestFameAndCastingBugFixes" name="test_film_details_casting_proposals_have_person_data" time="0.404"><skipped type="pytest.skip" message="Test film not found - skipping casting proposal test">/app/backend/tests/test_iter131_fame_casting_bugs.py:127: Test film not found - skipping casting proposal test</skipped></testcase><testcase classname="backend.tests.test_iter131_fame_casting_bugs.TestFameAndCastingBugFixes" name="test_casting_proposal_person_has_required_fields" time="0.415"><skipped type="pytest.skip" message="Test film not found">/app/backend/tests/test_iter131_fame_casting_bugs.py:151: Test film not found</skipped></testcase><testcase classname="backend.tests.test_iter131_fame_casting_bugs.TestFameAndCastingBugFixes" name="test_casting_proposal_skills_have_values" time="0.362"><skipped type="pytest.skip" message="Test film not found">/app/backend/tests/test_iter131_fame_casting_bugs.py:199: Test film not found</skipped></testcase><testcase classname="backend.tests.test_iter131_fame_casting_bugs.TestFameAndCastingBugFixes" name="test_casting_proposal_fame_category_for_badge" time="0.360"><skipped type="pytest.skip" message="Test film not found">/app/backend/tests/test_iter131_fame_casting_bugs.py:241: Test film not found</skipped></testcase><testcase classname="backend.tests.test_iter131_fame_casting_bugs.TestFameAndCastingBugFixes" name="test_user_response_includes_fame" time="0.591" /><testcase classname="backend.tests.test_iter131_fame_casting_bugs.TestFameAndCastingBugFixes" name="test_hq_pvp_status_endpoint" time="0.402" /></testsuite></testsuites>