<?xml version="1.0" encoding="utf-8"?><testsuites name="pytest tests"><testsuite name="pytest" errors="0" failures="0" skipped="0" tests="11" time="60.672" timestamp="2026-03-10T20:23:28.807251+00:00" hostname="agent-env-2f3ede6d-6744-457c-8b7e-02d883e1ad05"><testcase classname="backend.tests.test_film_creation_fix.TestFilmCreationFix" name="test_get_actors_returns_array" time="0.550" /><testcase classname="backend.tests.test_film_creation_fix.TestFilmCreationFix" name="test_get_directors_returns_array" time="0.428" /><testcase classname="backend.tests.test_film_creation_fix.TestFilmCreationFix" name="test_get_screenwriters_returns_array" time="0.452" /><testcase classname="backend.tests.test_film_creation_fix.TestFilmCreationFix" name="test_get_composers_returns_array" time="0.458" /><testcase classname="backend.tests.test_film_creation_fix.TestFilmCreationFix" name="test_film_creation_succeeds_with_single_actor" time="8.356" /><testcase classname="backend.tests.test_film_creation_fix.TestFilmCreationFix" name="test_film_creation_with_multiple_actors" time="9.165" /><testcase classname="backend.tests.test_film_creation_fix.TestFilmCreationFix" name="test_film_creation_with_five_actors" time="6.613" /><testcase classname="backend.tests.test_film_creation_fix.TestFilmCreationFix" name="test_film_creation_returns_critic_reviews" time="6.242" /><testcase classname="backend.tests.test_film_creation_fix.TestFilmCreationFix" name="test_quality_score_is_calculated_correctly" time="8.245" /><testcase classname="backend.tests.test_film_creation_fix.TestFilmCreationFix" name="test_film_creation_with_all_equipment_packages" time="13.409" /><testcase classname="backend.tests.test_film_creation_fix.TestFilmCreationEdgeCases" name="test_film_creation_with_empty_actors_array" time="6.675" /></testsuite></testsuites>