<?xml version="1.0" encoding="utf-8"?><testsuites name="pytest tests"><testsuite name="pytest" errors="0" failures="0" skipped="0" tests="11" time="16.702" timestamp="2026-03-11T05:32:59.992223+00:00" hostname="agent-env-7bc6fd25-3408-4238-9c00-c690d5eff466"><testcase classname="backend.tests.test_new_features_iter34.TestHealthAndAuth" name="test_api_health" time="0.174" /><testcase classname="backend.tests.test_new_features_iter34.TestHealthAndAuth" name="test_login_user_1" time="0.270" /><testcase classname="backend.tests.test_new_features_iter34.TestAIPosterGeneration" name="test_poster_endpoint_exists" time="0.318" /><testcase classname="backend.tests.test_new_features_iter34.TestAIPosterGeneration" name="test_poster_generation" time="15.777" /><testcase classname="backend.tests.test_new_features_iter34.TestChallengeSkillBattles" name="test_simulate_challenge_import" time="0.001" /><testcase classname="backend.tests.test_new_features_iter34.TestChallengeSkillBattles" name="test_simulate_challenge_returns_skill_battles" time="0.000" /><testcase classname="backend.tests.test_new_features_iter34.TestChallengeSkillBattles" name="test_skill_battle_structure" time="0.000" /><testcase classname="backend.tests.test_new_features_iter34.TestOnlineBonus" name="test_online_bonus_calculation" time="0.000" /><testcase classname="backend.tests.test_new_features_iter34.TestOnlineBonus" name="test_rewards_for_all_challenge_types" time="0.000" /><testcase classname="backend.tests.test_new_features_iter34.TestChallengeAPI" name="test_challenge_types_endpoint" time="0.048" /><testcase classname="backend.tests.test_new_features_iter34.TestChallengeAPI" name="test_challenges_endpoint" time="0.047" /></testsuite></testsuites>