<?xml version="1.0" encoding="utf-8"?><testsuites name="pytest tests"><testsuite name="pytest" errors="0" failures="0" skipped="0" tests="16" time="4.834" timestamp="2026-03-12T17:28:00.451928+00:00" hostname="agent-env-c2969eb6-7865-4933-acd7-b461b228fafa"><testcase classname="backend.tests.test_iter43_cast_skills.TestAuth" name="test_login_success" time="0.432" /><testcase classname="backend.tests.test_iter43_cast_skills.TestActorsCast" name="test_actors_returns_results" time="0.533" /><testcase classname="backend.tests.test_iter43_cast_skills.TestActorsCast" name="test_actors_returns_around_50_by_default" time="0.154" /><testcase classname="backend.tests.test_iter43_cast_skills.TestActorsCast" name="test_actors_have_decimal_skills" time="0.000" /><testcase classname="backend.tests.test_iter43_cast_skills.TestActorsCast" name="test_actors_have_varied_ages" time="0.000" /><testcase classname="backend.tests.test_iter43_cast_skills.TestDirectorsCast" name="test_directors_returns_results" time="0.561" /><testcase classname="backend.tests.test_iter43_cast_skills.TestDirectorsCast" name="test_directors_returns_around_50_by_default" time="0.564" /><testcase classname="backend.tests.test_iter43_cast_skills.TestDirectorsCast" name="test_directors_have_decimal_skills" time="0.000" /><testcase classname="backend.tests.test_iter43_cast_skills.TestScreenwritersCast" name="test_screenwriters_returns_results" time="0.591" /><testcase classname="backend.tests.test_iter43_cast_skills.TestScreenwritersCast" name="test_screenwriters_returns_around_50_by_default" time="0.177" /><testcase classname="backend.tests.test_iter43_cast_skills.TestScreenwritersCast" name="test_screenwriters_have_decimal_skills" time="0.000" /><testcase classname="backend.tests.test_iter43_cast_skills.TestComposersCast" name="test_composers_returns_results" time="0.551" /><testcase classname="backend.tests.test_iter43_cast_skills.TestComposersCast" name="test_composers_returns_around_50_by_default" time="0.180" /><testcase classname="backend.tests.test_iter43_cast_skills.TestComposersCast" name="test_composers_have_decimal_skills" time="0.000" /><testcase classname="backend.tests.test_iter43_cast_skills.TestReleaseNotes" name="test_release_notes_returns_v0095" time="0.489" /><testcase classname="backend.tests.test_iter43_cast_skills.TestSkillBadgeDecimalDisplay" name="test_actor_skills_have_decimals_for_display" time="0.521" /></testsuite></testsuites>