<?xml version="1.0" encoding="utf-8"?><testsuites name="pytest tests"><testsuite name="pytest" errors="0" failures="0" skipped="1" tests="22" time="8.711" timestamp="2026-03-23T22:42:37.687472+00:00" hostname="agent-env-2fbd026a-e7cf-42e1-81fa-756f6cd07da6"><testcase classname="backend.tests.test_iter141_festival_steps456.TestFestivalEndpoints" name="test_get_festivals_returns_3_festivals" time="0.438" /><testcase classname="backend.tests.test_iter141_festival_steps456.TestFestivalEndpoints" name="test_festivals_have_correct_voting_types" time="0.378" /><testcase classname="backend.tests.test_iter141_festival_steps456.TestFestivalEndpoints" name="test_festivals_have_rewards_preview" time="0.383" /><testcase classname="backend.tests.test_iter141_festival_steps456.TestFestivalEndpoints" name="test_get_festival_countdown" time="0.371" /><testcase classname="backend.tests.test_iter141_festival_steps456.TestFestivalEndpoints" name="test_get_festival_current_edition" time="0.375" /><testcase classname="backend.tests.test_iter141_festival_steps456.TestFestivalEndpoints" name="test_festival_current_has_can_vote_field" time="0.422" /><testcase classname="backend.tests.test_iter141_festival_steps456.TestFestivalEndpoints" name="test_vote_endpoint_exists" time="0.402" /><testcase classname="backend.tests.test_iter141_festival_steps456.TestFestivalEndpoints" name="test_vote_returns_weight_and_remaining" time="0.418"><skipped type="pytest.skip" message="Voting not available for this festival">/app/backend/tests/test_iter141_festival_steps456.py:192: Voting not available for this festival</skipped></testcase><testcase classname="backend.tests.test_iter141_festival_steps456.TestFestivalEndpoints" name="test_start_ceremony_endpoint_exists" time="0.388" /><testcase classname="backend.tests.test_iter141_festival_steps456.TestFestivalEndpoints" name="test_announce_winner_endpoint_exists" time="0.377" /><testcase classname="backend.tests.test_iter141_festival_steps456.TestFestivalEndpoints" name="test_get_custom_festivals" time="0.373" /><testcase classname="backend.tests.test_iter141_festival_steps456.TestFestivalEndpoints" name="test_get_custom_festival_leaderboard" time="0.398" /><testcase classname="backend.tests.test_iter141_festival_steps456.TestFestivalEndpoints" name="test_get_user_badges" time="0.381" /><testcase classname="backend.tests.test_iter141_festival_steps456.TestFestivalEndpoints" name="test_get_creation_cost" time="0.398" /><testcase classname="backend.tests.test_iter141_festival_steps456.TestVotingTypeLogic" name="test_player_festival_allows_voting" time="0.371" /><testcase classname="backend.tests.test_iter141_festival_steps456.TestVotingTypeLogic" name="test_algorithm_festival_no_player_voting" time="0.395" /><testcase classname="backend.tests.test_iter141_festival_steps456.TestVotingTypeLogic" name="test_ai_festival_no_player_voting" time="0.385" /><testcase classname="backend.tests.test_iter141_festival_steps456.TestCustomFestivalFeatures" name="test_creation_cost_includes_max_participants_info" time="0.392" /><testcase classname="backend.tests.test_iter141_festival_steps456.TestCustomFestivalFeatures" name="test_custom_festival_leaderboard_structure" time="0.379" /><testcase classname="backend.tests.test_iter141_festival_steps456.TestCustomFestivalFeatures" name="test_user_badges_endpoint" time="0.427" /><testcase classname="backend.tests.test_iter141_festival_steps456.TestFestivalStateSystem" name="test_festivals_have_state_info" time="0.408" /><testcase classname="backend.tests.test_iter141_festival_steps456.TestFestivalStateSystem" name="test_countdown_has_state_badges" time="0.387" /></testsuite></testsuites>