<?xml version="1.0" encoding="utf-8"?><testsuites name="pytest tests"><testsuite name="pytest" errors="0" failures="0" skipped="0" tests="11" time="2.133" timestamp="2026-03-22T20:16:42.671919+00:00" hostname="agent-env-50ce9a22-d0a3-44bf-a4be-d93f6ec30ff8"><testcase classname="backend.tests.test_iter123_corrupted_projects.TestFilmPipelineEndpoints" name="test_get_all_projects_returns_valid_only" time="0.695" /><testcase classname="backend.tests.test_iter123_corrupted_projects.TestFilmPipelineEndpoints" name="test_get_casting_films_returns_valid_only" time="0.115" /><testcase classname="backend.tests.test_iter123_corrupted_projects.TestFilmPipelineEndpoints" name="test_get_proposals_returns_valid_only" time="0.152" /><testcase classname="backend.tests.test_iter123_corrupted_projects.TestFilmPipelineEndpoints" name="test_get_film_counts_excludes_invalid" time="0.125" /><testcase classname="backend.tests.test_iter123_corrupted_projects.TestSeriesPipelineEndpoints" name="test_get_my_series_returns_valid_only" time="0.216" /><testcase classname="backend.tests.test_iter123_corrupted_projects.TestSeriesPipelineEndpoints" name="test_get_series_counts_excludes_invalid" time="0.164" /><testcase classname="backend.tests.test_iter123_corrupted_projects.TestAutoFixBehavior" name="test_casting_endpoint_handles_missing_cast_proposals" time="0.180" /><testcase classname="backend.tests.test_iter123_corrupted_projects.TestAutoFixBehavior" name="test_all_projects_endpoint_filters_invalid_status" time="0.152" /><testcase classname="backend.tests.test_iter123_corrupted_projects.TestFrontendSafeFiltering" name="test_proposals_safe_filter" time="0.143" /><testcase classname="backend.tests.test_iter123_corrupted_projects.TestFrontendSafeFiltering" name="test_casting_safe_filter" time="0.117" /><testcase classname="backend.tests.test_iter123_corrupted_projects.TestSchedulerCleanupJob" name="test_valid_statuses_defined" time="0.000" /></testsuite></testsuites>