<?xml version="1.0" encoding="utf-8"?><testsuites name="pytest tests"><testsuite name="pytest" errors="0" failures="0" skipped="1" tests="13" time="5.116" timestamp="2026-03-22T15:57:59.960254+00:00" hostname="agent-env-bf2374c7-c4b0-4e06-9ebd-972f7f6be555"><testcase classname="backend.tests.test_iter119_coming_soon_flow.TestComingSoonEndpoint" name="test_coming_soon_returns_items" time="0.171" /><testcase classname="backend.tests.test_iter119_coming_soon_flow.TestComingSoonEndpoint" name="test_coming_soon_includes_pre_casting_film" time="0.105" /><testcase classname="backend.tests.test_iter119_coming_soon_flow.TestFilmProposalsEndpoint" name="test_proposals_returns_both_statuses" time="0.435" /><testcase classname="backend.tests.test_iter119_coming_soon_flow.TestLaunchComingSoonRequiresPoster" name="test_launch_coming_soon_without_poster_fails" time="0.740" /><testcase classname="backend.tests.test_iter119_coming_soon_flow.TestLaunchComingSoonWithPoster" name="test_launch_coming_soon_with_poster_succeeds" time="0.432" /><testcase classname="backend.tests.test_iter119_coming_soon_flow.TestAdvanceToCastingTimerCheck" name="test_advance_to_casting_blocked_before_timer" time="0.433" /><testcase classname="backend.tests.test_iter119_coming_soon_flow.TestSeriesLaunchComingSoon" name="test_series_launch_coming_soon_requires_poster" time="0.425"><skipped type="pytest.skip" message="Could not create test anime: {&quot;detail&quot;:&quot;Devi possedere uno Studio Anime per produrre. Acquistalo nella sezione Infrastrutture.&quot;}">/app/backend/tests/test_iter119_coming_soon_flow.py:228: Could not create test anime: {"detail":"Devi possedere uno Studio Anime per produrre. Acquistalo nella sezione Infrastrutture."}</skipped></testcase><testcase classname="backend.tests.test_iter119_coming_soon_flow.TestSeriesAdvanceToCastingTimerCheck" name="test_series_advance_blocked_before_timer" time="0.437" /><testcase classname="backend.tests.test_iter119_coming_soon_flow.TestComingSoonDetails" name="test_coming_soon_details_returns_data" time="0.440" /><testcase classname="backend.tests.test_iter119_coming_soon_flow.TestComingSoonDetails" name="test_coming_soon_details_404_for_invalid" time="0.442" /><testcase classname="backend.tests.test_iter119_coming_soon_flow.TestSupportBoycottActions" name="test_support_action_works" time="0.435" /><testcase classname="backend.tests.test_iter119_coming_soon_flow.TestSupportBoycottActions" name="test_cannot_interact_with_own_content" time="0.424" /><testcase classname="backend.tests.test_iter119_coming_soon_flow.TestDashboardProssimamenteSection" name="test_coming_soon_endpoint_always_returns" time="0.115" /></testsuite></testsuites>