<?xml version="1.0" encoding="utf-8"?><testsuites name="pytest tests"><testsuite name="pytest" errors="0" failures="0" skipped="0" tests="17" time="11.196" timestamp="2026-04-05T01:58:54.502222+00:00" hostname="agent-env-e82293fc-d9e8-458f-907d-3722e9a88936"><testcase classname="backend.tests.test_la_prima.TestLaPrimaActive" name="test_active_requires_auth" time="0.360" /><testcase classname="backend.tests.test_la_prima.TestLaPrimaActive" name="test_active_returns_events_list" time="2.096" /><testcase classname="backend.tests.test_la_prima.TestLaPrimaActive" name="test_active_event_structure" time="1.449" /><testcase classname="backend.tests.test_la_prima.TestLaPrimaRankings" name="test_rankings_requires_auth" time="0.107" /><testcase classname="backend.tests.test_la_prima.TestLaPrimaRankings" name="test_rankings_returns_three_lists" time="1.438" /><testcase classname="backend.tests.test_la_prima.TestLaPrimaRankings" name="test_rankings_entry_structure" time="1.481" /><testcase classname="backend.tests.test_la_prima.TestLaPrimaLive" name="test_live_requires_auth" time="0.111" /><testcase classname="backend.tests.test_la_prima.TestLaPrimaLive" name="test_live_returns_film_data" time="1.335" /><testcase classname="backend.tests.test_la_prima.TestLaPrimaLive" name="test_live_nonexistent_film" time="0.493" /><testcase classname="backend.tests.test_la_prima.TestLaPrimaCities" name="test_cities_requires_auth" time="0.114" /><testcase classname="backend.tests.test_la_prima.TestLaPrimaCities" name="test_cities_returns_48_cities" time="0.300" /><testcase classname="backend.tests.test_la_prima.TestLaPrimaCities" name="test_cities_grouped_by_region" time="0.318" /><testcase classname="backend.tests.test_la_prima.TestLaPrimaCities" name="test_city_structure" time="0.339" /><testcase classname="backend.tests.test_la_prima.TestLaPrimaEnable" name="test_enable_requires_auth" time="0.117" /><testcase classname="backend.tests.test_la_prima.TestLaPrimaEnable" name="test_enable_already_active_film" time="0.430" /><testcase classname="backend.tests.test_la_prima.TestLaPrimaSetup" name="test_setup_requires_auth" time="0.118" /><testcase classname="backend.tests.test_la_prima.TestLaPrimaSetup" name="test_setup_already_configured_film" time="0.518" /></testsuite></testsuites>