<?xml version="1.0" encoding="utf-8"?><testsuites name="pytest tests"><testsuite name="pytest" errors="0" failures="0" skipped="0" tests="12" time="5.397" timestamp="2026-03-23T10:24:32.987384+00:00" hostname="agent-env-6070ce2f-36c1-4894-9894-3b6461072960"><testcase classname="backend.tests.test_iter130_pvp_coming_soon.TestPvPComingSoonIntegration" name="test_pvp_status_returns_divisions" time="0.591" /><testcase classname="backend.tests.test_iter130_pvp_coming_soon.TestPvPComingSoonIntegration" name="test_coming_soon_list" time="0.374" /><testcase classname="backend.tests.test_iter130_pvp_coming_soon.TestPvPComingSoonIntegration" name="test_coming_soon_details_structure" time="0.428" /><testcase classname="backend.tests.test_iter130_pvp_coming_soon.TestPvPComingSoonIntegration" name="test_pvp_investigate_requires_division" time="0.459" /><testcase classname="backend.tests.test_iter130_pvp_coming_soon.TestPvPComingSoonIntegration" name="test_pvp_counter_boycott_defense_requires_division" time="0.471" /><testcase classname="backend.tests.test_iter130_pvp_coming_soon.TestPvPComingSoonIntegration" name="test_pvp_counter_boycott_targeted_requires_target" time="0.421" /><testcase classname="backend.tests.test_iter130_pvp_coming_soon.TestPvPComingSoonIntegration" name="test_pvp_legal_action_requires_division" time="0.429" /><testcase classname="backend.tests.test_iter130_pvp_coming_soon.TestPvPComingSoonIntegration" name="test_notifications_list" time="0.382" /><testcase classname="backend.tests.test_iter130_pvp_coming_soon.TestPvPComingSoonIntegration" name="test_hq_page_loads" time="0.410" /><testcase classname="backend.tests.test_iter130_pvp_coming_soon.TestComingSoonInteractions" name="test_support_other_player_content" time="0.487" /><testcase classname="backend.tests.test_iter130_pvp_coming_soon.TestComingSoonInteractions" name="test_boycott_other_player_content" time="0.466" /><testcase classname="backend.tests.test_iter130_pvp_coming_soon.TestPvPNotificationRouting" name="test_notification_types_exist" time="0.398" /></testsuite></testsuites>