<?xml version="1.0" encoding="utf-8"?><testsuites name="pytest tests"><testsuite name="pytest" errors="0" failures="0" skipped="0" tests="9" time="5.179" timestamp="2026-03-14T15:36:52.735772+00:00" hostname="agent-env-67ece9f2-5d69-4876-9c4c-75a2eb216ea4"><testcase classname="backend.tests.test_iter57_step5_fixes.TestStep5Fixes" name="test_virtual_reviews_returns_data" time="0.588" /><testcase classname="backend.tests.test_iter57_step5_fixes.TestStep5Fixes" name="test_cinema_journal_response_size" time="0.609" /><testcase classname="backend.tests.test_iter57_step5_fixes.TestStep5Fixes" name="test_cinema_journal_has_recent_posters" time="0.587" /><testcase classname="backend.tests.test_iter57_step5_fixes.TestStep5Fixes" name="test_cinema_news_response_size" time="0.510" /><testcase classname="backend.tests.test_iter57_step5_fixes.TestStep5Fixes" name="test_catchup_process_no_500_error" time="0.592" /><testcase classname="backend.tests.test_iter57_step5_fixes.TestStep5Fixes" name="test_major_my_endpoint" time="0.606" /><testcase classname="backend.tests.test_iter57_step5_fixes.TestStep5Fixes" name="test_cinema_journal_response_time" time="0.581" /><testcase classname="backend.tests.test_iter57_step5_fixes.TestStep5Fixes" name="test_virtual_reviews_response_time" time="0.517" /><testcase classname="backend.tests.test_iter57_step5_fixes.TestVirtualReviewsCollection" name="test_virtual_reviews_have_film_context" time="0.536" /></testsuite></testsuites>