<?xml version="1.0" encoding="utf-8"?><testsuites name="pytest tests"><testsuite name="pytest" errors="0" failures="0" skipped="0" tests="16" time="3.548" timestamp="2026-03-22T11:36:10.412284+00:00" hostname="agent-env-11fe1dc3-40f6-45f7-a600-3e2d5a3f637f"><testcase classname="backend.tests.test_iter116_moderation_reports.TestReportingSystem" name="test_create_report_message_type" time="1.096" /><testcase classname="backend.tests.test_iter116_moderation_reports.TestReportingSystem" name="test_create_report_image_type" time="0.135" /><testcase classname="backend.tests.test_iter116_moderation_reports.TestReportingSystem" name="test_create_report_user_type" time="0.202" /><testcase classname="backend.tests.test_iter116_moderation_reports.TestReportingSystem" name="test_create_report_invalid_type" time="0.101" /><testcase classname="backend.tests.test_iter116_moderation_reports.TestReportingSystem" name="test_create_report_duplicate_prevention" time="0.234" /><testcase classname="backend.tests.test_iter116_moderation_reports.TestReportingSystem" name="test_create_report_requires_auth" time="0.104" /><testcase classname="backend.tests.test_iter116_moderation_reports.TestReportingSystem" name="test_admin_get_reports_pending" time="0.101" /><testcase classname="backend.tests.test_iter116_moderation_reports.TestReportingSystem" name="test_admin_get_reports_all" time="0.109" /><testcase classname="backend.tests.test_iter116_moderation_reports.TestReportingSystem" name="test_admin_get_reports_resolved" time="0.113" /><testcase classname="backend.tests.test_iter116_moderation_reports.TestReportingSystem" name="test_admin_get_reports_dismissed" time="0.114" /><testcase classname="backend.tests.test_iter116_moderation_reports.TestReportingSystem" name="test_non_admin_cannot_get_reports" time="0.100" /><testcase classname="backend.tests.test_iter116_moderation_reports.TestReportingSystem" name="test_admin_dismiss_report" time="0.315" /><testcase classname="backend.tests.test_iter116_moderation_reports.TestReportingSystem" name="test_admin_delete_content_report" time="0.327" /><testcase classname="backend.tests.test_iter116_moderation_reports.TestReportingSystem" name="test_non_admin_cannot_resolve_report" time="0.205" /><testcase classname="backend.tests.test_iter116_moderation_reports.TestReportingSystem" name="test_resolve_nonexistent_report" time="0.103" /><testcase classname="backend.tests.test_iter116_moderation_reports.TestReportingSystem" name="test_report_contains_required_fields" time="0.103" /></testsuite></testsuites>