<?xml version="1.0" encoding="utf-8"?><testsuites name="pytest tests"><testsuite name="pytest" errors="0" failures="1" skipped="0" tests="22" time="3.037" timestamp="2026-03-12T19:00:15.312454+00:00" hostname="agent-env-9fa4c0b3-f78e-4ea6-aa57-ca3225cc7cf9"><testcase classname="backend.tests.test_iter44_v097_features.TestCastSkillListEndpoint" name="test_actor_skill_list" time="0.871" /><testcase classname="backend.tests.test_iter44_v097_features.TestCastSkillListEndpoint" name="test_director_skill_list" time="0.104" /><testcase classname="backend.tests.test_iter44_v097_features.TestCastSkillListEndpoint" name="test_screenwriter_skill_list" time="0.112" /><testcase classname="backend.tests.test_iter44_v097_features.TestCastSkillListEndpoint" name="test_composer_skill_list" time="0.099" /><testcase classname="backend.tests.test_iter44_v097_features.TestCastSearchAdvanced" name="test_search_actors_with_skill_filter" time="0.101" /><testcase classname="backend.tests.test_iter44_v097_features.TestCastSearchAdvanced" name="test_search_with_multiple_skill_filters" time="0.110" /><testcase classname="backend.tests.test_iter44_v097_features.TestCastSearchAdvanced" name="test_search_directors" time="0.082" /><testcase classname="backend.tests.test_iter44_v097_features.TestActorsAgeFilter" name="test_actors_young_filter" time="0.081" /><testcase classname="backend.tests.test_iter44_v097_features.TestActorsAgeFilter" name="test_actors_18_30_filter" time="0.076" /><testcase classname="backend.tests.test_iter44_v097_features.TestActorsAgeFilter" name="test_actors_31_50_filter" time="0.084" /><testcase classname="backend.tests.test_iter44_v097_features.TestActorsAgeFilter" name="test_actors_51_plus_filter" time="0.086" /><testcase classname="backend.tests.test_iter44_v097_features.TestActorsAgeFilter" name="test_actors_no_age_filter" time="0.156" /><testcase classname="backend.tests.test_iter44_v097_features.TestChallengesCreate" name="test_challenges_create_only_1v1_allowed" time="0.366" /><testcase classname="backend.tests.test_iter44_v097_features.TestChallengesCreate" name="test_challenges_create_requires_3_films" time="0.055" /><testcase classname="backend.tests.test_iter44_v097_features.TestChallengesCreate" name="test_challenges_leaderboard_accessible" time="0.064" /><testcase classname="backend.tests.test_iter44_v097_features.TestGenresEndpoint" name="test_genres_has_comedy" time="0.065" /><testcase classname="backend.tests.test_iter44_v097_features.TestGenresEndpoint" name="test_comedy_has_film_comico_subgenre" time="0.065" /><testcase classname="backend.tests.test_iter44_v097_features.TestReleaseNotes" name="test_release_notes_has_v097" time="0.084" /><testcase classname="backend.tests.test_iter44_v097_features.TestReleaseNotes" name="test_current_version_is_097" time="0.071" /><testcase classname="backend.tests.test_iter44_v097_features.TestBackendHealth" name="test_health_endpoint" time="0.053"><failure message="assert 404 == 200&#10; +  where 404 = &lt;Response [404]&gt;.status_code">backend/tests/test_iter44_v097_features.py:330: in test_health_endpoint
    assert response.status_code == 200
E   assert 404 == 200
E    +  where 404 = &lt;Response [404]&gt;.status_code</failure></testcase><testcase classname="backend.tests.test_iter44_v097_features.TestBackendHealth" name="test_genres_endpoint" time="0.058" /><testcase classname="backend.tests.test_iter44_v097_features.TestBackendHealth" name="test_sponsors_endpoint" time="0.073" /></testsuite></testsuites>