<?xml version="1.0" encoding="utf-8"?><testsuites name="pytest tests"><testsuite name="pytest" errors="0" failures="0" skipped="0" tests="10" time="4.132" timestamp="2026-03-18T14:58:06.678226+00:00" hostname="agent-env-7b3f6392-eeb5-4f81-98c9-305ca0884585"><testcase classname="tests.test_iter86_poster_filmdetail.TestAuth" name="test_login_success" time="0.620" /><testcase classname="tests.test_iter86_poster_filmdetail.TestPosterEndpoint" name="test_poster_endpoint_returns_image" time="0.205" /><testcase classname="tests.test_iter86_poster_filmdetail.TestPosterEndpoint" name="test_poster_404_for_nonexistent" time="0.115" /><testcase classname="tests.test_iter86_poster_filmdetail.TestFilmDetailPage" name="test_film_detail_endpoint" time="0.734" /><testcase classname="tests.test_iter86_poster_filmdetail.TestFilmDetailPage" name="test_film_distribution_endpoint" time="0.154" /><testcase classname="tests.test_iter86_poster_filmdetail.TestFilmDetailPage" name="test_film_actions_endpoint" time="0.160" /><testcase classname="tests.test_iter86_poster_filmdetail.TestMyFilmsPage" name="test_my_films_endpoint" time="0.610" /><testcase classname="tests.test_iter86_poster_filmdetail.TestDashboardBatch" name="test_dashboard_batch_endpoint" time="0.762" /><testcase classname="tests.test_iter86_poster_filmdetail.TestCineBoardPosterUrls" name="test_cineboard_now_playing" time="0.569" /><testcase classname="tests.test_iter86_poster_filmdetail.TestCineBoardPosterUrls" name="test_cineboard_daily" time="0.136" /></testsuite></testsuites>