<?xml version="1.0" encoding="utf-8"?><testsuites name="pytest tests"><testsuite name="pytest" errors="0" failures="0" skipped="0" tests="12" time="6.211" timestamp="2026-03-17T20:30:58.932806+00:00" hostname="agent-env-96f63a15-b024-4b05-9870-065cc07e7758"><testcase classname="backend.tests.test_iter77_features.TestAuthentication" name="test_login_successful" time="0.609" /><testcase classname="backend.tests.test_iter77_features.TestSelectCastWithActorRole" name="test_get_casting_films" time="0.617" /><testcase classname="backend.tests.test_iter77_features.TestSelectCastWithActorRole" name="test_casting_films_have_cast_proposals" time="0.068" /><testcase classname="backend.tests.test_iter77_features.TestSelectCastWithActorRole" name="test_cast_proposals_have_person_with_skills" time="0.078" /><testcase classname="backend.tests.test_iter77_features.TestReleaseFilmSoundtrackScore" name="test_shooting_films_endpoint" time="0.698" /><testcase classname="backend.tests.test_iter77_features.TestEmergingScreenplays" name="test_emerging_screenplays_endpoint" time="0.792" /><testcase classname="backend.tests.test_iter77_features.TestEmergingScreenplays" name="test_emerging_screenplays_have_full_package_cost" time="0.081" /><testcase classname="backend.tests.test_iter77_features.TestNavigation" name="test_no_pre_engagement_route" time="0.744" /><testcase classname="backend.tests.test_iter77_features.TestNavigation" name="test_dashboard_accessible" time="0.274" /><testcase classname="backend.tests.test_iter77_features.TestCastingSkillBars" name="test_casting_returns_skill_data" time="0.685" /><testcase classname="backend.tests.test_iter77_features.TestFilmPipelineCounts" name="test_pipeline_counts" time="0.621" /><testcase classname="backend.tests.test_iter77_features.TestDashboardNickname" name="test_me_endpoint_returns_nickname" time="0.868" /></testsuite></testsuites>