<?xml version="1.0" encoding="utf-8"?><testsuites name="pytest tests"><testsuite name="pytest" errors="0" failures="0" skipped="0" tests="20" time="8.720" timestamp="2026-03-13T07:45:55.475516+00:00" hostname="agent-env-f96503b8-525e-405a-9984-5f13a1c4a513"><testcase classname="backend.tests.test_iter47_filmwizard.TestFilmWizardAPIs" name="test_locations_endpoint_returns_data" time="0.627" /><testcase classname="backend.tests.test_iter47_filmwizard.TestFilmWizardAPIs" name="test_locations_have_category_field" time="0.505" /><testcase classname="backend.tests.test_iter47_filmwizard.TestFilmWizardAPIs" name="test_location_categories_distribution" time="0.475" /><testcase classname="backend.tests.test_iter47_filmwizard.TestFilmWizardAPIs" name="test_equipment_endpoint_returns_data" time="0.503" /><testcase classname="backend.tests.test_iter47_filmwizard.TestFilmWizardAPIs" name="test_genres_endpoint_returns_data" time="0.545" /><testcase classname="backend.tests.test_iter47_filmwizard.TestFilmWizardAPIs" name="test_sponsors_endpoint_returns_data" time="0.528" /><testcase classname="backend.tests.test_iter47_filmwizard.TestFilmWizardAPIs" name="test_dynamic_sponsors_low_prerating" time="0.564" /><testcase classname="backend.tests.test_iter47_filmwizard.TestFilmWizardAPIs" name="test_dynamic_sponsors_medium_prerating" time="0.472" /><testcase classname="backend.tests.test_iter47_filmwizard.TestFilmWizardAPIs" name="test_dynamic_sponsors_high_prerating" time="0.493" /><testcase classname="backend.tests.test_iter47_filmwizard.TestFilmWizardAPIs" name="test_dynamic_sponsors_structure" time="0.508" /><testcase classname="backend.tests.test_iter47_filmwizard.TestFilmWizardAPIs" name="test_screenwriters_endpoint" time="0.549" /><testcase classname="backend.tests.test_iter47_filmwizard.TestFilmWizardAPIs" name="test_directors_endpoint" time="0.531" /><testcase classname="backend.tests.test_iter47_filmwizard.TestFilmWizardAPIs" name="test_composers_endpoint" time="0.500" /><testcase classname="backend.tests.test_iter47_filmwizard.TestFilmWizardAPIs" name="test_actors_endpoint" time="0.512" /><testcase classname="backend.tests.test_iter47_filmwizard.TestFilmWizardAPIs" name="test_actor_roles_endpoint" time="0.491" /><testcase classname="backend.tests.test_iter47_filmwizard.TestUserAuthentication" name="test_login_with_test_credentials" time="0.424" /><testcase classname="backend.tests.test_iter47_filmwizard.TestLocationCategories" name="test_studios_category_has_studio_locations" time="0.104" /><testcase classname="backend.tests.test_iter47_filmwizard.TestLocationCategories" name="test_cities_category_has_city_locations" time="0.096" /><testcase classname="backend.tests.test_iter47_filmwizard.TestLocationCategories" name="test_nature_category_has_nature_locations" time="0.099" /><testcase classname="backend.tests.test_iter47_filmwizard.TestLocationCategories" name="test_historical_category_has_historical_locations" time="0.101" /></testsuite></testsuites>