<?xml version="1.0" encoding="utf-8"?><testsuites name="pytest tests"><testsuite name="pytest" errors="0" failures="0" skipped="0" tests="25" time="3.969" timestamp="2026-03-18T23:21:09.152324+00:00" hostname="agent-env-9584c597-e319-495d-b8cc-6ce935db388e"><testcase classname="backend.tests.test_iter96_tv_stations.TestTVStationsMyEndpoint" name="test_my_stations_returns_200" time="0.849" /><testcase classname="backend.tests.test_iter96_tv_stations.TestTVStationsMyEndpoint" name="test_my_stations_response_structure" time="0.076" /><testcase classname="backend.tests.test_iter96_tv_stations.TestTVStationsMyEndpoint" name="test_my_stations_array_types" time="0.083" /><testcase classname="backend.tests.test_iter96_tv_stations.TestTVStationsPublicAll" name="test_public_all_returns_200" time="0.083" /><testcase classname="backend.tests.test_iter96_tv_stations.TestTVStationsPublicAll" name="test_public_all_response_structure" time="0.093" /><testcase classname="backend.tests.test_iter96_tv_stations.TestTVStationsPublicAll" name="test_public_stations_have_required_fields" time="0.067" /><testcase classname="backend.tests.test_iter96_tv_stations.TestTVStationsSetupStep1" name="test_step1_requires_station_name" time="0.081" /><testcase classname="backend.tests.test_iter96_tv_stations.TestTVStationsSetupStep1" name="test_step1_validates_name_min_length" time="0.070" /><testcase classname="backend.tests.test_iter96_tv_stations.TestTVStationsSetupStep1" name="test_step1_validates_nation" time="0.078" /><testcase classname="backend.tests.test_iter96_tv_stations.TestTVStationsSetupStep1" name="test_step1_requires_infra_id" time="0.077" /><testcase classname="backend.tests.test_iter96_tv_stations.TestTVStationsSetupStep2" name="test_step2_validates_station_id" time="0.072" /><testcase classname="backend.tests.test_iter96_tv_stations.TestTVStationsSetupStep2" name="test_step2_clamps_ad_seconds_min" time="0.077" /><testcase classname="backend.tests.test_iter96_tv_stations.TestTVStationsUpdateAds" name="test_update_ads_requires_station_ownership" time="0.066" /><testcase classname="backend.tests.test_iter96_tv_stations.TestTVStationsAddContent" name="test_add_content_requires_station_ownership" time="0.091" /><testcase classname="backend.tests.test_iter96_tv_stations.TestTVStationsAddContent" name="test_add_content_validates_content_type" time="0.607" /><testcase classname="backend.tests.test_iter96_tv_stations.TestTVStationsRemoveContent" name="test_remove_content_requires_station_ownership" time="0.378" /><testcase classname="backend.tests.test_iter96_tv_stations.TestTVStationsAvailableContent" name="test_available_content_requires_station_ownership" time="0.142" /><testcase classname="backend.tests.test_iter96_tv_stations.TestProductionStudiosUnlockStatus" name="test_unlock_status_returns_200" time="0.207" /><testcase classname="backend.tests.test_iter96_tv_stations.TestProductionStudiosUnlockStatus" name="test_unlock_status_response_structure" time="0.173" /><testcase classname="backend.tests.test_iter96_tv_stations.TestProductionStudiosUnlockStatus" name="test_unlock_status_shows_requirements" time="0.083" /><testcase classname="backend.tests.test_iter96_tv_stations.TestTVStationGetById" name="test_get_station_not_found" time="0.075" /><testcase classname="backend.tests.test_iter96_tv_stations.TestTVStationPublicView" name="test_public_view_not_found" time="0.117" /><testcase classname="backend.tests.test_iter96_tv_stations.TestInfrastructureEmittenteTV" name="test_infrastructure_types_contains_emittente_tv" time="0.082" /><testcase classname="backend.tests.test_iter96_tv_stations.TestInfrastructureEmittenteTV" name="test_infrastructure_types_contains_studio_serie_tv" time="0.080" /><testcase classname="backend.tests.test_iter96_tv_stations.TestInfrastructureEmittenteTV" name="test_infrastructure_types_contains_studio_anime" time="0.072" /></testsuite></testsuites>