<?xml version="1.0" encoding="utf-8"?><testsuites name="pytest tests"><testsuite name="pytest" errors="0" failures="0" skipped="0" tests="12" time="1.449" timestamp="2026-03-09T08:09:33.261594+00:00" hostname="agent-env-6d0ff6b1-3be8-4312-976c-685d1022bbd3"><testcase classname="tests.test_level_infrastructure_leaderboard.TestAuthSetup" name="test_01_login_or_register_user" time="0.571" /><testcase classname="tests.test_level_infrastructure_leaderboard.TestLevelSystem" name="test_get_level_info" time="0.051" /><testcase classname="tests.test_level_infrastructure_leaderboard.TestInfrastructure" name="test_get_infrastructure_types" time="0.049" /><testcase classname="tests.test_level_infrastructure_leaderboard.TestInfrastructure" name="test_infrastructure_level_requirements" time="0.050" /><testcase classname="tests.test_level_infrastructure_leaderboard.TestInfrastructure" name="test_get_cities" time="0.052" /><testcase classname="tests.test_level_infrastructure_leaderboard.TestInfrastructure" name="test_get_my_infrastructure" time="0.050" /><testcase classname="tests.test_level_infrastructure_leaderboard.TestLeaderboard" name="test_get_global_leaderboard" time="0.195" /><testcase classname="tests.test_level_infrastructure_leaderboard.TestLeaderboard" name="test_leaderboard_score_components" time="0.150" /><testcase classname="tests.test_level_infrastructure_leaderboard.TestPlayerProfile" name="test_get_player_profile" time="0.051" /><testcase classname="tests.test_level_infrastructure_leaderboard.TestPlayerProfile" name="test_player_profile_not_found" time="0.048" /><testcase classname="tests.test_level_infrastructure_leaderboard.TestMinigameCooldowns" name="test_get_minigame_cooldowns" time="0.050" /><testcase classname="tests.test_level_infrastructure_leaderboard.TestXPRewards" name="test_xp_rewards_defined" time="0.049" /></testsuite></testsuites>