<?xml version="1.0" encoding="utf-8"?><testsuites name="pytest tests"><testsuite name="pytest" errors="0" failures="0" skipped="0" tests="16" time="5.799" timestamp="2026-03-11T12:36:42.769500+00:00" hostname="agent-env-543cc70b-263f-42be-b6db-efda7343d7d7"><testcase classname="backend.tests.test_iter39_refactoring.TestHealthCheck" name="test_genres_endpoint" time="0.159" /><testcase classname="backend.tests.test_iter39_refactoring.TestAuthRoutes" name="test_login_success" time="0.353" /><testcase classname="backend.tests.test_iter39_refactoring.TestAuthRoutes" name="test_login_invalid_credentials" time="0.109" /><testcase classname="backend.tests.test_iter39_refactoring.TestAuthRoutes" name="test_auth_me_with_token" time="0.451" /><testcase classname="backend.tests.test_iter39_refactoring.TestAuthRoutes" name="test_auth_me_without_token" time="0.128" /><testcase classname="backend.tests.test_iter39_refactoring.TestAuthRoutes" name="test_auth_profile_update" time="0.442" /><testcase classname="backend.tests.test_iter39_refactoring.TestAuthRoutes" name="test_avatars_endpoint" time="0.110" /><testcase classname="backend.tests.test_iter39_refactoring.TestAuthRoutes" name="test_auth_avatar_update" time="0.583" /><testcase classname="backend.tests.test_iter39_refactoring.TestAuthRoutes" name="test_reset_request" time="0.430" /><testcase classname="backend.tests.test_iter39_refactoring.TestNotificationRoutes" name="test_get_notifications" time="0.468" /><testcase classname="backend.tests.test_iter39_refactoring.TestNotificationRoutes" name="test_get_notifications_count" time="0.463" /><testcase classname="backend.tests.test_iter39_refactoring.TestNotificationRoutes" name="test_mark_all_notifications_read" time="0.449" /><testcase classname="backend.tests.test_iter39_refactoring.TestNotificationRoutes" name="test_notifications_unread_only" time="0.443" /><testcase classname="backend.tests.test_iter39_refactoring.TestNoRouteConflicts" name="test_api_router_endpoints" time="0.221" /><testcase classname="backend.tests.test_iter39_refactoring.TestNoRouteConflicts" name="test_stats_detailed_endpoint" time="0.472" /><testcase classname="backend.tests.test_iter39_refactoring.TestNoRouteConflicts" name="test_challenges_endpoint" time="0.443" /></testsuite></testsuites>