<?xml version="1.0" encoding="utf-8"?><testsuites name="pytest tests"><testsuite name="pytest" errors="0" failures="0" skipped="10" tests="14" time="4.785" timestamp="2026-03-10T08:07:39.326839+00:00" hostname="agent-env-b976d0ff-25ef-4fe7-8a70-2e097afb7780"><testcase classname="backend.tests.test_tier_like_system.TestAuthSetup" name="test_register_user1" time="0.426" /><testcase classname="backend.tests.test_tier_like_system.TestAuthSetup" name="test_register_user2" time="0.337" /><testcase classname="backend.tests.test_tier_like_system.TestLikeSelfBlock" name="test_create_film_user1" time="0.213"><skipped type="pytest.skip" message="Cannot create or find a film to test likes">/app/backend/tests/test_tier_like_system.py:123: Cannot create or find a film to test likes</skipped></testcase><testcase classname="backend.tests.test_tier_like_system.TestLikeSelfBlock" name="test_self_like_blocked" time="0.000"><skipped type="pytest.skip" message="No film_id available">/app/backend/tests/test_tier_like_system.py:128: No film_id available</skipped></testcase><testcase classname="backend.tests.test_tier_like_system.TestLikeSelfBlock" name="test_other_user_can_like" time="0.000"><skipped type="pytest.skip" message="No film_id available">/app/backend/tests/test_tier_like_system.py:149: No film_id available</skipped></testcase><testcase classname="backend.tests.test_tier_like_system.TestLikersModal" name="test_get_likers" time="0.000"><skipped type="pytest.skip" message="No film_id from previous test">/app/backend/tests/test_tier_like_system.py:175: No film_id from previous test</skipped></testcase><testcase classname="backend.tests.test_tier_like_system.TestLikersModal" name="test_likers_contains_user2" time="0.000"><skipped type="pytest.skip" message="No film_id from previous test">/app/backend/tests/test_tier_like_system.py:209: No film_id from previous test</skipped></testcase><testcase classname="backend.tests.test_tier_like_system.TestTierExpectationsAPI" name="test_tier_expectations_endpoint_exists" time="0.000"><skipped type="pytest.skip" message="No film_id from previous test">/app/backend/tests/test_tier_like_system.py:234: No film_id from previous test</skipped></testcase><testcase classname="backend.tests.test_tier_like_system.TestTierExpectationsAPI" name="test_tier_expectations_response_structure" time="0.000"><skipped type="pytest.skip" message="No film_id from previous test">/app/backend/tests/test_tier_like_system.py:253: No film_id from previous test</skipped></testcase><testcase classname="backend.tests.test_tier_like_system.TestTierExpectationsAPI" name="test_tier_expectations_non_owner_blocked" time="0.000"><skipped type="pytest.skip" message="No film_id from previous test">/app/backend/tests/test_tier_like_system.py:291: No film_id from previous test</skipped></testcase><testcase classname="backend.tests.test_tier_like_system.TestCineBoardLike" name="test_cineboard_now_playing_endpoint" time="1.870" /><testcase classname="backend.tests.test_tier_like_system.TestCineBoardLike" name="test_cineboard_hall_of_fame_endpoint" time="1.881" /><testcase classname="backend.tests.test_tier_like_system.TestFilmTierAtCreation" name="test_film_response_includes_tier" time="0.000"><skipped type="pytest.skip" message="No film_id from previous test">/app/backend/tests/test_tier_like_system.py:347: No film_id from previous test</skipped></testcase><testcase classname="backend.tests.test_tier_like_system.TestUnlike" name="test_unlike_film" time="0.000"><skipped type="pytest.skip" message="No film_id from previous test">/app/backend/tests/test_tier_like_system.py:376: No film_id from previous test</skipped></testcase></testsuite></testsuites>