<?xml version="1.0" encoding="utf-8"?><testsuites name="pytest tests"><testsuite name="pytest" errors="0" failures="0" skipped="0" tests="7" time="19.871" timestamp="2026-04-20T05:56:46.733998+00:00" hostname="agent-env-b0e62490-4575-43d6-b104-523752cde0d3"><testcase classname="backend.tests.test_iter163_guest_bypass_locations.TestGuestCreation" name="test_guest_created_with_correct_defaults" time="8.324" /><testcase classname="backend.tests.test_iter163_guest_bypass_locations.TestLocations" name="test_locations_list_is_rich" time="0.053" /><testcase classname="backend.tests.test_iter163_guest_bypass_locations.TestGuestBypassSaveHype" name="test_create_project_and_save_hype_free" time="1.452" /><testcase classname="backend.tests.test_iter163_guest_bypass_locations.TestNonGuestStillCharged" name="test_admin_save_hype_is_charged" time="3.314" /><testcase classname="backend.tests.test_iter163_guest_bypass_locations.TestTutorialStep" name="test_valid_steps_0_to_17" time="1.953" /><testcase classname="backend.tests.test_iter163_guest_bypass_locations.TestTutorialStep" name="test_step_18_rejected" time="0.435" /><testcase classname="backend.tests.test_iter163_guest_bypass_locations.TestGuestConfirmReleaseFree" name="test_guest_confirm_release_no_charge" time="4.255" /></testsuite></testsuites>