<?xml version="1.0" encoding="utf-8"?><testsuites name="pytest tests"><testsuite name="pytest" errors="0" failures="0" skipped="0" tests="19" time="3.240" timestamp="2026-03-10T19:44:29.041801+00:00" hostname="agent-env-2f3ede6d-6744-457c-8b7e-02d883e1ad05"><testcase classname="tests.test_critic_reviews_system.TestCriticReviewsFunction" name="test_generate_critic_reviews_returns_valid_structure" time="0.032" /><testcase classname="tests.test_critic_reviews_system.TestCriticReviewsFunction" name="test_generate_critic_reviews_count_range" time="0.001" /><testcase classname="tests.test_critic_reviews_system.TestCriticReviewsFunction" name="test_review_structure_has_all_required_fields" time="0.000" /><testcase classname="tests.test_critic_reviews_system.TestCriticReviewsFunction" name="test_review_sentiment_values" time="0.000" /><testcase classname="tests.test_critic_reviews_system.TestCriticReviewsFunction" name="test_total_effects_structure" time="0.000" /><testcase classname="tests.test_critic_reviews_system.TestCriticReviewsFunction" name="test_high_quality_film_gets_more_positive_reviews" time="0.001" /><testcase classname="tests.test_critic_reviews_system.TestCriticReviewsFunction" name="test_low_quality_film_gets_more_negative_reviews" time="0.001" /><testcase classname="tests.test_critic_reviews_system.TestCriticReviewsFunction" name="test_english_language_reviews" time="0.000" /><testcase classname="tests.test_critic_reviews_system.TestCriticReviewsAPI" name="test_login_endpoint" time="0.351" /><testcase classname="tests.test_critic_reviews_system.TestCriticReviewsAPI" name="test_film_response_model_includes_critic_fields" time="0.471" /><testcase classname="tests.test_critic_reviews_system.TestCriticReviewsAPI" name="test_get_cast_available" time="0.472" /><testcase classname="tests.test_critic_reviews_system.TestCriticReviewsAPI" name="test_get_equipment" time="0.462" /><testcase classname="tests.test_critic_reviews_system.TestCriticNewspapersAndJournalists" name="test_newspapers_have_required_fields" time="0.000" /><testcase classname="tests.test_critic_reviews_system.TestCriticNewspapersAndJournalists" name="test_have_enough_newspapers" time="0.000" /><testcase classname="tests.test_critic_reviews_system.TestCriticNewspapersAndJournalists" name="test_have_enough_journalists" time="0.000" /><testcase classname="tests.test_critic_reviews_system.TestCriticNewspapersAndJournalists" name="test_review_templates_exist" time="0.000" /><testcase classname="tests.test_critic_reviews_system.TestJournalUI" name="test_get_news_endpoint" time="0.482" /><testcase classname="tests.test_critic_reviews_system.TestJournalUI" name="test_get_virtual_reviews_endpoint" time="0.464" /><testcase classname="tests.test_critic_reviews_system.TestJournalUI" name="test_get_discoveries_endpoint" time="0.447" /></testsuite></testsuites>