<?xml version="1.0" encoding="utf-8"?><testsuites name="pytest tests"><testsuite name="pytest" errors="0" failures="0" skipped="0" tests="11" time="6.689" timestamp="2026-03-19T00:02:05.682163+00:00" hostname="agent-env-23d25cf0-bb43-4b39-ae58-2f32345f362e"><testcase classname="tests.test_iter98_bugfixes.TestEmittenteTVFameRequired" name="test_unlock_status_shows_fame_80" time="0.649" /><testcase classname="tests.test_iter98_bugfixes.TestLoginAndDashboard" name="test_login_valid_credentials" time="0.374" /><testcase classname="tests.test_iter98_bugfixes.TestLoginAndDashboard" name="test_login_invalid_credentials" time="0.144" /><testcase classname="tests.test_iter98_bugfixes.TestLoginAndDashboard" name="test_dashboard_batch_endpoint" time="0.602" /><testcase classname="tests.test_iter98_bugfixes.TestNotificationsAPI" name="test_notifications_endpoint" time="0.592" /><testcase classname="tests.test_iter98_bugfixes.TestNotificationsAPI" name="test_notifications_count_endpoint" time="0.689" /><testcase classname="tests.test_iter98_bugfixes.TestAIEndpoints" name="test_ai_screenplay_endpoint_exists" time="0.597" /><testcase classname="tests.test_iter98_bugfixes.TestAIEndpoints" name="test_ai_poster_start_endpoint_exists" time="0.631" /><testcase classname="tests.test_iter98_bugfixes.TestInfrastructureRequirements" name="test_all_production_studios_requirements" time="0.599" /><testcase classname="tests.test_iter98_bugfixes.TestShootingFilmsEndpoint" name="test_films_shooting_endpoint" time="0.615" /><testcase classname="tests.test_iter98_bugfixes.TestBroadcastNotificationsExist" name="test_system_notifications_in_db" time="1.114" /></testsuite></testsuites>