<?xml version="1.0" encoding="utf-8"?><testsuites name="pytest tests"><testsuite name="pytest" errors="0" failures="1" skipped="0" tests="9" time="6.460" timestamp="2026-03-10T20:36:00.008022+00:00" hostname="agent-env-2f3ede6d-6744-457c-8b7e-02d883e1ad05"><testcase classname="backend.tests.test_release_notes_automation.TestReleaseNotesAutomation" name="test_get_release_notes_returns_all" time="0.895" /><testcase classname="backend.tests.test_release_notes_automation.TestReleaseNotesAutomation" name="test_post_release_notes_creator_success" time="0.965" /><testcase classname="backend.tests.test_release_notes_automation.TestReleaseNotesAutomation" name="test_post_release_notes_non_creator_forbidden" time="0.676" /><testcase classname="backend.tests.test_release_notes_automation.TestReleaseNotesAutomation" name="test_post_release_notes_auto_increment_version" time="0.953" /><testcase classname="backend.tests.test_release_notes_automation.TestReleaseNotesAutomation" name="test_post_release_notes_validates_required_fields" time="0.863" /><testcase classname="backend.tests.test_release_notes_automation.TestFilmCreationFix" name="test_get_actors_returns_list" time="0.476" /><testcase classname="backend.tests.test_release_notes_automation.TestFilmCreationFix" name="test_film_creation_with_actors" time="0.713"><failure message="AssertionError: Expected 200/201, got 422: {&quot;detail&quot;:[{&quot;type&quot;:&quot;missing&quot;,&quot;loc&quot;:[&quot;body&quot;,&quot;genre&quot;],&quot;msg&quot;:&quot;Field required&quot;,&quot;input&quot;:{&quot;title&quot;:&quot;TEST_ac31e95d Film Creation Test&quot;,&quot;genre_id&quot;:&quot;action&quot;,&quot;subgenre_ids&quot;:[],&quot;director_id&quot;:&quot;b0084cdd-c0ac-4468-8092-7c508ee5dfe3&quot;,&quot;screenwriter_id&quot;:&quot;5abc1b3b-b931-403e-bbde-0c26ea672226&quot;,&quot;composer_id&quot;:&quot;62ec2649-c9a2-41a8-8be2-2c2b0b8a5bd8&quot;,&quot;actors&quot;:[{&quot;actor_id&quot;:&quot;f75668ba-40ef-4cf3-bd9f-8f6dd83e366a&quot;,&quot;role&quot;:&quot;lead&quot;},{&quot;actor_id&quot;:&quot;f0caffdc-9cdf-43dc-9878-0f23df53bd5e&quot;,&quot;role&quot;:&quot;lead&quot;},{&quot;actor_id&quot;:&quot;b7751db9-d16e-4de4-9d08-4cfcbeadf802&quot;,&quot;role&quot;:&quot;lead&quot;}],&quot;production_budget&quot;:1000000,&quot;marketing_budget&quot;:500000},&quot;url&quot;:&quot;https://errors.pydantic.dev/2.12/v/missing&quot;},{&quot;type&quot;:&quot;missing&quot;,&quot;loc&quot;:[&quot;body&quot;,&quot;release_date&quot;],&quot;msg&quot;:&quot;Field required&quot;,&quot;input&quot;:{&quot;title&quot;:&quot;TEST_ac31e95d Film Creation Test&quot;,&quot;genre_id&quot;:&quot;action&quot;,&quot;subgenre_ids&quot;:[],&quot;director_id&quot;:&quot;b0084cdd-c0ac-4468-8092-7c508ee5dfe3&quot;,&quot;screenwriter_id&quot;:&quot;5abc1b3b-b931-403e-bbde-0c26ea672226&quot;,&quot;composer_id&quot;:&quot;62ec2649-c9a2-41a8-8be2-2c2b0b8a5bd8&quot;,&quot;actors&quot;:[{&quot;actor_id&quot;:&quot;f75668ba-40ef-4cf3-bd9f-8f6dd83e366a&quot;,&quot;role&quot;:&quot;lead&quot;},{&quot;actor_id&quot;:&quot;f0caffdc-9cdf-43dc-9878-0f23df53bd5e&quot;,&quot;role&quot;:&quot;lead&quot;},{&quot;actor_id&quot;:&quot;b7751db9-d16e-4de4-9d08-4cfcbeadf802&quot;,&quot;role&quot;:&quot;lead&quot;}],&quot;production_budget&quot;:1000000,&quot;marketing_budget&quot;:500000},&quot;url&quot;:&quot;https://errors.pydantic.dev/2.12/v/missing&quot;},{&quot;type&quot;:&quot;missing&quot;,&quot;loc&quot;:[&quot;body&quot;,&quot;weeks_in_theater&quot;],&quot;msg&quot;:&quot;Field required&quot;,&quot;input&quot;:{&quot;title&quot;:&quot;TEST_ac31e95d Film Creation Test&quot;,&quot;genre_id&quot;:&quot;action&quot;,&quot;subgenre_ids&quot;:[],&quot;director_id&quot;:&quot;b0084cdd-c0ac-4468-8092-7c508ee5dfe3&quot;,&quot;screenwriter_id&quot;:&quot;5abc1b3b-b931-403e-bbde-0c26ea672226&quot;,&quot;composer_id&quot;:&quot;62ec2649-c9a2-41a8-8be2-2c2b0b8a5bd8&quot;,&quot;actors&quot;:[{&quot;actor_id&quot;:&quot;f75668ba-40ef-4cf3-bd9f-8f6dd83e366a&quot;,&quot;role&quot;:&quot;lead&quot;},{&quot;actor_id&quot;:&quot;f0caffdc-9cdf-43dc-9878-0f23df53bd5e&quot;,&quot;role&quot;:&quot;lead&quot;},{&quot;actor_id&quot;:&quot;b7751db9-d16e-4de4-9d08-4cfcbeadf802&quot;,&quot;role&quot;:&quot;lead&quot;}],&quot;production_budget&quot;:1000000,&quot;marketing_budget&quot;:500000},&quot;url&quot;:&quot;https://errors.pydantic.dev/2.12/v/missing&quot;},{&quot;type&quot;:&quot;missing&quot;,&quot;loc&quot;:[&quot;body&quot;,&quot;equipment_package&quot;],&quot;msg&quot;:&quot;Field required&quot;,&quot;input&quot;:{&quot;title&quot;:&quot;TEST_ac31e95d Film Creation Test&quot;,&quot;genre_id&quot;:&quot;action&quot;,&quot;subgenre_ids&quot;:[],&quot;director_id&quot;:&quot;b0084cdd-c0ac-4468-8092-7c508ee5dfe3&quot;,&quot;screenwriter_id&quot;:&quot;5abc1b3b-b931-403e-bbde-0c26ea672226&quot;,&quot;composer_id&quot;:&quot;62ec2649-c9a2-41a8-8be2-2c2b0b8a5bd8&quot;,&quot;actors&quot;:[{&quot;actor_id&quot;:&quot;f75668ba-40ef-4cf3-bd9f-8f6dd83e366a&quot;,&quot;role&quot;:&quot;lead&quot;},{&quot;actor_id&quot;:&quot;f0caffdc-9cdf-43dc-9878-0f23df53bd5e&quot;,&quot;role&quot;:&quot;lead&quot;},{&quot;actor_id&quot;:&quot;b7751db9-d16e-4de4-9d08-4cfcbeadf802&quot;,&quot;role&quot;:&quot;lead&quot;}],&quot;production_budget&quot;:1000000,&quot;marketing_budget&quot;:500000},&quot;url&quot;:&quot;https://errors.pydantic.dev/2.12/v/missing&quot;},{&quot;type&quot;:&quot;missing&quot;,&quot;loc&quot;:[&quot;body&quot;,&quot;locations&quot;],&quot;msg&quot;:&quot;Field required&quot;,&quot;input&quot;:{&quot;title&quot;:&quot;TEST_ac31e95d Film Creation Test&quot;,&quot;genre_id&quot;:&quot;action&quot;,&quot;subgenre_ids&quot;:[],&quot;director_id&quot;:&quot;b0084cdd-c0ac-4468-8092-7c508ee5dfe3&quot;,&quot;screenwriter_id&quot;:&quot;5abc1b3b-b931-403e-bbde-0c26ea672226&quot;,&quot;composer_id&quot;:&quot;62ec2649-c9a2-41a8-8be2-2c2b0b8a5bd8&quot;,&quot;actors&quot;:[{&quot;actor_id&quot;:&quot;f75668ba-40ef-4cf3-bd9f-8f6dd83e366a&quot;,&quot;role&quot;:&quot;lead&quot;},{&quot;actor_id&quot;:&quot;f0caffdc-9cdf-43dc-9878-0f23df53bd5e&quot;,&quot;role&quot;:&quot;lead&quot;},{&quot;actor_id&quot;:&quot;b7751db9-d16e-4de4-9d08-4cfcbeadf802&quot;,&quot;role&quot;:&quot;lead&quot;}],&quot;production_budget&quot;:1000000,&quot;marketing_budget&quot;:500000},&quot;url&quot;:&quot;https://errors.pydantic.dev/2.12/v/missing&quot;},{&quot;type&quot;:&quot;missing&quot;,&quot;loc&quot;:[&quot;body&quot;,&quot;location_days&quot;],&quot;msg&quot;:&quot;Field required&quot;,&quot;input&quot;:{&quot;title&quot;:&quot;TEST_ac31e95d Film Creation Test&quot;,&quot;genre_id&quot;:&quot;action&quot;,&quot;subgenre_ids&quot;:[],&quot;director_id&quot;:&quot;b0084cdd-c0ac-4468-8092-7c508ee5dfe3&quot;,&quot;screenwriter_id&quot;:&quot;5abc1b3b-b931-403e-bbde-0c26ea672226&quot;,&quot;composer_id&quot;:&quot;62ec2649-c9a2-41a8-8be2-2c2b0b8a5bd8&quot;,&quot;actors&quot;:[{&quot;actor_id&quot;:&quot;f75668ba-40ef-4cf3-bd9f-8f6dd83e366a&quot;,&quot;role&quot;:&quot;lead&quot;},{&quot;actor_id&quot;:&quot;f0caffdc-9cdf-43dc-9878-0f23df53bd5e&quot;,&quot;role&quot;:&quot;lead&quot;},{&quot;actor_id&quot;:&quot;b7751db9-d16e-4de4-9d08-4cfcbeadf802&quot;,&quot;role&quot;:&quot;lead&quot;}],&quot;production_budget&quot;:1000000,&quot;marketing_budget&quot;:500000},&quot;url&quot;:&quot;https://errors.pydantic.dev/2.12/v/missing&quot;},{&quot;type&quot;:&quot;missing&quot;,&quot;loc&quot;:[&quot;body&quot;,&quot;extras_count&quot;],&quot;msg&quot;:&quot;Field required&quot;,&quot;input&quot;:{&quot;title&quot;:&quot;TEST_ac31e95d Film Creation Test&quot;,&quot;genre_id&quot;:&quot;action&quot;,&quot;subgenre_ids&quot;:[],&quot;director_id&quot;:&quot;b0084cdd-c0ac-4468-8092-7c508ee5dfe3&quot;,&quot;screenwriter_id&quot;:&quot;5abc1b3b-b931-403e-bbde-0c26ea672226&quot;,&quot;composer_id&quot;:&quot;62ec2649-c9a2-41a8-8be2-2c2b0b8a5bd8&quot;,&quot;actors&quot;:[{&quot;actor_id&quot;:&quot;f75668ba-40ef-4cf3-bd9f-8f6dd83e366a&quot;,&quot;role&quot;:&quot;lead&quot;},{&quot;actor_id&quot;:&quot;f0caffdc-9cdf-43dc-9878-0f23df53bd5e&quot;,&quot;role&quot;:&quot;lead&quot;},{&quot;actor_id&quot;:&quot;b7751db9-d16e-4de4-9d08-4cfcbeadf802&quot;,&quot;role&quot;:&quot;lead&quot;}],&quot;production_budget&quot;:1000000,&quot;marketing_budget&quot;:500000},&quot;url&quot;:&quot;https://errors.pydantic.dev/2.12/v/missing&quot;},{&quot;type&quot;:&quot;missing&quot;,&quot;loc&quot;:[&quot;body&quot;,&quot;extras_cost&quot;],&quot;msg&quot;:&quot;Field required&quot;,&quot;input&quot;:{&quot;title&quot;:&quot;TEST_ac31e95d Film Creation Test&quot;,&quot;genre_id&quot;:&quot;action&quot;,&quot;subgenre_ids&quot;:[],&quot;director_id&quot;:&quot;b0084cdd-c0ac-4468-8092-7c508ee5dfe3&quot;,&quot;screenwriter_id&quot;:&quot;5abc1b3b-b931-403e-bbde-0c26ea672226&quot;,&quot;composer_id&quot;:&quot;62ec2649-c9a2-41a8-8be2-2c2b0b8a5bd8&quot;,&quot;actors&quot;:[{&quot;actor_id&quot;:&quot;f75668ba-40ef-4cf3-bd9f-8f6dd83e366a&quot;,&quot;role&quot;:&quot;lead&quot;},{&quot;actor_id&quot;:&quot;f0caffdc-9cdf-43dc-9878-0f23df53bd5e&quot;,&quot;role&quot;:&quot;lead&quot;},{&quot;actor_id&quot;:&quot;b7751db9-d16e-4de4-9d08-4cfcbeadf802&quot;,&quot;role&quot;:&quot;lead&quot;}],&quot;production_budget&quot;:1000000,&quot;marketing_budget&quot;:500000},&quot;url&quot;:&quot;https://errors.pydantic.dev/2.12/v/missing&quot;},{&quot;type&quot;:&quot;missing&quot;,&quot;loc&quot;:[&quot;body&quot;,&quot;screenplay&quot;],&quot;msg&quot;:&quot;Field required&quot;,&quot;input&quot;:{&quot;title&quot;:&quot;TEST_ac31e95d Film Creation Test&quot;,&quot;genre_id&quot;:&quot;action&quot;,&quot;subgenre_ids&quot;:[],&quot;director_id&quot;:&quot;b0084cdd-c0ac-4468-8092-7c508ee5dfe3&quot;,&quot;screenwriter_id&quot;:&quot;5abc1b3b-b931-403e-bbde-0c26ea672226&quot;,&quot;composer_id&quot;:&quot;62ec2649-c9a2-41a8-8be2-2c2b0b8a5bd8&quot;,&quot;actors&quot;:[{&quot;actor_id&quot;:&quot;f75668ba-40ef-4cf3-bd9f-8f6dd83e366a&quot;,&quot;role&quot;:&quot;lead&quot;},{&quot;actor_id&quot;:&quot;f0caffdc-9cdf-43dc-9878-0f23df53bd5e&quot;,&quot;role&quot;:&quot;lead&quot;},{&quot;actor_id&quot;:&quot;b7751db9-d16e-4de4-9d08-4cfcbeadf802&quot;,&quot;role&quot;:&quot;lead&quot;}],&quot;production_budget&quot;:1000000,&quot;marketing_budget&quot;:500000},&quot;url&quot;:&quot;https://errors.pydantic.dev/2.12/v/missing&quot;},{&quot;type&quot;:&quot;missing&quot;,&quot;loc&quot;:[&quot;body&quot;,&quot;screenplay_source&quot;],&quot;msg&quot;:&quot;Field required&quot;,&quot;input&quot;:{&quot;title&quot;:&quot;TEST_ac31e95d Film Creation Test&quot;,&quot;genre_id&quot;:&quot;action&quot;,&quot;subgenre_ids&quot;:[],&quot;director_id&quot;:&quot;b0084cdd-c0ac-4468-8092-7c508ee5dfe3&quot;,&quot;screenwriter_id&quot;:&quot;5abc1b3b-b931-403e-bbde-0c26ea672226&quot;,&quot;composer_id&quot;:&quot;62ec2649-c9a2-41a8-8be2-2c2b0b8a5bd8&quot;,&quot;actors&quot;:[{&quot;actor_id&quot;:&quot;f75668ba-40ef-4cf3-bd9f-8f6dd83e366a&quot;,&quot;role&quot;:&quot;lead&quot;},{&quot;actor_id&quot;:&quot;f0caffdc-9cdf-43dc-9878-0f23df53bd5e&quot;,&quot;role&quot;:&quot;lead&quot;},{&quot;actor_id&quot;:&quot;b7751db9-d16e-4de4-9d08-4cfcbeadf802&quot;,&quot;role&quot;:&quot;lead&quot;}],&quot;production_budget&quot;:1000000,&quot;marketing_budget&quot;:500000},&quot;url&quot;:&quot;https://errors.pydantic.dev/2.12/v/missing&quot;}]}&#10;assert 422 in [200, 201]&#10; +  where 422 = &lt;Response [422]&gt;.status_code">backend/tests/test_release_notes_automation.py:331: in test_film_creation_with_actors
    assert response.status_code in [200, 201], f"Expected 200/201, got {response.status_code}: {response.text}"
E   AssertionError: Expected 200/201, got 422: {"detail":[{"type":"missing","loc":["body","genre"],"msg":"Field required","input":{"title":"TEST_ac31e95d Film Creation Test","genre_id":"action","subgenre_ids":[],"director_id":"b0084cdd-c0ac-4468-8092-7c508ee5dfe3","screenwriter_id":"5abc1b3b-b931-403e-bbde-0c26ea672226","composer_id":"62ec2649-c9a2-41a8-8be2-2c2b0b8a5bd8","actors":[{"actor_id":"f75668ba-40ef-4cf3-bd9f-8f6dd83e366a","role":"lead"},{"actor_id":"f0caffdc-9cdf-43dc-9878-0f23df53bd5e","role":"lead"},{"actor_id":"b7751db9-d16e-4de4-9d08-4cfcbeadf802","role":"lead"}],"production_budget":1000000,"marketing_budget":500000},"url":"https://errors.pydantic.dev/2.12/v/missing"},{"type":"missing","loc":["body","release_date"],"msg":"Field required","input":{"title":"TEST_ac31e95d Film Creation Test","genre_id":"action","subgenre_ids":[],"director_id":"b0084cdd-c0ac-4468-8092-7c508ee5dfe3","screenwriter_id":"5abc1b3b-b931-403e-bbde-0c26ea672226","composer_id":"62ec2649-c9a2-41a8-8be2-2c2b0b8a5bd8","actors":[{"actor_id":"f75668ba-40ef-4cf3-bd9f-8f6dd83e366a","role":"lead"},{"actor_id":"f0caffdc-9cdf-43dc-9878-0f23df53bd5e","role":"lead"},{"actor_id":"b7751db9-d16e-4de4-9d08-4cfcbeadf802","role":"lead"}],"production_budget":1000000,"marketing_budget":500000},"url":"https://errors.pydantic.dev/2.12/v/missing"},{"type":"missing","loc":["body","weeks_in_theater"],"msg":"Field required","input":{"title":"TEST_ac31e95d Film Creation Test","genre_id":"action","subgenre_ids":[],"director_id":"b0084cdd-c0ac-4468-8092-7c508ee5dfe3","screenwriter_id":"5abc1b3b-b931-403e-bbde-0c26ea672226","composer_id":"62ec2649-c9a2-41a8-8be2-2c2b0b8a5bd8","actors":[{"actor_id":"f75668ba-40ef-4cf3-bd9f-8f6dd83e366a","role":"lead"},{"actor_id":"f0caffdc-9cdf-43dc-9878-0f23df53bd5e","role":"lead"},{"actor_id":"b7751db9-d16e-4de4-9d08-4cfcbeadf802","role":"lead"}],"production_budget":1000000,"marketing_budget":500000},"url":"https://errors.pydantic.dev/2.12/v/missing"},{"type":"missing","loc":["body","equipment_package"],"msg":"Field required","input":{"title":"TEST_ac31e95d Film Creation Test","genre_id":"action","subgenre_ids":[],"director_id":"b0084cdd-c0ac-4468-8092-7c508ee5dfe3","screenwriter_id":"5abc1b3b-b931-403e-bbde-0c26ea672226","composer_id":"62ec2649-c9a2-41a8-8be2-2c2b0b8a5bd8","actors":[{"actor_id":"f75668ba-40ef-4cf3-bd9f-8f6dd83e366a","role":"lead"},{"actor_id":"f0caffdc-9cdf-43dc-9878-0f23df53bd5e","role":"lead"},{"actor_id":"b7751db9-d16e-4de4-9d08-4cfcbeadf802","role":"lead"}],"production_budget":1000000,"marketing_budget":500000},"url":"https://errors.pydantic.dev/2.12/v/missing"},{"type":"missing","loc":["body","locations"],"msg":"Field required","input":{"title":"TEST_ac31e95d Film Creation Test","genre_id":"action","subgenre_ids":[],"director_id":"b0084cdd-c0ac-4468-8092-7c508ee5dfe3","screenwriter_id":"5abc1b3b-b931-403e-bbde-0c26ea672226","composer_id":"62ec2649-c9a2-41a8-8be2-2c2b0b8a5bd8","actors":[{"actor_id":"f75668ba-40ef-4cf3-bd9f-8f6dd83e366a","role":"lead"},{"actor_id":"f0caffdc-9cdf-43dc-9878-0f23df53bd5e","role":"lead"},{"actor_id":"b7751db9-d16e-4de4-9d08-4cfcbeadf802","role":"lead"}],"production_budget":1000000,"marketing_budget":500000},"url":"https://errors.pydantic.dev/2.12/v/missing"},{"type":"missing","loc":["body","location_days"],"msg":"Field required","input":{"title":"TEST_ac31e95d Film Creation Test","genre_id":"action","subgenre_ids":[],"director_id":"b0084cdd-c0ac-4468-8092-7c508ee5dfe3","screenwriter_id":"5abc1b3b-b931-403e-bbde-0c26ea672226","composer_id":"62ec2649-c9a2-41a8-8be2-2c2b0b8a5bd8","actors":[{"actor_id":"f75668ba-40ef-4cf3-bd9f-8f6dd83e366a","role":"lead"},{"actor_id":"f0caffdc-9cdf-43dc-9878-0f23df53bd5e","role":"lead"},{"actor_id":"b7751db9-d16e-4de4-9d08-4cfcbeadf802","role":"lead"}],"production_budget":1000000,"marketing_budget":500000},"url":"https://errors.pydantic.dev/2.12/v/missing"},{"type":"missing","loc":["body","extras_count"],"msg":"Field required","input":{"title":"TEST_ac31e95d Film Creation Test","genre_id":"action","subgenre_ids":[],"director_id":"b0084cdd-c0ac-4468-8092-7c508ee5dfe3","screenwriter_id":"5abc1b3b-b931-403e-bbde-0c26ea672226","composer_id":"62ec2649-c9a2-41a8-8be2-2c2b0b8a5bd8","actors":[{"actor_id":"f75668ba-40ef-4cf3-bd9f-8f6dd83e366a","role":"lead"},{"actor_id":"f0caffdc-9cdf-43dc-9878-0f23df53bd5e","role":"lead"},{"actor_id":"b7751db9-d16e-4de4-9d08-4cfcbeadf802","role":"lead"}],"production_budget":1000000,"marketing_budget":500000},"url":"https://errors.pydantic.dev/2.12/v/missing"},{"type":"missing","loc":["body","extras_cost"],"msg":"Field required","input":{"title":"TEST_ac31e95d Film Creation Test","genre_id":"action","subgenre_ids":[],"director_id":"b0084cdd-c0ac-4468-8092-7c508ee5dfe3","screenwriter_id":"5abc1b3b-b931-403e-bbde-0c26ea672226","composer_id":"62ec2649-c9a2-41a8-8be2-2c2b0b8a5bd8","actors":[{"actor_id":"f75668ba-40ef-4cf3-bd9f-8f6dd83e366a","role":"lead"},{"actor_id":"f0caffdc-9cdf-43dc-9878-0f23df53bd5e","role":"lead"},{"actor_id":"b7751db9-d16e-4de4-9d08-4cfcbeadf802","role":"lead"}],"production_budget":1000000,"marketing_budget":500000},"url":"https://errors.pydantic.dev/2.12/v/missing"},{"type":"missing","loc":["body","screenplay"],"msg":"Field required","input":{"title":"TEST_ac31e95d Film Creation Test","genre_id":"action","subgenre_ids":[],"director_id":"b0084cdd-c0ac-4468-8092-7c508ee5dfe3","screenwriter_id":"5abc1b3b-b931-403e-bbde-0c26ea672226","composer_id":"62ec2649-c9a2-41a8-8be2-2c2b0b8a5bd8","actors":[{"actor_id":"f75668ba-40ef-4cf3-bd9f-8f6dd83e366a","role":"lead"},{"actor_id":"f0caffdc-9cdf-43dc-9878-0f23df53bd5e","role":"lead"},{"actor_id":"b7751db9-d16e-4de4-9d08-4cfcbeadf802","role":"lead"}],"production_budget":1000000,"marketing_budget":500000},"url":"https://errors.pydantic.dev/2.12/v/missing"},{"type":"missing","loc":["body","screenplay_source"],"msg":"Field required","input":{"title":"TEST_ac31e95d Film Creation Test","genre_id":"action","subgenre_ids":[],"director_id":"b0084cdd-c0ac-4468-8092-7c508ee5dfe3","screenwriter_id":"5abc1b3b-b931-403e-bbde-0c26ea672226","composer_id":"62ec2649-c9a2-41a8-8be2-2c2b0b8a5bd8","actors":[{"actor_id":"f75668ba-40ef-4cf3-bd9f-8f6dd83e366a","role":"lead"},{"actor_id":"f0caffdc-9cdf-43dc-9878-0f23df53bd5e","role":"lead"},{"actor_id":"b7751db9-d16e-4de4-9d08-4cfcbeadf802","role":"lead"}],"production_budget":1000000,"marketing_budget":500000},"url":"https://errors.pydantic.dev/2.12/v/missing"}]}
E   assert 422 in [200, 201]
E    +  where 422 = &lt;Response [422]&gt;.status_code</failure></testcase><testcase classname="backend.tests.test_release_notes_automation.TestCreatorAuthentication" name="test_creator_login" time="0.390" /><testcase classname="backend.tests.test_release_notes_automation.TestCreatorAuthentication" name="test_regular_user_login" time="0.434" /></testsuite></testsuites>