<?xml version="1.0" encoding="utf-8"?><testsuites name="pytest tests"><testsuite name="pytest" errors="0" failures="0" skipped="0" tests="10" time="2.870" timestamp="2026-03-14T15:44:43.643920+00:00" hostname="agent-env-67ece9f2-5d69-4876-9c4c-75a2eb216ea4"><testcase classname="tests.test_iter58_step6.TestFilmExtensionSystem" name="test_duration_status_max_extensions_is_1" time="1.272" /><testcase classname="tests.test_iter58_step6.TestFilmExtensionSystem" name="test_extend_endpoint_rejects_after_1_extension" time="0.631" /><testcase classname="tests.test_iter58_step6.TestCinemaOwnerBonus" name="test_calculate_cinema_daily_revenue_includes_owner_bonus" time="0.001" /><testcase classname="tests.test_iter58_step6.TestFilmDurationSlider" name="test_filmwizard_weeks_slider_max_is_4" time="0.001" /><testcase classname="tests.test_iter58_step6.TestSkillChangeArrows" name="test_notifications_page_has_skill_arrows" time="0.000" /><testcase classname="tests.test_iter58_step6.TestSkillChangeArrows" name="test_discovered_stars_has_skill_arrows" time="0.000" /><testcase classname="tests.test_iter58_step6.TestSkillChangeArrows" name="test_cinema_journal_has_skill_arrows" time="0.000" /><testcase classname="tests.test_iter58_step6.TestFilmDetailExtensionUI" name="test_filmdetail_extension_counter_shows_1_max" time="0.000" /><testcase classname="tests.test_iter58_step6.TestAPIIntegration" name="test_discovered_stars_endpoint_returns_skill_changes" time="0.612" /><testcase classname="tests.test_iter58_step6.TestAPIIntegration" name="test_cinema_journal_endpoint_returns_star_skill_changes" time="0.301" /></testsuite></testsuites>