<?xml version="1.0" encoding="utf-8"?><testsuites name="pytest tests"><testsuite name="pytest" errors="0" failures="0" skipped="0" tests="12" time="6.671" timestamp="2026-04-06T17:10:22.402435+00:00" hostname="agent-env-abc6fb4f-7854-44b2-af9f-274136b30e7e"><testcase classname="tests.test_cinematic_events.TestEventTemplates" name="test_pick_event_tier_distribution" time="0.023" /><testcase classname="tests.test_cinematic_events.TestEventTemplates" name="test_generate_event_base_chance" time="0.000" /><testcase classname="tests.test_cinematic_events.TestEventTemplates" name="test_generate_event_quality_modifier" time="0.000" /><testcase classname="tests.test_cinematic_events.TestEventTemplates" name="test_generate_event_coming_soon_only_rare_plus" time="0.001" /><testcase classname="tests.test_cinematic_events.TestEventTemplates" name="test_generate_event_returns_correct_structure" time="0.000" /><testcase classname="tests.test_cinematic_events.TestAutoTickEventsAPI" name="test_auto_tick_events_requires_auth" time="2.747" /><testcase classname="tests.test_cinematic_events.TestAutoTickEventsAPI" name="test_auto_tick_events_returns_events" time="0.929" /><testcase classname="tests.test_cinematic_events.TestAutoTickEventsAPI" name="test_auto_tick_dismiss_endpoint" time="0.907" /><testcase classname="tests.test_cinematic_events.TestAutoTickEventsAPI" name="test_project_event_structure" time="0.951" /><testcase classname="tests.test_cinematic_events.TestFilmsWithComingSoonStatus" name="test_films_endpoint_includes_coming_soon" time="1.029" /><testcase classname="tests.test_cinematic_events.TestNoManualButtons" name="test_no_riscuoti_ora_in_infrastructure_page" time="0.001" /><testcase classname="tests.test_cinematic_events.TestNoManualButtons" name="test_no_stelle_nate_in_content_template" time="0.000" /></testsuite></testsuites>