<?xml version="1.0" encoding="utf-8"?><testsuites name="pytest tests"><testsuite name="pytest" errors="0" failures="0" skipped="0" tests="9" time="2.962" timestamp="2026-03-16T10:09:14.729536+00:00" hostname="agent-env-a015ad51-b518-4e95-80d5-e88ce825e4f7"><testcase classname="backend.tests.test_iter64_production_studio_fixed.TestProductionStudioOwnership" name="test_user_has_production_studio" time="1.644" /><testcase classname="backend.tests.test_iter64_production_studio_fixed.TestProductionStudioStatusFixed" name="test_status_returns_studio_data" time="0.160" /><testcase classname="backend.tests.test_iter64_production_studio_fixed.TestProductionStudioCastingFixed" name="test_casting_returns_recruits" time="0.100" /><testcase classname="backend.tests.test_iter64_production_studio_fixed.TestDraftGeneration" name="test_generate_draft_success" time="0.097" /><testcase classname="backend.tests.test_iter64_production_studio_fixed.TestGetDrafts" name="test_get_drafts_returns_list" time="0.109" /><testcase classname="backend.tests.test_iter64_production_studio_fixed.TestDeleteDraft" name="test_delete_nonexistent_draft" time="0.118" /><testcase classname="backend.tests.test_iter64_production_studio_fixed.TestPreProductionWithPendingFilms" name="test_get_pending_films" time="0.159" /><testcase classname="backend.tests.test_iter64_production_studio_fixed.TestPreProductionWithPendingFilms" name="test_pre_production_on_pending_film" time="0.269" /><testcase classname="backend.tests.test_iter64_production_studio_fixed.TestDashboardPendingFilms" name="test_user_has_pending_films" time="0.254" /></testsuite></testsuites>