<?xml version="1.0" encoding="utf-8"?><testsuites name="pytest tests"><testsuite name="pytest" errors="2" failures="0" skipped="0" tests="11" time="2.444" timestamp="2026-03-09T15:02:42.446225+00:00" hostname="agent-env-4013e2dd-aba6-4a7c-a263-6c061a53d50c"><testcase classname="tests.test_trailer_mobile_features.TestTrailerAPIEndpoints" name="test_trailer_status_invalid_film" time="0.625" /><testcase classname="tests.test_trailer_mobile_features.TestTrailerAPIEndpoints" name="test_generate_trailer_invalid_film" time="0.063" /><testcase classname="tests.test_trailer_mobile_features.TestFilmCreationAndTrailer" name="test_get_cast_for_film_creation" time="0.241" /><testcase classname="tests.test_trailer_mobile_features.TestFilmCreationAndTrailer" name="test_get_film_creation_resources" time="0.218" /><testcase classname="tests.test_trailer_mobile_features.TestUserFilms" name="test_get_my_films" time="0.064" /><testcase classname="tests.test_trailer_mobile_features.TestDashboardEndpoints" name="test_user_by_id" time="0.398" /><testcase classname="tests.test_trailer_mobile_features.TestDashboardEndpoints" name="test_leaderboard" time="0.249" /><testcase classname="tests.test_trailer_mobile_features.TestInfrastructureEndpoints" name="test_get_my_infrastructure" time="0.073" /><testcase classname="tests.test_trailer_mobile_features.TestInfrastructureEndpoints" name="test_infrastructure_cities" time="0.083" /><testcase classname="tests.test_trailer_mobile_features.TestCreateFilmAndTestTrailer" name="test_trailer_status_for_new_film" time="0.334"><error message="failed on setup with &quot;KeyError: 0&quot;">tests/test_trailer_mobile_features.py:224: in created_film
    "screenwriter_id": screenwriters[0]["id"] if screenwriters else "",
                       ^^^^^^^^^^^^^^^^
E   KeyError: 0</error></testcase><testcase classname="tests.test_trailer_mobile_features.TestCreateFilmAndTestTrailer" name="test_generate_trailer_insufficient_funds" time="0.000"><error message="failed on setup with &quot;KeyError: 0&quot;">tests/test_trailer_mobile_features.py:224: in created_film
    "screenwriter_id": screenwriters[0]["id"] if screenwriters else "",
                       ^^^^^^^^^^^^^^^^
E   KeyError: 0</error></testcase></testsuite></testsuites>