<?xml version="1.0" encoding="utf-8"?><testsuites name="pytest tests"><testsuite name="pytest" errors="0" failures="0" skipped="0" tests="8" time="1.568" timestamp="2026-03-17T15:58:12.957069+00:00" hostname="agent-env-7db01193-e5df-4250-9ef6-14614864395c"><testcase classname="backend.tests.test_acting_school_casting.TestActingSchoolStatus" name="test_get_acting_school_status" time="0.868" /><testcase classname="backend.tests.test_acting_school_casting.TestCastingStudentsEndpoints" name="test_get_casting_students" time="0.074" /><testcase classname="backend.tests.test_acting_school_casting.TestCastingAgencyWithAge" name="test_casting_recruits_have_age" time="0.076" /><testcase classname="backend.tests.test_acting_school_casting.TestSendToSchool" name="test_send_to_school_endpoint_exists" time="0.132" /><testcase classname="backend.tests.test_acting_school_casting.TestGraduateStudent" name="test_graduate_requires_24h" time="0.138" /><testcase classname="backend.tests.test_acting_school_casting.TestDismissStudent" name="test_dismiss_endpoint_exists" time="0.065" /><testcase classname="backend.tests.test_acting_school_casting.TestSkillsImprovement" name="test_skills_have_current_values" time="0.066" /><testcase classname="backend.tests.test_acting_school_casting.TestMaxPotentialMessage" name="test_max_potential_flag" time="0.065" /></testsuite></testsuites>