<?xml version="1.0" encoding="utf-8"?><testsuites name="pytest tests"><testsuite name="pytest" errors="0" failures="0" skipped="1" tests="19" time="9.376" timestamp="2026-03-22T19:43:50.827743+00:00" hostname="agent-env-50ce9a22-d0a3-44bf-a4be-d93f6ec30ff8"><testcase classname="backend.tests.test_iter122_notifications_refinement.TestNotificationEndpoints" name="test_get_notifications_endpoint" time="0.589" /><testcase classname="backend.tests.test_iter122_notifications_refinement.TestNotificationEndpoints" name="test_get_notifications_unread_only" time="0.520" /><testcase classname="backend.tests.test_iter122_notifications_refinement.TestNotificationEndpoints" name="test_get_popup_notifications_endpoint" time="0.640" /><testcase classname="backend.tests.test_iter122_notifications_refinement.TestNotificationEndpoints" name="test_popup_marks_shown_popup_true" time="0.575" /><testcase classname="backend.tests.test_iter122_notifications_refinement.TestNotificationEndpoints" name="test_notification_count_endpoint" time="0.554" /><testcase classname="backend.tests.test_iter122_notifications_refinement.TestNotificationEndpoints" name="test_mark_notification_read" time="0.535"><skipped type="pytest.skip" message="No unread notifications to test">/app/backend/tests/test_iter122_notifications_refinement.py:118: No unread notifications to test</skipped></testcase><testcase classname="backend.tests.test_iter122_notifications_refinement.TestNotificationEndpoints" name="test_mark_all_notifications_read" time="0.528" /><testcase classname="backend.tests.test_iter122_notifications_refinement.TestNotificationLinks" name="test_notification_link_field_exists" time="0.596" /><testcase classname="backend.tests.test_iter122_notifications_refinement.TestNotificationLinks" name="test_in_progress_notifications_link_to_create_film" time="0.616" /><testcase classname="backend.tests.test_iter122_notifications_refinement.TestNotificationLinks" name="test_completed_film_notifications_link_to_film_detail" time="0.565" /><testcase classname="backend.tests.test_iter122_notifications_refinement.TestNotificationSeverity" name="test_notifications_have_severity_field" time="0.624" /><testcase classname="backend.tests.test_iter122_notifications_refinement.TestNotificationSeverity" name="test_critical_notification_types" time="0.529" /><testcase classname="backend.tests.test_iter122_notifications_refinement.TestNotificationSeverity" name="test_important_notification_types" time="0.532" /><testcase classname="backend.tests.test_iter122_notifications_refinement.TestNotificationSeverity" name="test_positive_notification_types" time="0.529" /><testcase classname="backend.tests.test_iter122_notifications_refinement.TestAuthRequired" name="test_notifications_requires_auth" time="0.105" /><testcase classname="backend.tests.test_iter122_notifications_refinement.TestAuthRequired" name="test_popup_requires_auth" time="0.102" /><testcase classname="backend.tests.test_iter122_notifications_refinement.TestAuthRequired" name="test_count_requires_auth" time="0.101" /><testcase classname="backend.tests.test_iter122_notifications_refinement.TestFilmPipelineNotifications" name="test_coming_soon_interact_endpoint" time="0.534" /><testcase classname="backend.tests.test_iter122_notifications_refinement.TestFilmPipelineNotifications" name="test_coming_soon_hype_endpoint" time="0.545" /></testsuite></testsuites>