<?xml version="1.0" encoding="utf-8"?><testsuites name="pytest tests"><testsuite name="pytest" errors="0" failures="2" skipped="0" tests="17" time="59.822" timestamp="2026-04-09T21:17:32.257483+00:00" hostname="agent-env-df084d66-1ce8-4798-8db5-aa2693186e0f"><testcase classname="backend.tests.test_infra_refactor.TestOwnedCategoriesEndpoint" name="test_owned_categories_returns_200" time="48.353" /><testcase classname="backend.tests.test_infra_refactor.TestOwnedCategoriesEndpoint" name="test_owned_categories_structure" time="0.372" /><testcase classname="backend.tests.test_infra_refactor.TestOwnedCategoriesEndpoint" name="test_owned_categories_requires_auth" time="0.157" /><testcase classname="backend.tests.test_infra_refactor.TestInfrastructureMyEndpoint" name="test_my_infrastructure_returns_200" time="0.514" /><testcase classname="backend.tests.test_infra_refactor.TestInfrastructureMyEndpoint" name="test_my_infrastructure_structure" time="0.510" /><testcase classname="backend.tests.test_infra_refactor.TestInfrastructureTypesEndpoint" name="test_infrastructure_types_returns_200" time="1.331" /><testcase classname="backend.tests.test_infra_refactor.TestInfrastructureTypesEndpoint" name="test_infrastructure_types_has_categories" time="1.339" /><testcase classname="backend.tests.test_infra_refactor.TestInfrastructureDetailEndpoint" name="test_infrastructure_detail_with_owned" time="1.031"><failure message="AssertionError: Missing level in detail&#10;assert 'level' in {'city': {'cost_multiplier': 1.4, 'name': 'Roma', 'population': 2870000, 'wealth': 1.2}, 'country': 'Italy', 'custom_name': 'Anacapito Cine', 'daily_revenues': [], ...}">backend/tests/test_infra_refactor.py:155: in test_infrastructure_detail_with_owned
    assert "level" in detail, "Missing level in detail"
E   AssertionError: Missing level in detail
E   assert 'level' in {'city': {'cost_multiplier': 1.4, 'name': 'Roma', 'population': 2870000, 'wealth': 1.2}, 'country': 'Italy', 'custom_name': 'Anacapito Cine', 'daily_revenues': [], ...}</failure></testcase><testcase classname="backend.tests.test_infra_refactor.TestInfrastructureUpgradeInfo" name="test_upgrade_info_returns_200" time="0.970" /><testcase classname="backend.tests.test_infra_refactor.TestCategoriesMapping" name="test_strutture_types_mapping" time="0.893" /><testcase classname="backend.tests.test_infra_refactor.TestCategoriesMapping" name="test_agenzia_types_mapping" time="0.376" /><testcase classname="backend.tests.test_infra_refactor.TestCategoriesMapping" name="test_strategico_types_mapping" time="0.382" /><testcase classname="backend.tests.test_infra_refactor.TestActingSchoolEndpoints" name="test_acting_school_status" time="0.683" /><testcase classname="backend.tests.test_infra_refactor.TestActingSchoolEndpoints" name="test_acting_school_recruits" time="0.550" /><testcase classname="backend.tests.test_infra_refactor.TestCastingAgencyEndpoints" name="test_my_actors" time="0.057"><failure message="AssertionError: Expected 200, got 404&#10;assert 404 == 200&#10; +  where 404 = &lt;Response [404]&gt;.status_code">backend/tests/test_infra_refactor.py:251: in test_my_actors
    assert response.status_code == 200, f"Expected 200, got {response.status_code}"
E   AssertionError: Expected 200, got 404
E   assert 404 == 200
E    +  where 404 = &lt;Response [404]&gt;.status_code</failure></testcase><testcase classname="backend.tests.test_infra_refactor.TestPendingRevenueEndpoint" name="test_pending_revenue" time="0.919" /><testcase classname="backend.tests.test_infra_refactor.TestSecurityEndpoint" name="test_security_endpoint" time="1.270" /></testsuite></testsuites>