<?xml version="1.0" encoding="utf-8"?><testsuites name="pytest tests"><testsuite name="pytest" errors="0" failures="0" skipped="0" tests="18" time="11.687" timestamp="2026-03-21T16:19:11.770108+00:00" hostname="agent-env-46034e3d-caad-44e8-b0b8-0918d7d8a3ee"><testcase classname="backend.tests.test_iter107_release_results_view.TestAuth" name="test_login_success" time="0.855" /><testcase classname="backend.tests.test_iter107_release_results_view.TestFilmDetailEndpoint" name="test_get_film_returns_200" time="0.596" /><testcase classname="backend.tests.test_iter107_release_results_view.TestFilmDetailEndpoint" name="test_film_has_release_event_field" time="0.708" /><testcase classname="backend.tests.test_iter107_release_results_view.TestFilmDetailEndpoint" name="test_film_has_advanced_factors_field" time="0.650" /><testcase classname="backend.tests.test_iter107_release_results_view.TestFilmDetailEndpoint" name="test_film_has_film_tier_field" time="0.639" /><testcase classname="backend.tests.test_iter107_release_results_view.TestFilmDetailEndpoint" name="test_film_has_quality_score_field" time="0.642" /><testcase classname="backend.tests.test_iter107_release_results_view.TestFilmDetailEndpoint" name="test_film_has_opening_day_revenue_field" time="0.612" /><testcase classname="backend.tests.test_iter107_release_results_view.TestFilmDetailEndpoint" name="test_film_has_total_revenue_field" time="0.631" /><testcase classname="backend.tests.test_iter107_release_results_view.TestFilmDetailEndpoint" name="test_film_has_critic_reviews_field" time="0.610" /><testcase classname="backend.tests.test_iter107_release_results_view.TestFilmDetailEndpoint" name="test_film_has_imdb_rating_field" time="0.627" /><testcase classname="backend.tests.test_iter107_release_results_view.TestFilmReleaseResultsData" name="test_film_has_tier_or_factors" time="0.587" /><testcase classname="backend.tests.test_iter107_release_results_view.TestFilmReleaseResultsData" name="test_film_tier_is_valid_value" time="0.628" /><testcase classname="backend.tests.test_iter107_release_results_view.TestFilmReleaseResultsData" name="test_advanced_factors_is_dict" time="0.713" /><testcase classname="backend.tests.test_iter107_release_results_view.TestFilmReleaseResultsData" name="test_critic_reviews_is_list" time="0.570" /><testcase classname="backend.tests.test_iter107_release_results_view.TestFilmReleaseResultsData" name="test_critic_review_structure" time="0.685" /><testcase classname="backend.tests.test_iter107_release_results_view.TestPublicVisibility" name="test_can_view_other_users_film" time="0.658" /><testcase classname="backend.tests.test_iter107_release_results_view.TestPublicVisibility" name="test_release_results_visible_to_non_owner" time="0.584" /><testcase classname="backend.tests.test_iter107_release_results_view.TestFilmDetailFullResponse" name="test_full_film_response" time="0.607" /></testsuite></testsuites>