<?xml version="1.0" encoding="utf-8"?><testsuites name="pytest tests"><testsuite name="pytest" errors="0" failures="0" skipped="0" tests="19" time="9.623" timestamp="2026-03-22T19:25:55.446520+00:00" hostname="agent-env-50ce9a22-d0a3-44bf-a4be-d93f6ec30ff8"><testcase classname="backend.tests.test_iter121_notifications_system.TestNotificationEndpoints" name="test_get_notifications_returns_list" time="0.698" /><testcase classname="backend.tests.test_iter121_notifications_system.TestNotificationEndpoints" name="test_get_notifications_unread_only" time="0.566" /><testcase classname="backend.tests.test_iter121_notifications_system.TestNotificationEndpoints" name="test_get_notifications_with_limit" time="0.590" /><testcase classname="backend.tests.test_iter121_notifications_system.TestNotificationEndpoints" name="test_get_popup_notifications" time="0.547" /><testcase classname="backend.tests.test_iter121_notifications_system.TestNotificationEndpoints" name="test_popup_marks_shown_popup" time="0.653" /><testcase classname="backend.tests.test_iter121_notifications_system.TestNotificationEndpoints" name="test_get_notification_count" time="0.574" /><testcase classname="backend.tests.test_iter121_notifications_system.TestNotificationEndpoints" name="test_mark_notification_read" time="0.671" /><testcase classname="backend.tests.test_iter121_notifications_system.TestNotificationEndpoints" name="test_mark_all_notifications_read" time="0.493" /><testcase classname="backend.tests.test_iter121_notifications_system.TestNotificationEndpoints" name="test_mark_notifications_read_batch" time="0.663" /><testcase classname="backend.tests.test_iter121_notifications_system.TestNotificationEndpoints" name="test_delete_notification" time="0.664" /><testcase classname="backend.tests.test_iter121_notifications_system.TestNotificationSeverityTypes" name="test_notifications_have_severity_field" time="0.550" /><testcase classname="backend.tests.test_iter121_notifications_system.TestNotificationSeverityTypes" name="test_notification_types_mapping" time="0.566" /><testcase classname="backend.tests.test_iter121_notifications_system.TestNotificationEngineIntegration" name="test_coming_soon_list_endpoint" time="0.578" /><testcase classname="backend.tests.test_iter121_notifications_system.TestNotificationEngineIntegration" name="test_coming_soon_interact_support" time="0.595" /><testcase classname="backend.tests.test_iter121_notifications_system.TestAuthenticationRequired" name="test_notifications_requires_auth" time="0.107" /><testcase classname="backend.tests.test_iter121_notifications_system.TestAuthenticationRequired" name="test_notifications_popup_requires_auth" time="0.118" /><testcase classname="backend.tests.test_iter121_notifications_system.TestAuthenticationRequired" name="test_notifications_count_requires_auth" time="0.126" /><testcase classname="backend.tests.test_iter121_notifications_system.TestSecondUserNotifications" name="test_test_user_can_get_notifications" time="0.402" /><testcase classname="backend.tests.test_iter121_notifications_system.TestSecondUserNotifications" name="test_test_user_popup_notifications" time="0.378" /></testsuite></testsuites>