<?xml version="1.0" encoding="utf-8"?><testsuites name="pytest tests"><testsuite name="pytest" errors="0" failures="0" skipped="0" tests="14" time="10.154" timestamp="2026-03-23T19:32:09.777775+00:00" hostname="agent-env-b3fc054f-6745-432c-a23d-8b854336a2ea"><testcase classname="backend.tests.test_iter135_velion_phase2.TestVelionPhase2" name="test_player_status_dashboard_page_hint" time="0.458" /><testcase classname="backend.tests.test_iter135_velion_phase2.TestVelionPhase2" name="test_player_status_infrastructure_page_hint" time="0.406" /><testcase classname="backend.tests.test_iter135_velion_phase2.TestVelionPhase2" name="test_player_status_hq_page_hint" time="0.394" /><testcase classname="backend.tests.test_iter135_velion_phase2.TestVelionPhase2" name="test_player_status_create_film_page_hint" time="0.488" /><testcase classname="backend.tests.test_iter135_velion_phase2.TestVelionPhase2" name="test_player_status_festivals_page_hint" time="0.386" /><testcase classname="backend.tests.test_iter135_velion_phase2.TestVelionPhase2" name="test_player_status_films_page_hint" time="0.496" /><testcase classname="backend.tests.test_iter135_velion_phase2.TestVelionPhase2" name="test_player_status_no_page_param_no_hint" time="0.381" /><testcase classname="backend.tests.test_iter135_velion_phase2.TestVelionPhase2" name="test_dynamic_variants_stuck_film" time="0.640" /><testcase classname="backend.tests.test_iter135_velion_phase2.TestVelionPhase2" name="test_trigger_variants_have_priority" time="0.386" /><testcase classname="backend.tests.test_iter135_velion_phase2.TestVelionPhase2" name="test_page_hint_has_low_priority" time="0.400" /><testcase classname="backend.tests.test_iter135_velion_phase2.TestVelionPhase2" name="test_velion_ask_still_works" time="4.448" /><testcase classname="backend.tests.test_iter135_velion_phase2.TestVelionPhase2" name="test_velion_ask_empty_text" time="0.409" /><testcase classname="backend.tests.test_iter135_velion_phase2.TestVelionPhase2" name="test_player_status_returns_all_fields" time="0.392" /><testcase classname="backend.tests.test_iter135_velion_phase2.TestVelionVariantsExist" name="test_revenue_variant_messages" time="0.382" /></testsuite></testsuites>