<?xml version="1.0" encoding="utf-8"?><testsuites name="pytest tests"><testsuite name="pytest" errors="0" failures="0" skipped="1" tests="14" time="1.785" timestamp="2026-03-23T05:24:04.016668+00:00" hostname="agent-env-6e52f801-2b06-4898-b506-52e269aa2659"><testcase classname="backend.tests.test_iter125_pipeline_stepbar.TestPipelineCounts" name="test_counts_endpoint_returns_coming_soon" time="0.725" /><testcase classname="backend.tests.test_iter125_pipeline_stepbar.TestPipelineEndpoints" name="test_proposals_endpoint" time="0.139" /><testcase classname="backend.tests.test_iter125_pipeline_stepbar.TestPipelineEndpoints" name="test_casting_endpoint" time="0.103" /><testcase classname="backend.tests.test_iter125_pipeline_stepbar.TestPipelineEndpoints" name="test_screenplay_endpoint" time="0.101" /><testcase classname="backend.tests.test_iter125_pipeline_stepbar.TestPipelineEndpoints" name="test_pre_production_endpoint" time="0.140" /><testcase classname="backend.tests.test_iter125_pipeline_stepbar.TestPipelineEndpoints" name="test_shooting_endpoint" time="0.114" /><testcase classname="backend.tests.test_iter125_pipeline_stepbar.TestPipelineEndpoints" name="test_all_projects_endpoint" time="0.163" /><testcase classname="backend.tests.test_iter125_pipeline_stepbar.TestChooseReleaseStrategy" name="test_choose_release_strategy_requires_shooting_status" time="0.109" /><testcase classname="backend.tests.test_iter125_pipeline_stepbar.TestChooseReleaseStrategy" name="test_choose_release_strategy_validates_strategy" time="0.114"><skipped type="pytest.skip" message="No films in shooting status to test">/app/backend/tests/test_iter125_pipeline_stepbar.py:148: No films in shooting status to test</skipped></testcase><testcase classname="backend.tests.test_iter125_pipeline_stepbar.TestSchedulerReleasePending" name="test_scheduler_tasks_file_has_release_pending_handler" time="0.000" /><testcase classname="backend.tests.test_iter125_pipeline_stepbar.TestFlameIconImport" name="test_flame_import_exists" time="0.000" /><testcase classname="backend.tests.test_iter125_pipeline_stepbar.TestPipelineStepBarComponent" name="test_pipeline_step_bar_component_exists" time="0.000" /><testcase classname="backend.tests.test_iter125_pipeline_stepbar.TestPipelineStepBarComponent" name="test_pipeline_steps_constant_has_9_steps" time="0.000" /><testcase classname="backend.tests.test_iter125_pipeline_stepbar.TestPipelineStepBarComponent" name="test_step_bar_has_data_testids" time="0.000" /></testsuite></testsuites>