<?xml version="1.0" encoding="utf-8"?><testsuites name="pytest tests"><testsuite name="pytest" errors="0" failures="0" skipped="0" tests="16" time="15.567" timestamp="2026-03-23T19:53:51.933787+00:00" hostname="agent-env-b3fc054f-6745-432c-a23d-8b854336a2ea"><testcase classname="backend.tests.test_iter136_velion_phase3.TestVelionPhase3" name="test_tips_general_category" time="0.599" /><testcase classname="backend.tests.test_iter136_velion_phase3.TestVelionPhase3" name="test_tips_production_category" time="0.455" /><testcase classname="backend.tests.test_iter136_velion_phase3.TestVelionPhase3" name="test_tips_pvp_category" time="0.384" /><testcase classname="backend.tests.test_iter136_velion_phase3.TestVelionPhase3" name="test_tips_coming_soon_category" time="0.402" /><testcase classname="backend.tests.test_iter136_velion_phase3.TestVelionPhase3" name="test_tips_casting_category" time="0.435" /><testcase classname="backend.tests.test_iter136_velion_phase3.TestVelionPhase3" name="test_tips_infrastructure_category" time="0.404" /><testcase classname="backend.tests.test_iter136_velion_phase3.TestVelionPhase3" name="test_tips_invalid_category_fallback" time="0.411" /><testcase classname="backend.tests.test_iter136_velion_phase3.TestVelionPhase3" name="test_player_status_idle_trigger_fires" time="0.381" /><testcase classname="backend.tests.test_iter136_velion_phase3.TestVelionPhase3" name="test_player_status_idle_trigger_at_threshold" time="0.630" /><testcase classname="backend.tests.test_iter136_velion_phase3.TestVelionPhase3" name="test_player_status_no_idle_trigger_below_threshold" time="0.414" /><testcase classname="backend.tests.test_iter136_velion_phase3.TestVelionPhase3" name="test_player_status_no_idle_trigger_at_2_minutes" time="0.385" /><testcase classname="backend.tests.test_iter136_velion_phase3.TestVelionPhase3" name="test_idle_trigger_message_variants" time="0.704" /><testcase classname="backend.tests.test_iter136_velion_phase3.TestVelionPhase3" name="test_ai_ask_endpoint_works" time="3.943" /><testcase classname="backend.tests.test_iter136_velion_phase3.TestVelionPhase3" name="test_ai_response_no_emoji" time="2.000" /><testcase classname="backend.tests.test_iter136_velion_phase3.TestVelionPhase3" name="test_ai_response_in_italian" time="2.020" /><testcase classname="backend.tests.test_iter136_velion_phase3.TestVelionPhase3" name="test_ai_response_concise" time="1.915" /></testsuite></testsuites>