<?xml version="1.0" encoding="utf-8"?><testsuites name="pytest tests"><testsuite name="pytest" errors="0" failures="1" skipped="0" tests="10" time="12.403" timestamp="2026-04-16T07:58:10.735110+00:00" hostname="agent-env-f7513f2c-71ff-4f0c-a2ed-e6766d0454a3"><testcase classname="backend.tests.test_film_detail_v3.TestFilmDetailV3" name="test_01_dashboard_batch_returns_200" time="2.011" /><testcase classname="backend.tests.test_film_detail_v3.TestFilmDetailV3" name="test_02_recent_releases_endpoint" time="6.183" /><testcase classname="backend.tests.test_film_detail_v3.TestFilmDetailV3" name="test_03_released_film_detail_endpoint" time="0.617" /><testcase classname="backend.tests.test_film_detail_v3.TestFilmDetailV3" name="test_04_ad_platforms_endpoint" time="0.143" /><testcase classname="backend.tests.test_film_detail_v3.TestFilmDetailV3" name="test_05_advertising_platforms_endpoint" time="0.140" /><testcase classname="backend.tests.test_film_detail_v3.TestFilmDetailV3" name="test_06_film_advertise_endpoint_structure" time="0.597" /><testcase classname="backend.tests.test_film_detail_v3.TestFilmDetailV3" name="test_07_withdraw_theaters_endpoint_exists" time="0.473" /><testcase classname="backend.tests.test_film_detail_v3.TestFilmDetailV3" name="test_08_delete_film_endpoint_exists" time="0.604" /><testcase classname="backend.tests.test_film_detail_v3.TestFilmDetailV3" name="test_09_virtual_audience_endpoint" time="0.471"><failure message="AssertionError: Virtual audience failed: Internal Server Error&#10;assert 500 == 200&#10; +  where 500 = &lt;Response [500]&gt;.status_code">backend/tests/test_film_detail_v3.py:184: in test_09_virtual_audience_endpoint
    assert response.status_code == 200, f"Virtual audience failed: {response.text}"
E   AssertionError: Virtual audience failed: Internal Server Error
E   assert 500 == 200
E    +  where 500 = &lt;Response [500]&gt;.status_code</failure></testcase><testcase classname="backend.tests.test_film_detail_v3.TestFilmDetailV3" name="test_10_dashboard_batch_no_quality_score_crash" time="1.082" /></testsuite></testsuites>