<?xml version="1.0" encoding="utf-8"?><testsuites name="pytest tests"><testsuite name="pytest" errors="0" failures="0" skipped="0" tests="16" time="15.369" timestamp="2026-04-09T15:41:49.441197+00:00" hostname="agent-env-ab2a640f-7da0-4284-ac79-0d0fe9fc09d2"><testcase classname="backend.tests.test_tv_station_refactor.TestTVStationEndpoints" name="test_get_my_stations" time="2.070" /><testcase classname="backend.tests.test_tv_station_refactor.TestTVStationEndpoints" name="test_get_station_detail" time="1.167" /><testcase classname="backend.tests.test_tv_station_refactor.TestTVStationEndpoints" name="test_get_available_content" time="1.045" /><testcase classname="backend.tests.test_tv_station_refactor.TestTVStationEndpoints" name="test_get_scheduled_content" time="0.882" /><testcase classname="backend.tests.test_tv_station_refactor.TestTVStationBroadcastEndpoints" name="test_get_broadcast_detail" time="1.751" /><testcase classname="backend.tests.test_tv_station_refactor.TestTVStationAdSettings" name="test_update_ads" time="2.323" /><testcase classname="backend.tests.test_tv_station_refactor.TestTVStationSetupWizard" name="test_setup_step1_validation" time="0.366" /><testcase classname="backend.tests.test_tv_station_refactor.TestTVStationSetupWizard" name="test_setup_step2_validation" time="0.380" /><testcase classname="backend.tests.test_tv_station_refactor.TestTVStationContentManagement" name="test_add_remove_content_validation" time="1.463" /><testcase classname="backend.tests.test_tv_station_refactor.TestTVStationPalinsestoActions" name="test_schedule_broadcast_validation" time="0.426" /><testcase classname="backend.tests.test_tv_station_refactor.TestTVStationPalinsestoActions" name="test_retire_series_validation" time="0.425" /><testcase classname="backend.tests.test_tv_station_refactor.TestTVStationPalinsestoActions" name="test_start_reruns_validation" time="0.437" /><testcase classname="backend.tests.test_tv_station_refactor.TestTVStationPublicEndpoints" name="test_get_all_public_stations" time="0.429" /><testcase classname="backend.tests.test_tv_station_refactor.TestTVStationPublicEndpoints" name="test_get_public_station_detail" time="0.682" /><testcase classname="backend.tests.test_tv_station_refactor.TestMyFilmsSeriesView" name="test_get_my_series" time="0.810" /><testcase classname="backend.tests.test_tv_station_refactor.TestMyFilmsSeriesView" name="test_get_my_anime" time="0.618" /></testsuite></testsuites>