<?xml version="1.0" encoding="utf-8"?><testsuites name="pytest tests"><testsuite name="pytest" errors="0" failures="0" skipped="4" tests="20" time="1.950" timestamp="2026-03-09T08:33:24.808499+00:00" hostname="agent-env-6d0ff6b1-3be8-4312-976c-685d1022bbd3"><testcase classname="tests.test_hourly_revenue_system.TestHourlyRevenueEndpoints" name="test_get_hourly_revenue_without_film" time="0.512" /><testcase classname="tests.test_hourly_revenue_system.TestHourlyRevenueEndpoints" name="test_process_hourly_revenue_without_film" time="0.109" /><testcase classname="tests.test_hourly_revenue_system.TestHourlyRevenueEndpoints" name="test_process_all_hourly" time="0.099" /><testcase classname="tests.test_hourly_revenue_system.TestFilmDurationStatus" name="test_get_duration_status_invalid_film" time="0.100" /><testcase classname="tests.test_hourly_revenue_system.TestFilmDurationStatus" name="test_extend_film_invalid" time="0.110" /><testcase classname="tests.test_hourly_revenue_system.TestFilmDurationStatus" name="test_early_withdraw_invalid_film" time="0.096" /><testcase classname="tests.test_hourly_revenue_system.TestStarDiscovery" name="test_check_star_discoveries_invalid_film" time="0.099" /><testcase classname="tests.test_hourly_revenue_system.TestSkillEvolution" name="test_evolve_cast_skills_invalid_film" time="0.107" /><testcase classname="tests.test_hourly_revenue_system.TestRatingStats" name="test_get_rating_stats" time="0.128" /><testcase classname="tests.test_hourly_revenue_system.TestUserFilms" name="test_get_my_films" time="0.098" /><testcase classname="tests.test_hourly_revenue_system.TestUserFilms" name="test_hourly_revenue_for_existing_film" time="0.111"><skipped type="pytest.skip" message="No films available for testing">/app/backend/tests/test_hourly_revenue_system.py:179: No films available for testing</skipped></testcase><testcase classname="tests.test_hourly_revenue_system.TestUserFilms" name="test_duration_status_for_existing_film" time="0.102"><skipped type="pytest.skip" message="No films available for testing">/app/backend/tests/test_hourly_revenue_system.py:215: No films available for testing</skipped></testcase><testcase classname="tests.test_hourly_revenue_system.TestUserFilms" name="test_check_star_discoveries_for_existing_film" time="0.110"><skipped type="pytest.skip" message="No films available for testing">/app/backend/tests/test_hourly_revenue_system.py:251: No films available for testing</skipped></testcase><testcase classname="tests.test_hourly_revenue_system.TestUserFilms" name="test_evolve_cast_skills_for_existing_film" time="0.107"><skipped type="pytest.skip" message="No films available for testing">/app/backend/tests/test_hourly_revenue_system.py:280: No films available for testing</skipped></testcase><testcase classname="tests.test_hourly_revenue_system.TestHourlyRevenueFactors" name="test_game_systems_imports" time="0.003" /><testcase classname="tests.test_hourly_revenue_system.TestHourlyRevenueFactors" name="test_hourly_revenue_calculation" time="0.000" /><testcase classname="tests.test_hourly_revenue_system.TestHourlyRevenueFactors" name="test_duration_factors_calculation" time="0.000" /><testcase classname="tests.test_hourly_revenue_system.TestHourlyRevenueFactors" name="test_star_discovery_calculation" time="0.000" /><testcase classname="tests.test_hourly_revenue_system.TestHourlyRevenueFactors" name="test_skill_evolution_calculation" time="0.000" /><testcase classname="tests.test_hourly_revenue_system.TestHourlyRevenueFactors" name="test_negative_rating_penalty" time="0.000" /></testsuite></testsuites>