<?xml version="1.0" encoding="utf-8"?><testsuites name="pytest tests"><testsuite name="pytest" errors="0" failures="0" skipped="0" tests="11" time="4.442" timestamp="2026-03-23T05:44:01.022277+00:00" hostname="agent-env-6e52f801-2b06-4898-b506-52e269aa2659"><testcase classname="backend.tests.test_iter126_game_feel.TestAuth" name="test_login_success" time="0.543" /><testcase classname="backend.tests.test_iter126_game_feel.TestPipelineCounts" name="test_counts_endpoint_exists" time="0.655" /><testcase classname="backend.tests.test_iter126_game_feel.TestPipelineCounts" name="test_counts_returns_coming_soon_field" time="0.144" /><testcase classname="backend.tests.test_iter126_game_feel.TestPipelineCounts" name="test_counts_returns_all_expected_fields" time="0.104" /><testcase classname="backend.tests.test_iter126_game_feel.TestPipelineProposals" name="test_proposals_endpoint_exists" time="0.676" /><testcase classname="backend.tests.test_iter126_game_feel.TestPipelineProposals" name="test_proposals_returns_list" time="0.113" /><testcase classname="backend.tests.test_iter126_game_feel.TestPipelineCasting" name="test_casting_endpoint_exists" time="0.692" /><testcase classname="backend.tests.test_iter126_game_feel.TestGenresAndLocations" name="test_genres_endpoint" time="0.605" /><testcase classname="backend.tests.test_iter126_game_feel.TestGenresAndLocations" name="test_locations_endpoint" time="0.100" /><testcase classname="backend.tests.test_iter126_game_feel.TestNotifications" name="test_notifications_count_endpoint" time="0.596" /><testcase classname="backend.tests.test_iter126_game_feel.TestNotifications" name="test_notifications_popup_endpoint" time="0.143" /></testsuite></testsuites>