<?xml version="1.0" encoding="utf-8"?><testsuites name="pytest tests"><testsuite name="pytest" errors="0" failures="0" skipped="0" tests="20" time="2.263" timestamp="2026-03-08T23:16:58.754384+00:00" hostname="agent-env-9622873d-ccf9-4ee4-baef-458b5b5c6d0b"><testcase classname="backend.tests.test_cineworld.TestAuthentication" name="test_login_success" time="0.450" /><testcase classname="backend.tests.test_cineworld.TestAuthentication" name="test_get_current_user" time="0.325" /><testcase classname="backend.tests.test_cineworld.TestChat" name="test_get_chat_rooms" time="0.059" /><testcase classname="backend.tests.test_cineworld.TestChat" name="test_get_online_users" time="0.050" /><testcase classname="backend.tests.test_cineworld.TestChat" name="test_get_all_users" time="0.054" /><testcase classname="backend.tests.test_cineworld.TestChat" name="test_start_direct_message" time="0.103" /><testcase classname="backend.tests.test_cineworld.TestChat" name="test_user_heartbeat" time="0.054" /><testcase classname="backend.tests.test_cineworld.TestMiniGames" name="test_get_mini_games_list" time="0.050" /><testcase classname="backend.tests.test_cineworld.TestMiniGames" name="test_start_trivia_game" time="0.052" /><testcase classname="backend.tests.test_cineworld.TestMiniGames" name="test_game_has_questions_structure" time="0.050" /><testcase classname="backend.tests.test_cineworld.TestSocialFeed" name="test_get_social_feed" time="0.169" /><testcase classname="backend.tests.test_cineworld.TestSocialFeed" name="test_like_film_toggle" time="0.249" /><testcase classname="backend.tests.test_cineworld.TestCastNames" name="test_actors_have_diverse_nationalities" time="0.085" /><testcase classname="backend.tests.test_cineworld.TestCastNames" name="test_directors_have_diverse_nationalities" time="0.061" /><testcase classname="backend.tests.test_cineworld.TestCastNames" name="test_screenwriters_have_diverse_nationalities" time="0.060" /><testcase classname="backend.tests.test_cineworld.TestFilmWithdraw" name="test_get_my_films" time="0.053" /><testcase classname="backend.tests.test_cineworld.TestFilmWithdraw" name="test_withdraw_film_endpoint_exists" time="0.113" /><testcase classname="backend.tests.test_cineworld.TestGameData" name="test_get_sponsors" time="0.044" /><testcase classname="backend.tests.test_cineworld.TestGameData" name="test_get_locations" time="0.058" /><testcase classname="backend.tests.test_cineworld.TestGameData" name="test_get_equipment" time="0.049" /></testsuite></testsuites>