<?xml version="1.0" encoding="utf-8"?><testsuites name="pytest tests"><testsuite name="pytest" errors="0" failures="0" skipped="0" tests="41" time="0.350" timestamp="2026-03-21T14:49:14.289687+00:00" hostname="agent-env-d56bbc62-8486-4521-8e54-1878f783e5fd"><testcase classname="tests.test_iter106_series_release_events.TestSeriesEventsStructure" name="test_series_events_list_exists" time="0.021" /><testcase classname="tests.test_iter106_series_release_events.TestSeriesEventsStructure" name="test_series_events_count" time="0.000" /><testcase classname="tests.test_iter106_series_release_events.TestSeriesEventsStructure" name="test_series_event_required_fields" time="0.000" /><testcase classname="tests.test_iter106_series_release_events.TestSeriesEventsStructure" name="test_series_event_types_valid" time="0.000" /><testcase classname="tests.test_iter106_series_release_events.TestSeriesEventsStructure" name="test_series_event_rarity_valid" time="0.000" /><testcase classname="tests.test_iter106_series_release_events.TestSeriesEventsStructure" name="test_series_positive_events_have_positive_modifiers" time="0.000" /><testcase classname="tests.test_iter106_series_release_events.TestSeriesEventsStructure" name="test_series_negative_events_have_negative_modifiers" time="0.000" /><testcase classname="tests.test_iter106_series_release_events.TestAnimeEventsStructure" name="test_anime_events_list_exists" time="0.000" /><testcase classname="tests.test_iter106_series_release_events.TestAnimeEventsStructure" name="test_anime_events_count" time="0.000" /><testcase classname="tests.test_iter106_series_release_events.TestAnimeEventsStructure" name="test_anime_event_required_fields" time="0.000" /><testcase classname="tests.test_iter106_series_release_events.TestAnimeEventsStructure" name="test_anime_event_types_valid" time="0.000" /><testcase classname="tests.test_iter106_series_release_events.TestAnimeEventsStructure" name="test_anime_event_rarity_valid" time="0.000" /><testcase classname="tests.test_iter106_series_release_events.TestAnimeEventsStructure" name="test_anime_positive_events_have_positive_modifiers" time="0.000" /><testcase classname="tests.test_iter106_series_release_events.TestAnimeEventsStructure" name="test_anime_negative_events_have_negative_modifiers" time="0.000" /><testcase classname="tests.test_iter106_series_release_events.TestSpecificSeriesEvents" name="test_binge_watching_virale_exists" time="0.000" /><testcase classname="tests.test_iter106_series_release_events.TestSpecificSeriesEvents" name="test_spoiler_diffusi_exists" time="0.000" /><testcase classname="tests.test_iter106_series_release_events.TestSpecificSeriesEvents" name="test_streaming_record_is_rare" time="0.000" /><testcase classname="tests.test_iter106_series_release_events.TestSpecificSeriesEvents" name="test_calo_ascolti_drastico_is_rare" time="0.000" /><testcase classname="tests.test_iter106_series_release_events.TestSpecificAnimeEvents" name="test_fandom_esplosivo_exists" time="0.000" /><testcase classname="tests.test_iter106_series_release_events.TestSpecificAnimeEvents" name="test_sakuga_leggendario_exists" time="0.000" /><testcase classname="tests.test_iter106_series_release_events.TestSpecificAnimeEvents" name="test_global_sensation_is_rare" time="0.000" /><testcase classname="tests.test_iter106_series_release_events.TestSpecificAnimeEvents" name="test_seasonal_buried_is_rare" time="0.000" /><testcase classname="tests.test_iter106_series_release_events.TestSpecificAnimeEvents" name="test_opening_virale_exists" time="0.000" /><testcase classname="tests.test_iter106_series_release_events.TestGenerateSeriesReleaseEventFunction" name="test_function_exists" time="0.000" /><testcase classname="tests.test_iter106_series_release_events.TestGenerateSeriesReleaseEventFunction" name="test_function_returns_event_for_series" time="0.000" /><testcase classname="tests.test_iter106_series_release_events.TestGenerateSeriesReleaseEventFunction" name="test_function_returns_event_for_anime" time="0.000" /><testcase classname="tests.test_iter106_series_release_events.TestGenerateSeriesReleaseEventFunction" name="test_series_and_anime_use_different_pools" time="0.001" /><testcase classname="tests.test_iter106_series_release_events.TestGenerateSeriesReleaseEventFunction" name="test_modifiers_have_variance" time="0.001" /><testcase classname="tests.test_iter106_series_release_events.TestGenerateSeriesReleaseEventFunction" name="test_quality_affects_event_probability" time="0.002" /><testcase classname="tests.test_iter106_series_release_events.TestEventWeights" name="test_event_weights_exist" time="0.000" /><testcase classname="tests.test_iter106_series_release_events.TestEventWeights" name="test_event_weights_cover_all_rarities" time="0.000" /><testcase classname="tests.test_iter106_series_release_events.TestEventWeights" name="test_common_has_highest_weight" time="0.000" /><testcase classname="tests.test_iter106_series_release_events.TestEventDescriptionsInItalian" name="test_series_descriptions_are_in_italian" time="0.000" /><testcase classname="tests.test_iter106_series_release_events.TestEventDescriptionsInItalian" name="test_anime_descriptions_are_in_italian" time="0.000" /><testcase classname="tests.test_iter106_series_release_events.TestEventDescriptionsInItalian" name="test_series_event_names_are_in_italian" time="0.000" /><testcase classname="tests.test_iter106_series_release_events.TestEventDescriptionsInItalian" name="test_anime_event_names_are_in_italian" time="0.000" /><testcase classname="tests.test_iter106_series_release_events.TestEventTypeDistribution" name="test_series_has_all_event_types" time="0.000" /><testcase classname="tests.test_iter106_series_release_events.TestEventTypeDistribution" name="test_anime_has_all_event_types" time="0.000" /><testcase classname="tests.test_iter106_series_release_events.TestUniqueEventIds" name="test_series_event_ids_unique" time="0.000" /><testcase classname="tests.test_iter106_series_release_events.TestUniqueEventIds" name="test_anime_event_ids_unique" time="0.000" /><testcase classname="tests.test_iter106_series_release_events.TestUniqueEventIds" name="test_series_and_anime_pools_are_separate" time="0.001" /></testsuite></testsuites>