<?xml version="1.0" encoding="utf-8"?><testsuites name="pytest tests"><testsuite name="pytest" errors="0" failures="0" skipped="0" tests="12" time="6.937" timestamp="2026-03-22T19:07:50.249894+00:00" hostname="agent-env-50ce9a22-d0a3-44bf-a4be-d93f6ec30ff8"><testcase classname="backend.tests.test_iter120_ready_for_casting_bugfix.TestAuthentication" name="test_admin_login" time="0.572" /><testcase classname="backend.tests.test_iter120_ready_for_casting_bugfix.TestAuthentication" name="test_test_user_login" time="0.340" /><testcase classname="backend.tests.test_iter120_ready_for_casting_bugfix.TestFilmPipelineProposals" name="test_proposals_endpoint_returns_ready_for_casting" time="0.472" /><testcase classname="backend.tests.test_iter120_ready_for_casting_bugfix.TestFilmPipelineCounts" name="test_counts_endpoint" time="0.455" /><testcase classname="backend.tests.test_iter120_ready_for_casting_bugfix.TestFilmPipelineCasting" name="test_casting_endpoint_returns_films" time="0.428" /><testcase classname="backend.tests.test_iter120_ready_for_casting_bugfix.TestAdvanceToCasting" name="test_advance_to_casting_accepts_ready_for_casting" time="0.602" /><testcase classname="backend.tests.test_iter120_ready_for_casting_bugfix.TestSeriesPipelineReadyForCasting" name="test_series_my_endpoint" time="0.459" /><testcase classname="backend.tests.test_iter120_ready_for_casting_bugfix.TestSeriesPipelineReadyForCasting" name="test_series_counts_endpoint" time="0.427" /><testcase classname="backend.tests.test_iter120_ready_for_casting_bugfix.TestNoPageCrash" name="test_all_pipeline_endpoints_no_500" time="1.238" /><testcase classname="backend.tests.test_iter120_ready_for_casting_bugfix.TestNoPageCrash" name="test_series_pipeline_endpoints_no_500" time="0.956" /><testcase classname="backend.tests.test_iter120_ready_for_casting_bugfix.TestComingSoonEndpoints" name="test_coming_soon_list" time="0.445" /><testcase classname="backend.tests.test_iter120_ready_for_casting_bugfix.TestKnownFilmStatus" name="test_known_film_not_completed_prematurely" time="0.470" /></testsuite></testsuites>