<?xml version="1.0" encoding="utf-8"?><testsuites name="pytest tests"><testsuite name="pytest" errors="0" failures="0" skipped="0" tests="17" time="2.157" timestamp="2026-03-22T02:39:52.832309+00:00" hostname="agent-env-46034e3d-caad-44e8-b0b8-0918d7d8a3ee"><testcase classname="backend.tests.test_iter111_series_release_poster.TestAuth" name="test_login_success" time="0.580" /><testcase classname="backend.tests.test_iter111_series_release_poster.TestCodeReviewSeriesPipeline" name="test_no_b64_json_references" time="0.000" /><testcase classname="backend.tests.test_iter111_series_release_poster.TestCodeReviewSeriesPipeline" name="test_number_of_images_parameter" time="0.000" /><testcase classname="backend.tests.test_iter111_series_release_poster.TestCodeReviewSeriesPipeline" name="test_single_db_update_in_release" time="0.000" /><testcase classname="backend.tests.test_iter111_series_release_poster.TestCodeReviewSeriesPipeline" name="test_release_event_generation_exists" time="0.000" /><testcase classname="backend.tests.test_iter111_series_release_poster.TestCodeReviewFrontend" name="test_release_timeout_60s" time="0.000" /><testcase classname="backend.tests.test_iter111_series_release_poster.TestSeriesReleaseAPI" name="test_get_series_detail" time="0.605" /><testcase classname="backend.tests.test_iter111_series_release_poster.TestSeriesReleaseAPI" name="test_completed_series_has_release_event" time="0.055" /><testcase classname="backend.tests.test_iter111_series_release_poster.TestSeriesReleaseAPI" name="test_completed_anime_has_release_event" time="0.056" /><testcase classname="backend.tests.test_iter111_series_release_poster.TestPosterGeneration" name="test_poster_status_endpoint" time="0.219" /><testcase classname="backend.tests.test_iter111_series_release_poster.TestPosterGeneration" name="test_existing_poster_accessible" time="0.207" /><testcase classname="backend.tests.test_iter111_series_release_poster.TestSeriesListAndCounts" name="test_get_my_series" time="0.050" /><testcase classname="backend.tests.test_iter111_series_release_poster.TestSeriesListAndCounts" name="test_get_anime_series" time="0.048" /><testcase classname="backend.tests.test_iter111_series_release_poster.TestSeriesListAndCounts" name="test_get_series_counts" time="0.161" /><testcase classname="backend.tests.test_iter111_series_release_poster.TestReleaseResponseStructure" name="test_release_response_fields_in_code" time="0.000" /><testcase classname="backend.tests.test_iter111_series_release_poster.TestGenresEndpoint" name="test_get_tv_genres" time="0.045" /><testcase classname="backend.tests.test_iter111_series_release_poster.TestGenresEndpoint" name="test_get_anime_genres" time="0.049" /></testsuite></testsuites>