<?xml version="1.0" encoding="utf-8"?><testsuites name="pytest tests"><testsuite name="pytest" errors="0" failures="0" skipped="0" tests="8" time="8.323" timestamp="2026-03-16T05:35:51.681102+00:00" hostname="agent-env-0aa8407c-be23-4105-8a26-c42246ab33df"><testcase classname="backend.tests.test_iter60_battle_cinepass.TestAuth" name="test_login_success" time="0.603" /><testcase classname="backend.tests.test_iter60_battle_cinepass.TestCinePassBattleReward" name="test_get_user_cinepass" time="0.742" /><testcase classname="backend.tests.test_iter60_battle_cinepass.TestCinePassBattleReward" name="test_challenge_limits_show_cinepass_reward" time="0.616" /><testcase classname="backend.tests.test_iter60_battle_cinepass.TestCinePassBattleReward" name="test_get_my_films_for_battle" time="1.139" /><testcase classname="backend.tests.test_iter60_battle_cinepass.TestCinePassBattleReward" name="test_offline_battle_cinepass_reward" time="1.760" /><testcase classname="backend.tests.test_iter60_battle_cinepass.TestDashboardFeatures" name="test_featured_films_endpoint" time="0.992" /><testcase classname="backend.tests.test_iter60_battle_cinepass.TestDashboardFeatures" name="test_films_have_poster_url" time="1.124" /><testcase classname="backend.tests.test_iter60_battle_cinepass.TestFilmDetail" name="test_film_detail_with_trailer" time="1.277" /></testsuite></testsuites>