<?xml version="1.0" encoding="utf-8"?><testsuites name="pytest tests"><testsuite name="pytest" errors="0" failures="0" skipped="0" tests="15" time="11.845" timestamp="2026-03-16T09:11:05.594003+00:00" hostname="agent-env-a015ad51-b518-4e95-80d5-e88ce825e4f7"><testcase classname="backend.tests.test_production_studio.TestProductionStudioStatus" name="test_status_returns_404_without_studio" time="0.732" /><testcase classname="backend.tests.test_production_studio.TestProductionStudioCasting" name="test_casting_returns_404_without_studio" time="0.137" /><testcase classname="backend.tests.test_production_studio.TestProductionStudioPreProduction" name="test_pre_production_returns_404_without_studio" time="0.108" /><testcase classname="backend.tests.test_production_studio.TestProductionStudioRemaster" name="test_remaster_returns_404_without_studio" time="0.142" /><testcase classname="backend.tests.test_production_studio.TestProductionStudioDrafts" name="test_generate_draft_returns_404_without_studio" time="0.116" /><testcase classname="backend.tests.test_production_studio.TestProductionStudioDrafts" name="test_get_drafts_endpoint_exists" time="0.101" /><testcase classname="backend.tests.test_production_studio.TestProductionStudioDrafts" name="test_delete_draft_nonexistent" time="0.104" /><testcase classname="backend.tests.test_production_studio.TestInfrastructureOwnership" name="test_user_infrastructure_list" time="1.126" /><testcase classname="backend.tests.test_production_studio.TestFilmCreationWithDraft" name="test_film_endpoint_exists" time="8.479" /><testcase classname="backend.tests.test_production_studio.TestAuthRequirements" name="test_status_requires_auth" time="0.123" /><testcase classname="backend.tests.test_production_studio.TestAuthRequirements" name="test_casting_requires_auth" time="0.150" /><testcase classname="backend.tests.test_production_studio.TestAuthRequirements" name="test_generate_draft_requires_auth" time="0.148" /><testcase classname="backend.tests.test_production_studio.TestAuthRequirements" name="test_drafts_requires_auth" time="0.094" /><testcase classname="backend.tests.test_production_studio.TestEndpointValidation" name="test_pre_production_requires_bonus_type" time="0.105" /><testcase classname="backend.tests.test_production_studio.TestEndpointValidation" name="test_generate_draft_requires_genre" time="0.107" /></testsuite></testsuites>