<?xml version="1.0" encoding="utf-8"?><testsuites name="pytest tests"><testsuite name="pytest" errors="0" failures="0" skipped="0" tests="9" time="2.146" timestamp="2026-03-18T19:51:20.159321+00:00" hostname="agent-env-c865ac95-b16d-4b1e-841f-1397eb772b21"><testcase classname="tests.test_iter89_production_menu.TestProductionStudioUnlockStatus" name="test_01_unlock_status_returns_200" time="0.821" /><testcase classname="tests.test_iter89_production_menu.TestProductionStudioUnlockStatus" name="test_02_has_production_studio_flag" time="0.126" /><testcase classname="tests.test_iter89_production_menu.TestProductionStudioUnlockStatus" name="test_03_sub_studios_locked_by_default" time="0.142" /><testcase classname="tests.test_iter89_production_menu.TestProductionStudioUnlockStatus" name="test_04_requirements_structure" time="0.171" /><testcase classname="tests.test_iter89_production_menu.TestProductionStudioUnlockStatus" name="test_05_studios_info_present" time="0.151" /><testcase classname="tests.test_iter89_production_menu.TestSubStudioRoutes" name="test_06_create_series_route_exists" time="0.154" /><testcase classname="tests.test_iter89_production_menu.TestSubStudioRoutes" name="test_07_create_anime_route_exists" time="0.194" /><testcase classname="tests.test_iter89_production_menu.TestSubStudioRoutes" name="test_08_my_tv_route_exists" time="0.122" /><testcase classname="tests.test_iter89_production_menu.TestAuthRequired" name="test_09_unauthenticated_request_fails" time="0.196" /></testsuite></testsuites>