<?xml version="1.0" encoding="utf-8"?><testsuites name="pytest tests"><testsuite name="pytest" errors="0" failures="0" skipped="0" tests="11" time="5.880" timestamp="2026-03-15T03:28:56.907851+00:00" hostname="agent-env-1485d9b6-9a3d-4708-b4e7-017bfcfce162"><testcase classname="tests.test_iter59_new_features.TestFestivalCreationCost" name="test_festival_creation_cost_api_exists" time="0.698" /><testcase classname="tests.test_iter59_new_features.TestFestivalCreationCost" name="test_festival_creation_cost_returns_can_create_true" time="0.681" /><testcase classname="tests.test_iter59_new_features.TestFestivalCreationCost" name="test_festival_creation_cost_reasonable_amount" time="0.702" /><testcase classname="tests.test_iter59_new_features.TestFestivalCreationCost" name="test_festival_required_level_is_1" time="0.640" /><testcase classname="tests.test_iter59_new_features.TestDailyContestsDefinition" name="test_contest_definitions_in_code" time="0.000" /><testcase classname="tests.test_iter59_new_features.TestChallengeRewards" name="test_challenge_limits_shows_cinepass_reward" time="0.638" /><testcase classname="tests.test_iter59_new_features.TestReturnBonus" name="test_auth_me_endpoint_exists" time="0.771" /><testcase classname="tests.test_iter59_new_features.TestRememberMeLogin" name="test_login_with_remember_me_true" time="0.494" /><testcase classname="tests.test_iter59_new_features.TestRememberMeLogin" name="test_login_with_remember_me_false" time="0.530" /><testcase classname="tests.test_iter59_new_features.TestRevenueBoost" name="test_revenue_boost_in_code" time="0.000" /><testcase classname="tests.test_iter59_new_features.TestUsersList" name="test_all_players_endpoint_returns_last_active_field" time="0.676" /></testsuite></testsuites>