<?xml version="1.0" encoding="utf-8"?><testsuites name="pytest tests"><testsuite name="pytest" errors="0" failures="0" skipped="0" tests="10" time="1.855" timestamp="2026-03-18T21:20:25.787287+00:00" hostname="agent-env-9584c597-e319-495d-b8cc-6ce935db388e"><testcase classname="backend.tests.test_dashboard_iter93.TestDashboardBatchEndpoint" name="test_dashboard_batch_returns_200" time="0.793" /><testcase classname="backend.tests.test_dashboard_iter93.TestDashboardBatchEndpoint" name="test_dashboard_batch_has_my_series_field" time="0.207" /><testcase classname="backend.tests.test_dashboard_iter93.TestDashboardBatchEndpoint" name="test_dashboard_batch_has_my_anime_field" time="0.103" /><testcase classname="backend.tests.test_dashboard_iter93.TestDashboardBatchEndpoint" name="test_dashboard_batch_has_recent_releases_field" time="0.096" /><testcase classname="backend.tests.test_dashboard_iter93.TestDashboardBatchEndpoint" name="test_recent_releases_has_producer_info" time="0.097" /><testcase classname="backend.tests.test_dashboard_iter93.TestDashboardBatchEndpoint" name="test_my_series_structure" time="0.103" /><testcase classname="backend.tests.test_dashboard_iter93.TestDashboardBatchEndpoint" name="test_my_anime_structure" time="0.116" /><testcase classname="backend.tests.test_dashboard_iter93.TestDashboardBatchEndpoint" name="test_featured_films_still_present" time="0.103" /><testcase classname="backend.tests.test_dashboard_iter93.TestDashboardBatchEndpoint" name="test_stats_field_present" time="0.107" /><testcase classname="backend.tests.test_dashboard_iter93.TestMySeries" name="test_my_series_endpoint_exists" time="0.077" /></testsuite></testsuites>