<?xml version="1.0" encoding="utf-8"?><testsuites name="pytest tests"><testsuite name="pytest" errors="0" failures="0" skipped="0" tests="13" time="62.765" timestamp="2026-03-13T18:35:41.379612+00:00" hostname="agent-env-e3b9aa71-1966-4456-a79e-7c13492a9460"><testcase classname="backend.tests.test_bug_fixes_iter51.TestPosterGeneration" name="test_poster_start_endpoint_returns_task_id" time="0.656" /><testcase classname="backend.tests.test_bug_fixes_iter51.TestPosterGeneration" name="test_poster_status_endpoint" time="35.755" /><testcase classname="backend.tests.test_bug_fixes_iter51.TestPosterGeneration" name="test_poster_status_polling_eventually_completes" time="16.336" /><testcase classname="backend.tests.test_bug_fixes_iter51.TestPosterGeneration" name="test_poster_fallback_always_returns_image" time="0.223" /><testcase classname="backend.tests.test_bug_fixes_iter51.TestPosterGeneration" name="test_poster_fallback_multiple_genres" time="1.587" /><testcase classname="backend.tests.test_bug_fixes_iter51.TestEmergingScreenplaysAPI" name="test_get_emerging_screenplays_list" time="0.152" /><testcase classname="backend.tests.test_bug_fixes_iter51.TestEmergingScreenplaysAPI" name="test_get_screenplay_detail" time="0.257" /><testcase classname="backend.tests.test_bug_fixes_iter51.TestFilmCreationWithActors" name="test_get_actors_list" time="0.136" /><testcase classname="backend.tests.test_bug_fixes_iter51.TestFilmCreationWithActors" name="test_get_directors_list" time="0.157" /><testcase classname="backend.tests.test_bug_fixes_iter51.TestFilmCreationWithActors" name="test_get_screenwriters_list" time="0.366" /><testcase classname="backend.tests.test_bug_fixes_iter51.TestFilmCreationWithActors" name="test_get_composers_list" time="0.146" /><testcase classname="backend.tests.test_bug_fixes_iter51.TestFilmCreationWithActors" name="test_create_film_with_actor_id_format" time="6.629" /><testcase classname="backend.tests.test_bug_fixes_iter51.TestEmergingScreenplayPurchaseFlow" name="test_accept_screenplay_full_package_format" time="0.307" /></testsuite></testsuites>