<?xml version="1.0" encoding="utf-8"?><testsuites name="pytest tests"><testsuite name="pytest" errors="0" failures="0" skipped="0" tests="13" time="24.978" timestamp="2026-03-18T11:20:45.680547+00:00" hostname="agent-env-6ef8fe3a-67e0-4e30-8e7d-623ee1bdfc43"><testcase classname="backend.tests.test_iter82_performance_optimization.TestDashboardBatchEndpoint" name="test_dashboard_batch_returns_all_data" time="1.250" /><testcase classname="backend.tests.test_iter82_performance_optimization.TestDashboardBatchEndpoint" name="test_dashboard_batch_stats_structure" time="0.571" /><testcase classname="backend.tests.test_iter82_performance_optimization.TestDashboardBatchEndpoint" name="test_dashboard_batch_featured_films_structure" time="0.527" /><testcase classname="backend.tests.test_iter82_performance_optimization.TestDashboardBatchEndpoint" name="test_dashboard_batch_pending_revenue_structure" time="0.470" /><testcase classname="backend.tests.test_iter82_performance_optimization.TestCineboardEndpoints" name="test_cineboard_now_playing" time="2.058" /><testcase classname="backend.tests.test_iter82_performance_optimization.TestCineboardEndpoints" name="test_cineboard_daily_with_trend" time="2.860" /><testcase classname="backend.tests.test_iter82_performance_optimization.TestCineboardEndpoints" name="test_cineboard_weekly_with_trend" time="1.639" /><testcase classname="backend.tests.test_iter82_performance_optimization.TestCineboardEndpoints" name="test_cineboard_caching_speed" time="3.007" /><testcase classname="backend.tests.test_iter82_performance_optimization.TestFilmPipelineEndpoints" name="test_film_pipeline_casting" time="0.589" /><testcase classname="backend.tests.test_iter82_performance_optimization.TestFilmPipelineEndpoints" name="test_genres_endpoint" time="0.107" /><testcase classname="backend.tests.test_iter82_performance_optimization.TestFilmPipelineEndpoints" name="test_locations_endpoint" time="0.110" /><testcase classname="backend.tests.test_iter82_performance_optimization.TestResponseTimes" name="test_dashboard_batch_response_time" time="2.370" /><testcase classname="backend.tests.test_iter82_performance_optimization.TestResponseTimes" name="test_cineboard_response_times" time="9.334" /></testsuite></testsuites>