<?xml version="1.0" encoding="utf-8"?><testsuites name="pytest tests"><testsuite name="pytest" errors="0" failures="0" skipped="1" tests="19" time="53.834" timestamp="2026-03-22T13:27:49.349344+00:00" hostname="agent-env-11fe1dc3-40f6-45f7-a600-3e2d5a3f637f"><testcase classname="backend.tests.test_iter117_anime_series_pipeline.TestAnimeGenres" name="test_get_anime_genres" time="0.607" /><testcase classname="backend.tests.test_iter117_anime_series_pipeline.TestTVSeriesGenres" name="test_get_tv_series_genres" time="0.116" /><testcase classname="backend.tests.test_iter117_anime_series_pipeline.TestAnimeCreation" name="test_create_anime_success" time="0.101" /><testcase classname="backend.tests.test_iter117_anime_series_pipeline.TestAnimeCreation" name="test_create_anime_invalid_genre" time="0.107" /><testcase classname="backend.tests.test_iter117_anime_series_pipeline.TestAnimePipelineFlow" name="test_advance_to_casting" time="0.363" /><testcase classname="backend.tests.test_iter117_anime_series_pipeline.TestAnimePipelineFlow" name="test_get_available_actors_anime" time="0.210" /><testcase classname="backend.tests.test_iter117_anime_series_pipeline.TestAnimePipelineFlow" name="test_advance_to_screenplay_skip_casting" time="0.225" /><testcase classname="backend.tests.test_iter117_anime_series_pipeline.TestAnimePipelineFlow" name="test_write_screenplay" time="17.448" /><testcase classname="backend.tests.test_iter117_anime_series_pipeline.TestAnimePipelineFlow" name="test_start_production" time="0.225" /><testcase classname="backend.tests.test_iter117_anime_series_pipeline.TestSpeedUpProduction" name="test_speed_up_production_endpoint" time="0.293" /><testcase classname="backend.tests.test_iter117_anime_series_pipeline.TestPosterGeneration" name="test_generate_poster_ai_auto" time="16.051" /><testcase classname="backend.tests.test_iter117_anime_series_pipeline.TestPosterGeneration" name="test_generate_poster_ai_custom" time="16.851" /><testcase classname="backend.tests.test_iter117_anime_series_pipeline.TestPosterGeneration" name="test_poster_status" time="0.126" /><testcase classname="backend.tests.test_iter117_anime_series_pipeline.TestReleaseEndpoint" name="test_release_returns_full_data" time="0.214"><skipped type="pytest.skip" message="No anime ready to release">/app/backend/tests/test_iter117_anime_series_pipeline.py:460: No anime ready to release</skipped></testcase><testcase classname="backend.tests.test_iter117_anime_series_pipeline.TestTVSeriesCreation" name="test_create_tv_series_success" time="0.099" /><testcase classname="backend.tests.test_iter117_anime_series_pipeline.TestParallelProjects" name="test_get_series_counts" time="0.105" /><testcase classname="backend.tests.test_iter117_anime_series_pipeline.TestParallelProjects" name="test_my_series_returns_all" time="0.199" /><testcase classname="backend.tests.test_iter117_anime_series_pipeline.TestCleanup" name="test_discard_test_anime" time="0.201" /><testcase classname="backend.tests.test_iter117_anime_series_pipeline.TestCleanup" name="test_discard_test_tv_series" time="0.202" /></testsuite></testsuites>