<?xml version="1.0" encoding="utf-8"?><testsuites name="pytest tests"><testsuite name="pytest" errors="0" failures="0" skipped="2" tests="13" time="3.344" timestamp="2026-03-19T17:19:17.118756+00:00" hostname="agent-env-a2cfc707-92c7-43f1-b193-31235f8159e5"><testcase classname="backend.tests.test_iter100_casting_agency.TestLogin" name="test_login_success" time="0.784" /><testcase classname="backend.tests.test_iter100_casting_agency.TestAgencyInfo" name="test_agency_info_returns_correct_structure" time="0.223" /><testcase classname="backend.tests.test_iter100_casting_agency.TestAgencyRecruits" name="test_recruits_returns_weekly_pool" time="0.167" /><testcase classname="backend.tests.test_iter100_casting_agency.TestAgencyRecruits" name="test_recruits_have_genre_info" time="0.176" /><testcase classname="backend.tests.test_iter100_casting_agency.TestAgencyRecruit" name="test_recruit_actor_success" time="0.326" /><testcase classname="backend.tests.test_iter100_casting_agency.TestAgencyRecruit" name="test_recruit_agency_full_error" time="0.168" /><testcase classname="backend.tests.test_iter100_casting_agency.TestAgencyActors" name="test_list_agency_actors" time="0.177" /><testcase classname="backend.tests.test_iter100_casting_agency.TestAgencyFire" name="test_fire_actor_removes_from_agency" time="0.623" /><testcase classname="backend.tests.test_iter100_casting_agency.TestAgencyActorsForCasting" name="test_actors_for_casting_structure" time="0.139" /><testcase classname="backend.tests.test_iter100_casting_agency.TestAgencyCastForFilm" name="test_cast_agency_actors_requires_casting_status" time="0.157"><skipped type="pytest.skip" message="No effective agency actors to cast">/app/backend/tests/test_iter100_casting_agency.py:312: No effective agency actors to cast</skipped></testcase><testcase classname="backend.tests.test_iter100_casting_agency.TestAgencyCastForFilm" name="test_cast_agency_endpoint_structure" time="0.155" /><testcase classname="backend.tests.test_iter100_casting_agency.TestAgencyCastForSeries" name="test_cast_agency_actors_for_series_requires_casting_status" time="0.147"><skipped type="pytest.skip" message="No effective agency actors to cast">/app/backend/tests/test_iter100_casting_agency.py:352: No effective agency actors to cast</skipped></testcase><testcase classname="backend.tests.test_iter100_casting_agency.TestAgencyBonusCalculation" name="test_bonus_multipliers" time="0.000" /></testsuite></testsuites>