<?xml version="1.0" encoding="utf-8"?><testsuites name="pytest tests"><testsuite name="pytest" errors="0" failures="0" skipped="0" tests="18" time="4.215" timestamp="2026-03-08T23:47:06.485408+00:00" hostname="agent-env-9622873d-ccf9-4ee4-baef-458b5b5c6d0b"><testcase classname="backend.tests.test_new_features.TestAvatars" name="test_avatars_endpoint_returns_20" time="0.150" /><testcase classname="backend.tests.test_new_features.TestAvatars" name="test_avatars_have_correct_structure" time="0.104" /><testcase classname="backend.tests.test_new_features.TestAvatars" name="test_avatars_categories_distribution" time="0.145" /><testcase classname="backend.tests.test_new_features.TestAvatars" name="test_avatars_use_dicebear_v9" time="0.118" /><testcase classname="backend.tests.test_new_features.TestAvatars" name="test_avatars_have_modern_styles" time="0.116" /><testcase classname="backend.tests.test_new_features.TestGenres" name="test_genres_endpoint_returns_16" time="0.117" /><testcase classname="backend.tests.test_new_features.TestGenres" name="test_genres_have_correct_keys" time="0.115" /><testcase classname="backend.tests.test_new_features.TestGenres" name="test_each_genre_has_6_subgenres" time="0.120" /><testcase classname="backend.tests.test_new_features.TestGenres" name="test_genre_structure" time="0.099" /><testcase classname="backend.tests.test_new_features.TestActorRoles" name="test_actor_roles_endpoint_exists" time="0.156" /><testcase classname="backend.tests.test_new_features.TestActorRoles" name="test_actor_roles_returns_5_roles" time="0.115" /><testcase classname="backend.tests.test_new_features.TestActorRoles" name="test_actor_roles_have_correct_ids" time="0.109" /><testcase classname="backend.tests.test_new_features.TestActorRoles" name="test_actor_roles_have_translations" time="0.105" /><testcase classname="backend.tests.test_new_features.TestMiniGameTranslations" name="test_minigames_list_available" time="0.424" /><testcase classname="backend.tests.test_new_features.TestMiniGameTranslations" name="test_trivia_questions_in_italian" time="0.433" /><testcase classname="backend.tests.test_new_features.TestMiniGameTranslations" name="test_genre_game_questions_in_italian" time="0.433" /><testcase classname="backend.tests.test_new_features.TestMiniGameTranslations" name="test_director_game_questions_in_italian" time="0.473" /><testcase classname="backend.tests.test_new_features.TestFilmCreationWithRoles" name="test_film_create_accepts_actor_roles" time="0.806" /></testsuite></testsuites>