<?xml version="1.0" encoding="utf-8"?><testsuites name="pytest tests"><testsuite name="pytest" errors="0" failures="0" skipped="0" tests="11" time="5.969" timestamp="2026-03-10T21:36:28.029495+00:00" hostname="agent-env-7976640d-ef52-4494-b1c8-75b18d7734d4"><testcase classname="backend.tests.test_players_popup_features.TestAllPlayersEndpoint" name="test_all_players_returns_list" time="0.592" /><testcase classname="backend.tests.test_players_popup_features.TestAllPlayersEndpoint" name="test_all_players_structure" time="0.614" /><testcase classname="backend.tests.test_players_popup_features.TestAllPlayersEndpoint" name="test_all_players_has_online_status" time="0.506" /><testcase classname="backend.tests.test_players_popup_features.TestFullProfileEndpoint" name="test_full_profile_returns_profile" time="0.593" /><testcase classname="backend.tests.test_players_popup_features.TestFullProfileEndpoint" name="test_full_profile_has_stats" time="0.588" /><testcase classname="backend.tests.test_players_popup_features.TestFullProfileEndpoint" name="test_full_profile_has_is_online" time="0.565" /><testcase classname="backend.tests.test_players_popup_features.TestFullProfileEndpoint" name="test_full_profile_has_is_own_profile" time="0.678" /><testcase classname="backend.tests.test_players_popup_features.TestFullProfileEndpoint" name="test_full_profile_invalid_user" time="0.395" /><testcase classname="backend.tests.test_players_popup_features.TestFriendshipStatusEndpoint" name="test_friendship_status_returns_status" time="0.623" /><testcase classname="backend.tests.test_players_popup_features.TestFriendRequestEndpoint" name="test_friend_request_with_user_id" time="0.592" /><testcase classname="backend.tests.test_players_popup_features.TestFriendRequestEndpoint" name="test_friend_request_auth_required" time="0.147" /></testsuite></testsuites>