<?xml version="1.0" encoding="utf-8"?><testsuites name="pytest tests"><testsuite name="pytest" errors="0" failures="0" skipped="0" tests="10" time="24.525" timestamp="2026-03-09T01:05:46.100530+00:00" hostname="agent-env-6d0ff6b1-3be8-4312-976c-685d1022bbd3"><testcase classname="tests.test_gender_avatar_features.TestActorsGenderField" name="test_get_actors_returns_gender" time="0.279" /><testcase classname="tests.test_gender_avatar_features.TestDirectorsGenderField" name="test_get_directors_returns_gender" time="0.121" /><testcase classname="tests.test_gender_avatar_features.TestScreenwritersGenderField" name="test_get_screenwriters_returns_gender" time="0.124" /><testcase classname="tests.test_gender_avatar_features.TestAvatarUpdate" name="test_update_avatar_preset" time="0.117" /><testcase classname="tests.test_gender_avatar_features.TestAvatarUpdate" name="test_update_avatar_custom_url" time="0.179" /><testcase classname="tests.test_gender_avatar_features.TestAvatarGeneration" name="test_avatar_generation_endpoint_exists" time="23.119" /><testcase classname="tests.test_gender_avatar_features.TestCostIncrease" name="test_equipment_costs_increased" time="0.133" /><testcase classname="tests.test_gender_avatar_features.TestCostIncrease" name="test_location_costs_increased" time="0.110" /><testcase classname="tests.test_gender_avatar_features.TestHealthCheck" name="test_api_health" time="0.115" /><testcase classname="tests.test_gender_avatar_features.TestHealthCheck" name="test_avatars_endpoint" time="0.153" /></testsuite></testsuites>