<?xml version="1.0" encoding="utf-8"?><testsuites name="pytest tests"><testsuite name="pytest" errors="0" failures="0" skipped="0" tests="10" time="7.198" timestamp="2026-03-19T18:36:23.101154+00:00" hostname="agent-env-c1618574-82fa-4c1a-bf79-bc32d2fce770"><testcase classname="backend.tests.test_iter101_market_casting.TestLogin" name="test_login_success" time="0.765" /><testcase classname="backend.tests.test_iter101_market_casting.TestAgencyActorsForCasting" name="test_actors_for_casting_endpoint_works" time="0.792" /><testcase classname="backend.tests.test_iter101_market_casting.TestAgencyActorsForCasting" name="test_school_students_have_skills" time="0.610" /><testcase classname="backend.tests.test_iter101_market_casting.TestSeriesPipelineAvailableActors" name="test_get_genres_tv_series" time="0.678" /><testcase classname="backend.tests.test_iter101_market_casting.TestSeriesPipelineAvailableActors" name="test_get_genres_anime" time="0.665" /><testcase classname="backend.tests.test_iter101_market_casting.TestSeriesPipelineAvailableActors" name="test_get_my_series_tv" time="0.649" /><testcase classname="backend.tests.test_iter101_market_casting.TestSeriesPipelineAvailableActors" name="test_get_my_series_anime" time="0.754" /><testcase classname="backend.tests.test_iter101_market_casting.TestSeriesPipelineAvailableActors" name="test_available_actors_for_series_in_casting" time="0.923" /><testcase classname="backend.tests.test_iter101_market_casting.TestFilmPipelineCasting" name="test_get_casting_films" time="0.674" /><testcase classname="backend.tests.test_iter101_market_casting.TestSeriesPipelineCounts" name="test_counts_endpoint" time="0.605" /></testsuite></testsuites>