<?xml version="1.0" encoding="utf-8"?><testsuites name="pytest tests"><testsuite name="pytest" errors="0" failures="0" skipped="0" tests="11" time="2.155" timestamp="2026-03-16T20:50:27.292445+00:00" hostname="agent-env-0012d8bd-45f0-4bbb-99c9-04efca675b82"><testcase classname="backend.tests.test_iter67_poster_director.TestPosterGenreBackgrounds" name="test_thriller_genre_poster" time="0.982" /><testcase classname="backend.tests.test_iter67_poster_director.TestPosterGenreBackgrounds" name="test_comedy_genre_poster" time="0.272" /><testcase classname="backend.tests.test_iter67_poster_director.TestPosterGenreBackgrounds" name="test_romance_genre_poster" time="0.277" /><testcase classname="backend.tests.test_iter67_poster_director.TestPosterGenreBackgrounds" name="test_action_genre_poster_gradient_fallback" time="0.223" /><testcase classname="backend.tests.test_iter67_poster_director.TestPosterGenreBackgrounds" name="test_production_house_auto_injection" time="0.206" /><testcase classname="backend.tests.test_iter67_poster_director.TestGenreImagesExist" name="test_thriller_image_exists" time="0.000" /><testcase classname="backend.tests.test_iter67_poster_director.TestGenreImagesExist" name="test_romance_image_exists" time="0.000" /><testcase classname="backend.tests.test_iter67_poster_director.TestGenreImagesExist" name="test_comedy_image_exists" time="0.000" /><testcase classname="backend.tests.test_iter67_poster_director.TestDirectorImagesExist" name="test_female_director_image_exists" time="0.000" /><testcase classname="backend.tests.test_iter67_poster_director.TestDirectorImagesExist" name="test_male_director_image_exists" time="0.000" /><testcase classname="backend.tests.test_iter67_poster_director.TestPosterStartEndpoint" name="test_start_poster_with_production_house_injection" time="0.122" /></testsuite></testsuites>