<?xml version="1.0" encoding="utf-8"?><testsuites name="pytest tests"><testsuite name="pytest" errors="0" failures="0" skipped="1" tests="8" time="10.083" timestamp="2026-04-18T14:45:20.592458+00:00" hostname="agent-env-f8b7e30e-705d-4699-b028-d8aac7343abb"><testcase classname="backend.tests.test_iter162_radio_avatar.TestRadio" name="test_stations_count_and_schema" time="1.165" /><testcase classname="backend.tests.test_iter162_radio_avatar.TestRadio" name="test_banner_schema" time="0.321" /><testcase classname="backend.tests.test_iter162_radio_avatar.TestRadio" name="test_dismiss_banner_and_reset" time="1.124" /><testcase classname="backend.tests.test_iter162_radio_avatar.TestAvatarPersistence" name="test_me_returns_avatar" time="0.456" /><testcase classname="backend.tests.test_iter162_radio_avatar.TestAvatarPersistence" name="test_update_avatar_and_relogin_persists_base64" time="2.899" /><testcase classname="backend.tests.test_iter162_radio_avatar.TestUserResponseFields" name="test_me_has_logo_and_radio_promo" time="0.457" /><testcase classname="backend.tests.test_iter162_radio_avatar.TestUserResponseFields" name="test_login_has_logo_and_radio_promo" time="0.699" /><testcase classname="backend.tests.test_iter162_radio_avatar.TestRadioPromoDiscount" name="test_purchase_emittente_tv_applies_80pct_discount" time="2.877"><skipped type="pytest.skip" message="Cannot test actual discount purchase without admin grant: Level 7 required">/app/backend/tests/test_iter162_radio_avatar.py:207: Cannot test actual discount purchase without admin grant: Level 7 required</skipped></testcase></testsuite></testsuites>