<?xml version="1.0" encoding="utf-8"?><testsuites name="pytest tests"><testsuite name="pytest" errors="0" failures="0" skipped="0" tests="12" time="3.222" timestamp="2026-03-14T12:16:55.565033+00:00" hostname="agent-env-d445af42-0917-4e32-a7af-3877a7b4bbe0"><testcase classname="backend.tests.test_cinepass_system.TestCinePassBalance" name="test_get_cinepass_balance" time="0.610" /><testcase classname="backend.tests.test_cinepass_system.TestCinePassCosts" name="test_get_cinepass_costs" time="0.103" /><testcase classname="backend.tests.test_cinepass_system.TestLoginReward" name="test_get_login_reward_status" time="0.102" /><testcase classname="backend.tests.test_cinepass_system.TestLoginReward" name="test_claim_login_reward_already_claimed" time="0.213" /><testcase classname="backend.tests.test_cinepass_system.TestDailyContests" name="test_get_daily_contests" time="0.100" /><testcase classname="backend.tests.test_cinepass_system.TestDailyContests" name="test_start_first_available_contest" time="0.251" /><testcase classname="backend.tests.test_cinepass_system.TestDailyContests" name="test_start_locked_contest_fails" time="0.246" /><testcase classname="backend.tests.test_cinepass_system.TestCinePassDeductions" name="test_acting_school_train_costs_cinepass" time="0.775" /><testcase classname="backend.tests.test_cinepass_system.TestCinePassDeductions" name="test_infrastructure_purchase_costs_cinepass" time="0.208" /><testcase classname="backend.tests.test_cinepass_system.TestCinePassIntegration" name="test_user_cinepass_accessible_via_balance" time="0.096" /><testcase classname="backend.tests.test_cinepass_system.TestCinePassIntegration" name="test_user_login_streak_accessible_via_balance" time="0.109" /><testcase classname="backend.tests.test_cinepass_system.TestContestSubmission" name="test_full_contest_flow" time="0.328" /></testsuite></testsuites>