<?xml version="1.0" encoding="utf-8"?><testsuites name="pytest tests"><testsuite name="pytest" errors="0" failures="0" skipped="0" tests="17" time="15.099" timestamp="2026-04-05T01:49:43.515083+00:00" hostname="agent-env-e82293fc-d9e8-458f-907d-3722e9a88936"><testcase classname="backend.tests.test_la_prima.TestLaPrimaActive" name="test_active_requires_auth" time="4.163" /><testcase classname="backend.tests.test_la_prima.TestLaPrimaActive" name="test_active_returns_events_list" time="2.190" /><testcase classname="backend.tests.test_la_prima.TestLaPrimaActive" name="test_active_event_structure" time="1.445" /><testcase classname="backend.tests.test_la_prima.TestLaPrimaRankings" name="test_rankings_requires_auth" time="0.134" /><testcase classname="backend.tests.test_la_prima.TestLaPrimaRankings" name="test_rankings_returns_three_lists" time="1.475" /><testcase classname="backend.tests.test_la_prima.TestLaPrimaRankings" name="test_rankings_entry_structure" time="1.470" /><testcase classname="backend.tests.test_la_prima.TestLaPrimaLive" name="test_live_requires_auth" time="0.127" /><testcase classname="backend.tests.test_la_prima.TestLaPrimaLive" name="test_live_returns_film_data" time="1.313" /><testcase classname="backend.tests.test_la_prima.TestLaPrimaLive" name="test_live_nonexistent_film" time="0.459" /><testcase classname="backend.tests.test_la_prima.TestLaPrimaCities" name="test_cities_requires_auth" time="0.115" /><testcase classname="backend.tests.test_la_prima.TestLaPrimaCities" name="test_cities_returns_48_cities" time="0.310" /><testcase classname="backend.tests.test_la_prima.TestLaPrimaCities" name="test_cities_grouped_by_region" time="0.304" /><testcase classname="backend.tests.test_la_prima.TestLaPrimaCities" name="test_city_structure" time="0.352" /><testcase classname="backend.tests.test_la_prima.TestLaPrimaEnable" name="test_enable_requires_auth" time="0.103" /><testcase classname="backend.tests.test_la_prima.TestLaPrimaEnable" name="test_enable_already_active_film" time="0.429" /><testcase classname="backend.tests.test_la_prima.TestLaPrimaSetup" name="test_setup_requires_auth" time="0.104" /><testcase classname="backend.tests.test_la_prima.TestLaPrimaSetup" name="test_setup_already_configured_film" time="0.512" /></testsuite></testsuites>