<?xml version="1.0" encoding="utf-8"?><testsuites name="pytest tests"><testsuite name="pytest" errors="0" failures="0" skipped="0" tests="19" time="7.498" timestamp="2026-03-11T12:59:43.535710+00:00" hostname="agent-env-543cc70b-263f-42be-b6db-efda7343d7d7"><testcase classname="tests.test_iter40_refactoring.TestAuthRoutesExtracted" name="test_login_valid_credentials" time="0.403" /><testcase classname="tests.test_iter40_refactoring.TestAuthRoutesExtracted" name="test_login_invalid_credentials" time="0.119" /><testcase classname="tests.test_iter40_refactoring.TestAuthRoutesExtracted" name="test_get_me_with_token" time="0.405" /><testcase classname="tests.test_iter40_refactoring.TestAuthRoutesExtracted" name="test_get_me_without_token" time="0.140" /><testcase classname="tests.test_iter40_refactoring.TestNotificationRoutesExtracted" name="test_get_notifications_count" time="0.374" /><testcase classname="tests.test_iter40_refactoring.TestNotificationRoutesExtracted" name="test_get_notifications" time="0.394" /><testcase classname="tests.test_iter40_refactoring.TestSocialRoutesExtracted" name="test_get_friends" time="0.467" /><testcase classname="tests.test_iter40_refactoring.TestSocialRoutesExtracted" name="test_get_social_stats" time="0.414" /><testcase classname="tests.test_iter40_refactoring.TestInfrastructureRoutesExtracted" name="test_get_infrastructure_types" time="0.397" /><testcase classname="tests.test_iter40_refactoring.TestInfrastructureRoutesExtracted" name="test_get_my_infrastructure" time="0.396" /><testcase classname="tests.test_iter40_refactoring.TestInfrastructureRoutesExtracted" name="test_get_marketplace" time="0.388" /><testcase classname="tests.test_iter40_refactoring.TestMinigamesRoutesExtracted" name="test_get_minigames" time="0.450" /><testcase classname="tests.test_iter40_refactoring.TestMinigamesRoutesExtracted" name="test_get_minigame_cooldowns" time="0.388" /><testcase classname="tests.test_iter40_refactoring.TestMinigamesRoutesExtracted" name="test_start_minigame_trivia" time="0.392" /><testcase classname="tests.test_iter40_refactoring.TestRoutesStillInServerPy" name="test_get_challenges" time="0.397" /><testcase classname="tests.test_iter40_refactoring.TestRoutesStillInServerPy" name="test_get_my_films" time="0.385" /><testcase classname="tests.test_iter40_refactoring.TestRoutesStillInServerPy" name="test_get_genres" time="0.452" /><testcase classname="tests.test_iter40_refactoring.TestRoutesStillInServerPy" name="test_get_translations" time="0.435" /><testcase classname="tests.test_iter40_refactoring.TestNoRouteDuplicatesOrConflicts" name="test_all_extracted_routes_respond" time="0.615" /></testsuite></testsuites>