<?xml version="1.0" encoding="utf-8"?><testsuites name="pytest tests"><testsuite name="pytest" errors="0" failures="0" skipped="1" tests="13" time="17.885" timestamp="2026-03-10T22:58:46.793222+00:00" hostname="agent-env-7976640d-ef52-4494-b1c8-75b18d7734d4"><testcase classname="backend.tests.test_poster_trailer_generation.TestAuthentication" name="test_login_success" time="1.426" /><testcase classname="backend.tests.test_poster_trailer_generation.TestPosterGeneration" name="test_poster_action_genre" time="1.857" /><testcase classname="backend.tests.test_poster_trailer_generation.TestPosterGeneration" name="test_poster_horror_genre" time="1.689" /><testcase classname="backend.tests.test_poster_trailer_generation.TestPosterGeneration" name="test_poster_comedy_genre" time="5.049" /><testcase classname="backend.tests.test_poster_trailer_generation.TestPosterGeneration" name="test_poster_sci_fi_genre" time="2.780" /><testcase classname="backend.tests.test_poster_trailer_generation.TestPosterGeneration" name="test_poster_unknown_genre_fallback" time="1.443" /><testcase classname="backend.tests.test_poster_trailer_generation.TestTrailerGeneration" name="test_existing_film_trailer_status" time="0.471" /><testcase classname="backend.tests.test_poster_trailer_generation.TestTrailerGeneration" name="test_trailer_video_served_existing" time="0.292" /><testcase classname="backend.tests.test_poster_trailer_generation.TestTrailerGeneration" name="test_generate_trailer_starts_background_task" time="0.287" /><testcase classname="backend.tests.test_poster_trailer_generation.TestTrailerGenerationNewFilm" name="test_create_film_and_generate_trailer" time="1.795"><skipped type="pytest.skip" message="Could not create test film via API">/app/backend/tests/test_poster_trailer_generation.py:312: Could not create test film via API</skipped></testcase><testcase classname="backend.tests.test_poster_trailer_generation.TestTrailerNotFoundCases" name="test_trailer_status_nonexistent_film" time="0.480" /><testcase classname="backend.tests.test_poster_trailer_generation.TestTrailerNotFoundCases" name="test_trailer_video_nonexistent" time="0.114" /><testcase classname="backend.tests.test_poster_trailer_generation.TestTrailerNotFoundCases" name="test_generate_trailer_wrong_film" time="0.125" /></testsuite></testsuites>