<?xml version="1.0" encoding="utf-8"?><testsuites name="pytest tests"><testsuite name="pytest" errors="0" failures="1" skipped="2" tests="11" time="5.233" timestamp="2026-03-18T06:45:07.558510+00:00" hostname="agent-env-60feb295-dea8-4599-bd7b-4ae4953dbf4f"><testcase classname="backend.tests.test_iter80_cineboard_sponsors_equipment.TestCineBoardTabs" name="test_cineboard_now_playing_returns_200" time="0.809" /><testcase classname="backend.tests.test_iter80_cineboard_sponsors_equipment.TestCineBoardTabs" name="test_cineboard_daily_returns_200_with_daily_revenue" time="1.885" /><testcase classname="backend.tests.test_iter80_cineboard_sponsors_equipment.TestCineBoardTabs" name="test_cineboard_weekly_returns_200_with_weekly_revenue" time="1.735" /><testcase classname="backend.tests.test_iter80_cineboard_sponsors_equipment.TestCineBoardTabs" name="test_cineboard_attendance_returns_200" time="0.062"><failure message="AssertionError: attendance failed: Internal Server Error&#10;assert 500 == 200&#10; +  where 500 = &lt;Response [500]&gt;.status_code">backend/tests/test_iter80_cineboard_sponsors_equipment.py:98: in test_cineboard_attendance_returns_200
    assert response.status_code == 200, f"attendance failed: {response.text}"
E   AssertionError: attendance failed: Internal Server Error
E   assert 500 == 200
E    +  where 500 = &lt;Response [500]&gt;.status_code</failure></testcase><testcase classname="backend.tests.test_iter80_cineboard_sponsors_equipment.TestEquipmentSystem" name="test_equipment_options_endpoint_exists" time="0.118" /><testcase classname="backend.tests.test_iter80_cineboard_sponsors_equipment.TestEquipmentSystem" name="test_select_equipment_endpoint_exists" time="0.182" /><testcase classname="backend.tests.test_iter80_cineboard_sponsors_equipment.TestSponsorSystem" name="test_sponsor_offers_endpoint_exists" time="0.063"><skipped type="pytest.skip" message="No films in pre-production phase to test sponsors">/app/backend/tests/test_iter80_cineboard_sponsors_equipment.py:188: No films in pre-production phase to test sponsors</skipped></testcase><testcase classname="backend.tests.test_iter80_cineboard_sponsors_equipment.TestSponsorSystem" name="test_select_sponsors_endpoint_exists" time="0.066"><skipped type="pytest.skip" message="No films in pre-production phase to test sponsors">/app/backend/tests/test_iter80_cineboard_sponsors_equipment.py:213: No films in pre-production phase to test sponsors</skipped></testcase><testcase classname="backend.tests.test_iter80_cineboard_sponsors_equipment.TestEndpointAvailability" name="test_film_pipeline_casting_endpoint" time="0.060" /><testcase classname="backend.tests.test_iter80_cineboard_sponsors_equipment.TestEndpointAvailability" name="test_film_pipeline_preproduction_endpoint" time="0.073" /><testcase classname="backend.tests.test_iter80_cineboard_sponsors_equipment.TestEndpointAvailability" name="test_film_pipeline_screenplay_endpoint" time="0.066" /></testsuite></testsuites>