<?xml version="1.0" encoding="utf-8"?><testsuites name="pytest tests"><testsuite name="pytest" errors="0" failures="0" skipped="0" tests="8" time="3.173" timestamp="2026-03-13T17:17:03.578961+00:00" hostname="agent-env-07f24c83-1c6f-4327-9c37-b3a2fe62e362"><testcase classname="backend.tests.test_ui_fixes_iter50.TestAuth" name="test_login_success" time="0.564" /><testcase classname="backend.tests.test_ui_fixes_iter50.TestFallbackPoster" name="test_fallback_poster_action" time="0.700" /><testcase classname="backend.tests.test_ui_fixes_iter50.TestFallbackPoster" name="test_fallback_poster_comedy" time="0.135" /><testcase classname="backend.tests.test_ui_fixes_iter50.TestFallbackPoster" name="test_fallback_poster_horror" time="0.174" /><testcase classname="backend.tests.test_ui_fixes_iter50.TestEmergingScreenplays" name="test_get_emerging_screenplays" time="0.664" /><testcase classname="backend.tests.test_ui_fixes_iter50.TestEmergingScreenplays" name="test_get_emerging_screenplays_count" time="0.125" /><testcase classname="backend.tests.test_ui_fixes_iter50.TestReleaseNotes" name="test_release_notes_contains_v0110" time="0.621" /><testcase classname="backend.tests.test_ui_fixes_iter50.TestAPIHealth" name="test_api_reachable" time="0.113" /></testsuite></testsuites>