<?xml version="1.0" encoding="utf-8"?><testsuites name="pytest tests"><testsuite name="pytest" errors="0" failures="0" skipped="0" tests="9" time="7.517" timestamp="2026-03-17T20:54:55.160618+00:00" hostname="agent-env-96f63a15-b024-4b05-9870-065cc07e7758"><testcase classname="backend.tests.test_iter78_features.TestAuthentication" name="test_login_successful" time="0.752" /><testcase classname="backend.tests.test_iter78_features.TestProductionOptionsHorror" name="test_get_production_options_horror" time="0.824" /><testcase classname="backend.tests.test_iter78_features.TestProductionOptionsSciFi" name="test_get_production_options_sci_fi" time="0.738" /><testcase classname="backend.tests.test_iter78_features.TestRoleValuesCoProtagonista" name="test_role_values_includes_co_protagonista" time="0.740" /><testcase classname="backend.tests.test_iter78_features.TestPreIngaggioRouteRemoved" name="test_pre_engagement_route_404" time="1.184" /><testcase classname="backend.tests.test_iter78_features.TestNavigationNoPreIngaggio" name="test_nav_menu_correct_items" time="1.122" /><testcase classname="backend.tests.test_iter78_features.TestCastingWithCoProtagonista" name="test_casting_films_available" time="0.677" /><testcase classname="backend.tests.test_iter78_features.TestFilmPipelineCounts" name="test_pipeline_counts" time="0.664" /><testcase classname="backend.tests.test_iter78_features.TestPreProductionTab" name="test_pre_production_endpoint" time="0.735" /></testsuite></testsuites>