<?xml version="1.0" encoding="utf-8"?><testsuites name="pytest tests"><testsuite name="pytest" errors="0" failures="0" skipped="0" tests="15" time="3.813" timestamp="2026-03-16T22:18:08.411304+00:00" hostname="agent-env-0012d8bd-45f0-4bbb-99c9-04efca675b82"><testcase classname="tests.test_refactoring_iter69.TestServerUtils" name="test_genres_endpoint_returns_16_genres" time="0.258" /><testcase classname="tests.test_refactoring_iter69.TestServerUtils" name="test_sponsors_endpoint" time="0.170" /><testcase classname="tests.test_refactoring_iter69.TestServerUtils" name="test_equipment_returns_5_packages" time="0.109" /><testcase classname="tests.test_refactoring_iter69.TestFestivalsRoutes" name="test_festivals_endpoint_with_language" time="0.108" /><testcase classname="tests.test_refactoring_iter69.TestFestivalsRoutes" name="test_custom_festivals_endpoint" time="0.631" /><testcase classname="tests.test_refactoring_iter69.TestFestivalsRoutes" name="test_my_awards_endpoint" time="0.122" /><testcase classname="tests.test_refactoring_iter69.TestChallengesRoutes" name="test_challenge_types_endpoint" time="0.113" /><testcase classname="tests.test_refactoring_iter69.TestChallengesRoutes" name="test_challenge_leaderboard_endpoint" time="0.265" /><testcase classname="tests.test_refactoring_iter69.TestChallengesRoutes" name="test_challenge_limits_endpoint" time="0.132" /><testcase classname="tests.test_refactoring_iter69.TestExistingRoutes" name="test_films_my_endpoint" time="0.765" /><testcase classname="tests.test_refactoring_iter69.TestExistingRoutes" name="test_stats_detailed_endpoint" time="0.121" /><testcase classname="tests.test_refactoring_iter69.TestExistingRoutes" name="test_cast_stats_endpoint" time="0.161" /><testcase classname="tests.test_refactoring_iter69.TestPosterGeneration" name="test_poster_with_force_fallback" time="0.168" /><testcase classname="tests.test_refactoring_iter69.TestBackendStartup" name="test_health_check_via_genres" time="0.112" /><testcase classname="tests.test_refactoring_iter69.TestBackendStartup" name="test_auth_login" time="0.493" /></testsuite></testsuites>