<?xml version="1.0" encoding="utf-8"?><testsuites name="pytest tests"><testsuite name="pytest" errors="0" failures="0" skipped="0" tests="17" time="3.647" timestamp="2026-03-18T23:37:12.620829+00:00" hostname="agent-env-9584c597-e319-495d-b8cc-6ce935db388e"><testcase classname="backend.tests.test_iter97_cineboard_tv_leaderboards.TestCineBoardTVStationsAllTime" name="test_endpoint_returns_200" time="0.718" /><testcase classname="backend.tests.test_iter97_cineboard_tv_leaderboards.TestCineBoardTVStationsAllTime" name="test_returns_stations_array" time="0.149" /><testcase classname="backend.tests.test_iter97_cineboard_tv_leaderboards.TestCineBoardTVStationsAllTime" name="test_station_structure" time="0.150" /><testcase classname="backend.tests.test_iter97_cineboard_tv_leaderboards.TestCineBoardTVStationsAllTime" name="test_sorted_by_total_viewers" time="0.149" /><testcase classname="backend.tests.test_iter97_cineboard_tv_leaderboards.TestCineBoardTVStationsWeekly" name="test_endpoint_returns_200" time="0.106" /><testcase classname="backend.tests.test_iter97_cineboard_tv_leaderboards.TestCineBoardTVStationsWeekly" name="test_returns_stations_array" time="0.179" /><testcase classname="backend.tests.test_iter97_cineboard_tv_leaderboards.TestCineBoardTVStationsWeekly" name="test_station_has_current_share" time="0.148" /><testcase classname="backend.tests.test_iter97_cineboard_tv_leaderboards.TestCineBoardTVStationsWeekly" name="test_sorted_by_current_share" time="0.109" /><testcase classname="backend.tests.test_iter97_cineboard_tv_leaderboards.TestCineBoardTVStationsDaily" name="test_endpoint_returns_200" time="0.129" /><testcase classname="backend.tests.test_iter97_cineboard_tv_leaderboards.TestCineBoardTVStationsDaily" name="test_returns_stations_array" time="0.139" /><testcase classname="backend.tests.test_iter97_cineboard_tv_leaderboards.TestCineBoardTVStationsDaily" name="test_station_has_live_share" time="0.219" /><testcase classname="backend.tests.test_iter97_cineboard_tv_leaderboards.TestCineBoardTVStationsDaily" name="test_station_structure_daily" time="0.153" /><testcase classname="backend.tests.test_iter97_cineboard_tv_leaderboards.TestReleaseNotesV0150" name="test_release_notes_endpoint" time="0.118" /><testcase classname="backend.tests.test_iter97_cineboard_tv_leaderboards.TestReleaseNotesV0150" name="test_v0150_exists" time="0.143" /><testcase classname="backend.tests.test_iter97_cineboard_tv_leaderboards.TestCineBoardPopupMenuEndpoints" name="test_all_three_endpoints_callable" time="0.444" /><testcase classname="backend.tests.test_iter97_cineboard_tv_leaderboards.TestCineBoardPopupMenuEndpoints" name="test_endpoints_require_auth" time="0.398" /><testcase classname="backend.tests.test_iter97_cineboard_tv_leaderboards.TestSystemNotes" name="test_system_notes_endpoint" time="0.119" /></testsuite></testsuites>