<?xml version="1.0" encoding="utf-8"?><testsuites name="pytest tests"><testsuite name="pytest" errors="0" failures="6" skipped="0" tests="12" time="1.495" timestamp="2026-03-25T10:41:35.516876+00:00" hostname="agent-env-6d618a94-ae49-4720-8ed9-fdb39b3432c7"><testcase classname="backend.tests.test_like_feature_removal.TestLikeFeatureRemoval" name="test_social_feed_endpoint_removed" time="0.236" /><testcase classname="backend.tests.test_like_feature_removal.TestLikeFeatureRemoval" name="test_social_top_liked_endpoint_removed" time="0.109" /><testcase classname="backend.tests.test_like_feature_removal.TestLikeFeatureRemoval" name="test_social_my_bonuses_endpoint_removed" time="0.121" /><testcase classname="backend.tests.test_like_feature_removal.TestLikeFeatureRemoval" name="test_films_social_feed_endpoint_removed" time="0.108" /><testcase classname="backend.tests.test_like_feature_removal.TestLikeFeatureRemoval" name="test_film_like_endpoint_removed" time="0.109" /><testcase classname="backend.tests.test_like_feature_removal.TestLikeFeatureRemoval" name="test_film_likes_list_endpoint_removed" time="0.106" /><testcase classname="backend.tests.test_like_feature_removal.TestCineBoardStillWorks" name="test_cineboard_daily_works" time="0.099"><failure message="AssertionError: Expected 200, got 403. Response: {&quot;detail&quot;:&quot;Not authenticated&quot;}&#10;assert 403 == 200&#10; +  where 403 = &lt;Response [403]&gt;.status_code">backend/tests/test_like_feature_removal.py:71: in test_cineboard_daily_works
    assert response.status_code == 200, f"Expected 200, got {response.status_code}. Response: {response.text[:200]}"
E   AssertionError: Expected 200, got 403. Response: {"detail":"Not authenticated"}
E   assert 403 == 200
E    +  where 403 = &lt;Response [403]&gt;.status_code</failure></testcase><testcase classname="backend.tests.test_like_feature_removal.TestCineBoardStillWorks" name="test_cineboard_weekly_works" time="0.099"><failure message="AssertionError: Expected 200, got 403. Response: {&quot;detail&quot;:&quot;Not authenticated&quot;}&#10;assert 403 == 200&#10; +  where 403 = &lt;Response [403]&gt;.status_code">backend/tests/test_like_feature_removal.py:79: in test_cineboard_weekly_works
    assert response.status_code == 200, f"Expected 200, got {response.status_code}. Response: {response.text[:200]}"
E   AssertionError: Expected 200, got 403. Response: {"detail":"Not authenticated"}
E   assert 403 == 200
E    +  where 403 = &lt;Response [403]&gt;.status_code</failure></testcase><testcase classname="backend.tests.test_like_feature_removal.TestCineBoardStillWorks" name="test_cineboard_now_playing_works" time="0.102"><failure message="AssertionError: Expected 200, got 403. Response: {&quot;detail&quot;:&quot;Not authenticated&quot;}&#10;assert 403 == 200&#10; +  where 403 = &lt;Response [403]&gt;.status_code">backend/tests/test_like_feature_removal.py:87: in test_cineboard_now_playing_works
    assert response.status_code == 200, f"Expected 200, got {response.status_code}. Response: {response.text[:200]}"
E   AssertionError: Expected 200, got 403. Response: {"detail":"Not authenticated"}
E   assert 403 == 200
E    +  where 403 = &lt;Response [403]&gt;.status_code</failure></testcase><testcase classname="backend.tests.test_like_feature_removal.TestCineBoardStillWorks" name="test_cineboard_series_weekly_works" time="0.105"><failure message="AssertionError: Expected 200, got 403. Response: {&quot;detail&quot;:&quot;Not authenticated&quot;}&#10;assert 403 == 200&#10; +  where 403 = &lt;Response [403]&gt;.status_code">backend/tests/test_like_feature_removal.py:95: in test_cineboard_series_weekly_works
    assert response.status_code == 200, f"Expected 200, got {response.status_code}. Response: {response.text[:200]}"
E   AssertionError: Expected 200, got 403. Response: {"detail":"Not authenticated"}
E   assert 403 == 200
E    +  where 403 = &lt;Response [403]&gt;.status_code</failure></testcase><testcase classname="backend.tests.test_like_feature_removal.TestCineBoardStillWorks" name="test_cineboard_anime_weekly_works" time="0.120"><failure message="AssertionError: Expected 200, got 403. Response: {&quot;detail&quot;:&quot;Not authenticated&quot;}&#10;assert 403 == 200&#10; +  where 403 = &lt;Response [403]&gt;.status_code">backend/tests/test_like_feature_removal.py:101: in test_cineboard_anime_weekly_works
    assert response.status_code == 200, f"Expected 200, got {response.status_code}. Response: {response.text[:200]}"
E   AssertionError: Expected 200, got 403. Response: {"detail":"Not authenticated"}
E   assert 403 == 200
E    +  where 403 = &lt;Response [403]&gt;.status_code</failure></testcase><testcase classname="backend.tests.test_like_feature_removal.TestDashboardStillWorks" name="test_health_check" time="0.096"><failure message="AssertionError: Expected 200, got 404&#10;assert 404 == 200&#10; +  where 404 = &lt;Response [404]&gt;.status_code">backend/tests/test_like_feature_removal.py:117: in test_health_check
    assert response.status_code == 200, f"Expected 200, got {response.status_code}"
E   AssertionError: Expected 200, got 404
E   assert 404 == 200
E    +  where 404 = &lt;Response [404]&gt;.status_code</failure></testcase></testsuite></testsuites>