<?xml version="1.0" encoding="utf-8"?><testsuites name="pytest tests"><testsuite name="pytest" errors="0" failures="0" skipped="0" tests="12" time="7.977" timestamp="2026-03-18T16:29:37.430600+00:00" hostname="agent-env-7b3f6392-eeb5-4f81-98c9-305ca0884585"><testcase classname="backend.tests.test_iter88_casting_multiactor.TestMultiActorCasting" name="test_01_get_casting_films" time="0.827" /><testcase classname="backend.tests.test_iter88_casting_multiactor.TestMultiActorCasting" name="test_02_actor_proposals_structure" time="0.581" /><testcase classname="backend.tests.test_iter88_casting_multiactor.TestMultiActorCasting" name="test_03_actor_status_after_hire_others_stay_available" time="0.585" /><testcase classname="backend.tests.test_iter88_casting_multiactor.TestMultiActorCasting" name="test_04_select_actor_endpoint" time="0.765" /><testcase classname="backend.tests.test_iter88_casting_multiactor.TestMultiActorCasting" name="test_05_verify_other_actors_still_available_after_hire" time="0.597" /><testcase classname="backend.tests.test_iter88_casting_multiactor.TestRenegotiateEndpoint" name="test_01_find_rejected_proposal" time="0.598" /><testcase classname="backend.tests.test_iter88_casting_multiactor.TestRenegotiateEndpoint" name="test_02_renegotiate_endpoint_structure" time="0.709" /><testcase classname="backend.tests.test_iter88_casting_multiactor.TestRenegotiateEndpoint" name="test_03_renegotiate_cost_increase" time="0.783" /><testcase classname="backend.tests.test_iter88_casting_multiactor.TestCastingCompleteCheck" name="test_01_casting_complete_requirements" time="0.670" /><testcase classname="backend.tests.test_iter88_casting_multiactor.TestQualityV3Formula" name="test_01_get_user_films_quality" time="0.565" /><testcase classname="backend.tests.test_iter88_casting_multiactor.TestQualityV3Formula" name="test_02_dashboard_stats_quality" time="0.623" /><testcase classname="backend.tests.test_iter88_casting_multiactor.TestNonActorCastingStillMarksOthersPassed" name="test_01_non_actor_proposals_behavior" time="0.598" /></testsuite></testsuites>