<?xml version="1.0" encoding="utf-8"?><testsuites name="pytest tests"><testsuite name="pytest" errors="0" failures="0" skipped="0" tests="7" time="3.623" timestamp="2026-03-16T11:11:05.321699+00:00" hostname="agent-env-a015ad51-b518-4e95-80d5-e88ce825e4f7"><testcase classname="backend.tests.test_iter65_casting_features.TestCastingFeatures" name="test_casting_recruits_have_proper_names" time="0.777" /><testcase classname="backend.tests.test_iter65_casting_features.TestCastingFeatures" name="test_hire_recruit_to_personal_cast" time="0.286" /><testcase classname="backend.tests.test_iter65_casting_features.TestCastingFeatures" name="test_send_recruit_to_school" time="0.278" /><testcase classname="backend.tests.test_iter65_casting_features.TestCastingFeatures" name="test_cannot_hire_same_recruit_twice" time="0.376" /><testcase classname="backend.tests.test_iter65_casting_features.TestCastingFeatures" name="test_cast_search_advanced_filters_by_level" time="0.631" /><testcase classname="backend.tests.test_iter65_casting_features.TestCastingFeatures" name="test_cast_available_filters_by_level" time="0.592" /><testcase classname="backend.tests.test_iter65_casting_features.TestCastingRecruitNameFormats" name="test_recruit_names_match_nationality" time="0.605" /></testsuite></testsuites>