<?xml version="1.0" encoding="utf-8"?><testsuites name="pytest tests"><testsuite name="pytest" errors="0" failures="0" skipped="0" tests="10" time="3.001" timestamp="2026-03-12T21:35:26.716935+00:00" hostname="agent-env-d6540557-e059-48a9-a481-37e895fd5cac"><testcase classname="tests.test_iter46_changes.TestDatabaseState" name="test_only_six_users_in_database" time="0.027" /><testcase classname="tests.test_iter46_changes.TestDatabaseState" name="test_release_notes_v0103_exists" time="0.003" /><testcase classname="tests.test_iter46_changes.TestPreEngagementPage" name="test_pre_engagement_api_exists" time="0.486" /><testcase classname="tests.test_iter46_changes.TestPreEngagementPage" name="test_pre_films_expired_public" time="0.064" /><testcase classname="tests.test_iter46_changes.TestChallengesEndpoints" name="test_challenges_leaderboard" time="0.063" /><testcase classname="tests.test_iter46_changes.TestChallengesEndpoints" name="test_challenges_my" time="0.074" /><testcase classname="tests.test_iter46_changes.TestChallengesEndpoints" name="test_challenges_waiting" time="0.079" /><testcase classname="tests.test_iter46_changes.TestPlayerPopupEndpoints" name="test_user_full_profile" time="1.765" /><testcase classname="tests.test_iter46_changes.TestReleaseNotesEndpoint" name="test_release_notes_list" time="0.091" /><testcase classname="tests.test_iter46_changes.TestUsersEndpoints" name="test_all_players_endpoint" time="0.214" /></testsuite></testsuites>