<?xml version="1.0" encoding="utf-8"?><testsuites name="pytest tests"><testsuite name="pytest" errors="0" failures="0" skipped="0" tests="12" time="1.964" timestamp="2026-03-09T08:54:01.756072+00:00" hostname="agent-env-6d0ff6b1-3be8-4312-976c-685d1022bbd3"><testcase classname="backend.tests.test_world_events_tour_avatars.TestWorldEvents" name="test_get_active_events" time="0.488" /><testcase classname="backend.tests.test_world_events_tour_avatars.TestWorldEvents" name="test_get_all_events" time="0.110" /><testcase classname="backend.tests.test_world_events_tour_avatars.TestWorldEvents" name="test_events_have_bonuses" time="0.116" /><testcase classname="backend.tests.test_world_events_tour_avatars.TestAvatarSystem" name="test_get_avatars_endpoint" time="0.099" /><testcase classname="backend.tests.test_world_events_tour_avatars.TestAvatarSystem" name="test_no_preset_avatars_grid" time="0.101" /><testcase classname="backend.tests.test_world_events_tour_avatars.TestCinemaTourSystem" name="test_get_featured_cinemas" time="0.124" /><testcase classname="backend.tests.test_world_events_tour_avatars.TestCinemaTourSystem" name="test_get_featured_cinemas_with_limit" time="0.104" /><testcase classname="backend.tests.test_world_events_tour_avatars.TestCinemaTourSystem" name="test_get_my_visits" time="0.145" /><testcase classname="backend.tests.test_world_events_tour_avatars.TestCinemaTourSystem" name="test_visit_nonexistent_cinema" time="0.102" /><testcase classname="backend.tests.test_world_events_tour_avatars.TestCinemaTourSystem" name="test_review_nonexistent_cinema" time="0.098" /><testcase classname="backend.tests.test_world_events_tour_avatars.TestCinemaTourSystem" name="test_visit_own_cinema_blocked" time="0.103" /><testcase classname="backend.tests.test_world_events_tour_avatars.TestTourEventsIntegration" name="test_active_events_on_tour_page_data" time="0.301" /></testsuite></testsuites>