<?xml version="1.0" encoding="utf-8"?><testsuites name="pytest tests"><testsuite name="pytest" errors="0" failures="0" skipped="0" tests="21" time="2.744" timestamp="2026-03-09T11:05:05.429529+00:00" hostname="agent-env-d3f6028f-8386-47ac-870f-2487f1e81ef3"><testcase classname="backend.tests.test_marketplace_cast_locations.TestExpandedLocations" name="test_locations_endpoint_returns_success" time="0.265" /><testcase classname="backend.tests.test_marketplace_cast_locations.TestExpandedLocations" name="test_locations_count_at_least_60" time="0.103" /><testcase classname="backend.tests.test_marketplace_cast_locations.TestExpandedLocations" name="test_locations_have_cost_per_day" time="0.108" /><testcase classname="backend.tests.test_marketplace_cast_locations.TestExpandedLocations" name="test_locations_have_category" time="0.113" /><testcase classname="backend.tests.test_marketplace_cast_locations.TestEnhancedCastSystem" name="test_actors_endpoint_returns_success" time="0.116" /><testcase classname="backend.tests.test_marketplace_cast_locations.TestEnhancedCastSystem" name="test_actors_have_stars_rating" time="0.120" /><testcase classname="backend.tests.test_marketplace_cast_locations.TestEnhancedCastSystem" name="test_actors_have_fame_category" time="0.123" /><testcase classname="backend.tests.test_marketplace_cast_locations.TestEnhancedCastSystem" name="test_actors_have_years_active" time="0.123" /><testcase classname="backend.tests.test_marketplace_cast_locations.TestEnhancedCastSystem" name="test_actors_have_cost_per_film" time="0.129" /><testcase classname="backend.tests.test_marketplace_cast_locations.TestEnhancedCastSystem" name="test_directors_have_enhanced_attributes" time="0.119" /><testcase classname="backend.tests.test_marketplace_cast_locations.TestEnhancedCastSystem" name="test_screenwriters_have_enhanced_attributes" time="0.118" /><testcase classname="backend.tests.test_marketplace_cast_locations.TestMarketplace" name="test_marketplace_endpoint_returns_success" time="0.120" /><testcase classname="backend.tests.test_marketplace_cast_locations.TestMarketplace" name="test_marketplace_shows_level_lock_info" time="0.101" /><testcase classname="backend.tests.test_marketplace_cast_locations.TestMarketplace" name="test_marketplace_has_listings_array" time="0.103" /><testcase classname="backend.tests.test_marketplace_cast_locations.TestMarketplace" name="test_marketplace_my_listings_endpoint" time="0.105" /><testcase classname="backend.tests.test_marketplace_cast_locations.TestMarketplace" name="test_marketplace_list_blocked_below_level_15" time="0.132" /><testcase classname="backend.tests.test_marketplace_cast_locations.TestMarketplace" name="test_infrastructure_valuation_endpoint" time="0.185" /><testcase classname="backend.tests.test_marketplace_cast_locations.TestFilmCreationIntegration" name="test_genres_endpoint" time="0.114" /><testcase classname="backend.tests.test_marketplace_cast_locations.TestFilmCreationIntegration" name="test_equipment_endpoint" time="0.097" /><testcase classname="backend.tests.test_marketplace_cast_locations.TestFilmCreationIntegration" name="test_sponsors_endpoint" time="0.143" /><testcase classname="backend.tests.test_marketplace_cast_locations.TestFilmCreationIntegration" name="test_actor_roles_endpoint" time="0.109" /></testsuite></testsuites>