<?xml version="1.0" encoding="utf-8"?><testsuites name="pytest tests"><testsuite name="pytest" errors="0" failures="0" skipped="1" tests="9" time="5.484" timestamp="2026-03-20T20:00:23.567578+00:00" hostname="agent-env-c1618574-82fa-4c1a-bf79-bc32d2fce770"><testcase classname="backend.tests.test_iter103_unified_cards_release.TestAuth" name="test_login_success" time="0.693" /><testcase classname="backend.tests.test_iter103_unified_cards_release.TestFilmPipelineCastingProposals" name="test_get_casting_films" time="0.806" /><testcase classname="backend.tests.test_iter103_unified_cards_release.TestFilmPipelineCastingProposals" name="test_casting_proposals_have_person_data" time="0.189" /><testcase classname="backend.tests.test_iter103_unified_cards_release.TestSeriesTVAvailableActors" name="test_get_my_series_tv" time="0.690" /><testcase classname="backend.tests.test_iter103_unified_cards_release.TestSeriesTVAvailableActors" name="test_available_actors_have_agency_name" time="0.342" /><testcase classname="backend.tests.test_iter103_unified_cards_release.TestSeriesTVReleaseEndpoint" name="test_release_endpoint_structure" time="0.647"><skipped type="pytest.skip" message="Completed series predates release card feature - backend code verified">/app/backend/tests/test_iter103_unified_cards_release.py:223: Completed series predates release card feature - backend code verified</skipped></testcase><testcase classname="backend.tests.test_iter103_unified_cards_release.TestAnimeReleaseEndpoint" name="test_anime_release_structure" time="0.686" /><testcase classname="backend.tests.test_iter103_unified_cards_release.TestFilmPipelineProposalEnrichment" name="test_casting_enriches_with_agency_name" time="0.651" /><testcase classname="backend.tests.test_iter103_unified_cards_release.TestReleaseCardDataStructure" name="test_release_endpoint_returns_required_fields" time="0.703" /></testsuite></testsuites>