<?xml version="1.0" encoding="utf-8"?><testsuites name="pytest tests"><testsuite name="pytest" errors="0" failures="6" skipped="1" tests="11" time="5.226" timestamp="2026-03-10T16:03:54.686769+00:00" hostname="agent-env-17168dde-feff-4859-ae02-bc09d50c8773"><testcase classname="backend.tests.test_ceremony_video_trailer.TestCeremonyVideoEndpoints" name="test_ceremony_video_endpoint_returns_available_false" time="1.037"><failure message="AssertionError: Expected 200, got 401: {&quot;detail&quot;:&quot;Invalid token&quot;}&#10;assert 401 == 200&#10; +  where 401 = &lt;Response [401]&gt;.status_code">backend/tests/test_ceremony_video_trailer.py:43: in test_ceremony_video_endpoint_returns_available_false
    assert response.status_code == 200, f"Expected 200, got {response.status_code}: {response.text}"
E   AssertionError: Expected 200, got 401: {"detail":"Invalid token"}
E   assert 401 == 200
E    +  where 401 = &lt;Response [401]&gt;.status_code</failure></testcase><testcase classname="backend.tests.test_ceremony_video_trailer.TestCeremonyVideoEndpoints" name="test_generate_ceremony_video_requires_all_announced" time="0.454"><failure message="AssertionError: Unexpected status 401: {&quot;detail&quot;:&quot;Invalid token&quot;}&#10;assert 401 in [200, 400, 404]&#10; +  where 401 = &lt;Response [401]&gt;.status_code">backend/tests/test_ceremony_video_trailer.py:62: in test_generate_ceremony_video_requires_all_announced
    assert response.status_code in [200, 400, 404], f"Unexpected status {response.status_code}: {response.text}"
E   AssertionError: Unexpected status 401: {"detail":"Invalid token"}
E   assert 401 in [200, 400, 404]
E    +  where 401 = &lt;Response [401]&gt;.status_code</failure></testcase><testcase classname="backend.tests.test_ceremony_video_trailer.TestCeremonyVideoEndpoints" name="test_ceremony_video_download_requires_existing_video" time="0.471"><failure message="AssertionError: Unexpected status 401: {&quot;detail&quot;:&quot;Invalid token&quot;}&#10;assert 401 in [200, 404]&#10; +  where 401 = &lt;Response [401]&gt;.status_code">backend/tests/test_ceremony_video_trailer.py:91: in test_ceremony_video_download_requires_existing_video
    assert response.status_code in [200, 404], f"Unexpected status {response.status_code}: {response.text}"
E   AssertionError: Unexpected status 401: {"detail":"Invalid token"}
E   assert 401 in [200, 404]
E    +  where 401 = &lt;Response [401]&gt;.status_code</failure></testcase><testcase classname="backend.tests.test_ceremony_video_trailer.TestCeremonyVideoEndpoints" name="test_ceremony_video_endpoint_unauthenticated" time="0.120" /><testcase classname="backend.tests.test_ceremony_video_trailer.TestTrailerDownloadEndpoint" name="test_trailer_download_nonexistent_film_returns_404" time="0.517"><failure message="AssertionError: Expected 404 for non-existent film, got 401: {&quot;detail&quot;:&quot;Invalid token&quot;}&#10;assert 401 == 404&#10; +  where 401 = &lt;Response [401]&gt;.status_code">backend/tests/test_ceremony_video_trailer.py:131: in test_trailer_download_nonexistent_film_returns_404
    assert response.status_code == 404, f"Expected 404 for non-existent film, got {response.status_code}: {response.text}"
E   AssertionError: Expected 404 for non-existent film, got 401: {"detail":"Invalid token"}
E   assert 401 == 404
E    +  where 401 = &lt;Response [401]&gt;.status_code</failure></testcase><testcase classname="backend.tests.test_ceremony_video_trailer.TestTrailerDownloadEndpoint" name="test_trailer_download_requires_authentication" time="0.104" /><testcase classname="backend.tests.test_ceremony_video_trailer.TestTrailerDownloadEndpoint" name="test_trailer_download_film_without_trailer" time="0.476"><skipped type="pytest.skip" message="Could not get user films">/app/backend/tests/test_ceremony_video_trailer.py:152: Could not get user films</skipped></testcase><testcase classname="backend.tests.test_ceremony_video_trailer.TestSchedulerConfiguration" name="test_health_endpoint_responds" time="0.536"><failure message="AssertionError: Health check failed: 404&#10;assert 404 == 200&#10; +  where 404 = &lt;Response [404]&gt;.status_code">backend/tests/test_ceremony_video_trailer.py:212: in test_health_endpoint_responds
    assert response.status_code == 200, f"Health check failed: {response.status_code}"
E   AssertionError: Health check failed: 404
E   assert 404 == 200
E    +  where 404 = &lt;Response [404]&gt;.status_code</failure></testcase><testcase classname="backend.tests.test_ceremony_video_trailer.TestFestivalIntegration" name="test_get_festival_list" time="0.479" /><testcase classname="backend.tests.test_ceremony_video_trailer.TestFestivalIntegration" name="test_get_festival_detail_golden" time="0.466"><failure message="AssertionError: Failed to get golden festival: 404&#10;assert 404 == 200&#10; +  where 404 = &lt;Response [404]&gt;.status_code">backend/tests/test_ceremony_video_trailer.py:245: in test_get_festival_detail_golden
    assert response.status_code == 200, f"Failed to get golden festival: {response.status_code}"
E   AssertionError: Failed to get golden festival: 404
E   assert 404 == 200
E    +  where 404 = &lt;Response [404]&gt;.status_code</failure></testcase><testcase classname="backend.tests.test_ceremony_video_trailer.TestFestivalIntegration" name="test_check_category_announcement_status" time="0.459" /></testsuite></testsuites>