<?xml version="1.0" encoding="utf-8"?><testsuites name="pytest tests"><testsuite name="pytest" errors="0" failures="1" skipped="0" tests="20" time="9.074" timestamp="2026-03-12T17:10:22.720222+00:00" hostname="agent-env-c2969eb6-7865-4933-acd7-b461b228fafa"><testcase classname="tests.test_iter42.TestAuthentication" name="test_login_success" time="0.539" /><testcase classname="tests.test_iter42.TestAuthentication" name="test_login_invalid_credentials" time="0.132" /><testcase classname="tests.test_iter42.TestAuthentication" name="test_auth_me_endpoint" time="0.460" /><testcase classname="tests.test_iter42.TestCinemaJournal" name="test_cinema_journal_loads" time="3.295" /><testcase classname="tests.test_iter42.TestCinemaJournal" name="test_cinema_journal_recent_trailers" time="3.355" /><testcase classname="tests.test_iter42.TestCastEndpointsWithSample" name="test_actors_returns_random_sample" time="0.075" /><testcase classname="tests.test_iter42.TestCastEndpointsWithSample" name="test_directors_returns_random_sample" time="0.079" /><testcase classname="tests.test_iter42.TestCastEndpointsWithSample" name="test_screenwriters_returns_random_sample" time="0.082" /><testcase classname="tests.test_iter42.TestCastEndpointsWithSample" name="test_composers_returns_random_sample" time="0.078" /><testcase classname="tests.test_iter42.TestCastEndpointsWithSample" name="test_cast_randomness_different_results" time="0.177" /><testcase classname="tests.test_iter42.TestReleaseNotesV095" name="test_release_notes_returns_v095" time="0.094" /><testcase classname="tests.test_iter42.TestReleaseNotesV095" name="test_release_notes_v095_content" time="0.081" /><testcase classname="tests.test_iter42.TestDashboard" name="test_dashboard_stats" time="0.067"><failure message="assert 404 == 200&#10; +  where 404 = &lt;Response [404]&gt;.status_code">tests/test_iter42.py:209: in test_dashboard_stats
    assert response.status_code == 200
E   assert 404 == 200
E    +  where 404 = &lt;Response [404]&gt;.status_code</failure></testcase><testcase classname="tests.test_iter42.TestDashboard" name="test_user_level_info" time="0.071" /><testcase classname="tests.test_iter42.TestDisabledFeatures" name="test_infrastructure_endpoint_available" time="0.060" /><testcase classname="tests.test_iter42.TestDisabledFeatures" name="test_challenges_endpoint_available" time="0.074" /><testcase classname="tests.test_iter42.TestFilmCreationHelpers" name="test_genres_endpoint" time="0.069" /><testcase classname="tests.test_iter42.TestFilmCreationHelpers" name="test_sponsors_endpoint" time="0.060" /><testcase classname="tests.test_iter42.TestFilmCreationHelpers" name="test_locations_endpoint" time="0.055" /><testcase classname="tests.test_iter42.TestFilmCreationHelpers" name="test_equipment_endpoint" time="0.067" /></testsuite></testsuites>