<?xml version="1.0" encoding="utf-8"?><testsuites name="pytest tests"><testsuite name="pytest" errors="0" failures="0" skipped="1" tests="13" time="2.642" timestamp="2026-03-17T18:00:58.041607+00:00" hostname="agent-env-7db01193-e5df-4250-9ef6-14614864395c"><testcase classname="backend.tests.test_film_pipeline_iter73.TestFilmPipelineCounts" name="test_get_pipeline_counts_returns_200" time="0.673" /><testcase classname="backend.tests.test_film_pipeline_iter73.TestFilmPipelineCounts" name="test_max_simultaneous_based_on_level" time="0.090" /><testcase classname="backend.tests.test_film_pipeline_iter73.TestFilmProposalCreation" name="test_create_proposal_requires_pre_screenplay_100_chars" time="0.103" /><testcase classname="backend.tests.test_film_pipeline_iter73.TestFilmProposalCreation" name="test_create_proposal_success" time="0.336" /><testcase classname="backend.tests.test_film_pipeline_iter73.TestFilmProposals" name="test_get_proposals_returns_list" time="0.080" /><testcase classname="backend.tests.test_film_pipeline_iter73.TestCastingFilms" name="test_get_casting_films" time="0.098" /><testcase classname="backend.tests.test_film_pipeline_iter73.TestCastingFilms" name="test_existing_film_in_casting" time="0.146" /><testcase classname="backend.tests.test_film_pipeline_iter73.TestCastingSpeedUp" name="test_speed_up_casting" time="0.310" /><testcase classname="backend.tests.test_film_pipeline_iter73.TestSelectCast" name="test_select_cast_requires_available_status" time="0.273" /><testcase classname="backend.tests.test_film_pipeline_iter73.TestDiscardFilm" name="test_discard_moves_to_marketplace" time="0.189" /><testcase classname="backend.tests.test_film_pipeline_iter73.TestAdvanceToCasting" name="test_advance_generates_cast_proposals" time="0.102"><skipped type="pytest.skip" message="No proposals to advance">/app/backend/tests/test_film_pipeline_iter73.py:350: No proposals to advance</skipped></testcase><testcase classname="backend.tests.test_film_pipeline_iter73.TestFilmPipelineAll" name="test_get_all_projects" time="0.067" /><testcase classname="backend.tests.test_film_pipeline_iter73.TestCastProposalGeneration" name="test_proposals_have_delay_times" time="0.083" /></testsuite></testsuites>