<?xml version="1.0" encoding="utf-8"?><testsuites name="pytest tests"><testsuite name="pytest" errors="0" failures="0" skipped="3" tests="11" time="4.554" timestamp="2026-03-24T07:51:20.670691+00:00" hostname="agent-env-1ce38715-b0ba-4701-b7bb-96e4b87cfafd"><testcase classname="tests.test_failsafe_casting.TestFailSafeCastingSystem" name="test_01_login_and_get_user" time="0.584" /><testcase classname="tests.test_failsafe_casting.TestFailSafeCastingSystem" name="test_02_get_casting_films" time="0.369" /><testcase classname="tests.test_failsafe_casting.TestFailSafeCastingSystem" name="test_03_auto_complete_cast_endpoint_exists" time="0.445" /><testcase classname="tests.test_failsafe_casting.TestFailSafeCastingSystem" name="test_04_auto_complete_returns_already_complete" time="0.418" /><testcase classname="tests.test_failsafe_casting.TestFailSafeCastingSystem" name="test_05_verify_cast_after_auto_complete" time="0.378" /><testcase classname="tests.test_failsafe_casting.TestFailSafeCastingSystem" name="test_06_advance_to_screenplay_with_incomplete_cast" time="0.413" /><testcase classname="tests.test_failsafe_casting.TestFailSafeCastingSystem" name="test_07_select_cast_requires_2_actors_for_complete" time="0.359"><skipped type="pytest.skip" message="No films in casting status">/app/backend/tests/test_failsafe_casting.py:177: No films in casting status</skipped></testcase><testcase classname="tests.test_failsafe_casting.TestFailSafeCastingSystem" name="test_08_auto_complete_uses_50_percent_cost" time="0.365" /><testcase classname="tests.test_failsafe_casting.TestFailSafeCastingSystem" name="test_09_velion_message_in_response" time="0.360" /><testcase classname="tests.test_failsafe_casting.TestSelectCastMinimumActors" name="test_select_cast_returns_casting_complete_flag" time="0.384"><skipped type="pytest.skip" message="No films in casting status">/app/backend/tests/test_failsafe_casting.py:251: No films in casting status</skipped></testcase><testcase classname="tests.test_failsafe_casting.TestAdvanceToScreenplayFailSafe" name="test_advance_never_blocks_with_400" time="0.397"><skipped type="pytest.skip" message="No films in casting status">/app/backend/tests/test_failsafe_casting.py:302: No films in casting status</skipped></testcase></testsuite></testsuites>