<?xml version="1.0" encoding="utf-8"?><testsuites name="pytest tests"><testsuite name="pytest" errors="0" failures="0" skipped="0" tests="8" time="3.879" timestamp="2026-03-23T01:40:15.170213+00:00" hostname="agent-env-6e52f801-2b06-4898-b506-52e269aa2659"><testcase classname="backend.tests.test_iter124_screenplay_fix.TestScreenplayBugFix" name="test_screenplay_endpoint_returns_valid_data" time="0.660" /><testcase classname="backend.tests.test_iter124_screenplay_fix.TestScreenplayBugFix" name="test_pipeline_counts_endpoint" time="0.616" /><testcase classname="backend.tests.test_iter124_screenplay_fix.TestScreenplayBugFix" name="test_all_pipeline_tabs_endpoints" time="0.800" /><testcase classname="backend.tests.test_iter124_screenplay_fix.TestScreenplayBugFix" name="test_screenplay_film_has_valid_structure" time="0.554" /><testcase classname="backend.tests.test_iter124_screenplay_fix.TestScreenplayBugFix" name="test_write_screenplay_endpoint_exists" time="0.606" /><testcase classname="backend.tests.test_iter124_screenplay_fix.TestScreenplayBugFix" name="test_all_projects_endpoint" time="0.574" /><testcase classname="backend.tests.test_iter124_screenplay_fix.TestErrorBoundaryImprovement" name="test_error_boundary_component_exists" time="0.000" /><testcase classname="backend.tests.test_iter124_screenplay_fix.TestScreenplayTabFix" name="test_screenplay_tab_has_expanded_state" time="0.001" /></testsuite></testsuites>