<?xml version="1.0" encoding="utf-8"?><testsuites name="pytest tests"><testsuite name="pytest" errors="0" failures="0" skipped="0" tests="14" time="32.733" timestamp="2026-04-10T02:25:27.245914+00:00" hostname="agent-env-6f1f279c-851d-4973-956c-03bbf0fc5418"><testcase classname="backend.tests.test_iter159_fase3_city_dynamics.TestFase3CityDynamicsAndVelion" name="test_city_dynamics_collection_exists" time="1.168" /><testcase classname="backend.tests.test_iter159_fase3_city_dynamics.TestFase3CityDynamicsAndVelion" name="test_velion_suggestion_endpoint_exists" time="2.138" /><testcase classname="backend.tests.test_iter159_fase3_city_dynamics.TestFase3CityDynamicsAndVelion" name="test_velion_suggestion_probability" time="7.865" /><testcase classname="backend.tests.test_iter159_fase3_city_dynamics.TestFase3CityDynamicsAndVelion" name="test_velion_suggestion_response_structure" time="2.782" /><testcase classname="backend.tests.test_iter159_fase3_city_dynamics.TestFase3CityDynamicsAndVelion" name="test_film_has_hype_field" time="1.456" /><testcase classname="backend.tests.test_iter159_fase3_city_dynamics.TestFase3CityDynamicsAndVelion" name="test_notifications_endpoint" time="1.656" /><testcase classname="backend.tests.test_iter159_fase3_city_dynamics.TestFase3CityDynamicsAndVelion" name="test_film_city_impact_notification_type" time="2.220" /><testcase classname="backend.tests.test_iter159_fase3_city_dynamics.TestFase3CityDynamicsAndVelion" name="test_la_prima_status_endpoint" time="2.025" /><testcase classname="backend.tests.test_iter159_fase3_city_dynamics.TestFase3CityDynamicsAndVelion" name="test_infrastructure_my_endpoint" time="1.191" /><testcase classname="backend.tests.test_iter159_fase3_city_dynamics.TestFase3CityDynamicsAndVelion" name="test_infrastructure_detail_endpoint" time="1.723" /><testcase classname="backend.tests.test_iter159_fase3_city_dynamics.TestCityDynamicsIntegration" name="test_la_prima_cities_list" time="0.908" /><testcase classname="backend.tests.test_iter159_fase3_city_dynamics.TestCityDynamicsIntegration" name="test_la_prima_active_events" time="3.205" /><testcase classname="backend.tests.test_iter159_fase3_city_dynamics.TestCityDynamicsIntegration" name="test_la_prima_rankings" time="2.090" /><testcase classname="backend.tests.test_iter159_fase3_city_dynamics.TestNotificationTypes" name="test_notification_categories" time="2.207" /></testsuite></testsuites>