<?xml version="1.0" encoding="utf-8"?><testsuites name="pytest tests"><testsuite name="pytest" errors="0" failures="0" skipped="0" tests="8" time="5.424" timestamp="2026-03-19T15:30:15.460967+00:00" hostname="agent-env-a2cfc707-92c7-43f1-b193-31235f8159e5"><testcase classname="tests.test_iter99_bugfixes.TestLogin" name="test_login_success" time="0.773" /><testcase classname="tests.test_iter99_bugfixes.TestCinemaJournal" name="test_cinema_journal_returns_poster_url" time="0.803" /><testcase classname="tests.test_iter99_bugfixes.TestDashboardBatch" name="test_dashboard_batch_includes_social_scores" time="0.703" /><testcase classname="tests.test_iter99_bugfixes.TestDashboardBatch" name="test_dashboard_batch_total_revenue" time="0.702" /><testcase classname="tests.test_iter99_bugfixes.TestRevenueCollectAll" name="test_collect_all_endpoint_works" time="0.898" /><testcase classname="tests.test_iter99_bugfixes.TestSchedulerRevenueNotDecreasing" name="test_get_user_films_revenue" time="0.663" /><testcase classname="tests.test_iter99_bugfixes.TestEmailiansUser" name="test_emilians_endpoint_exists" time="0.105" /><testcase classname="tests.test_iter99_bugfixes.TestFilmsWithPosters" name="test_my_films_have_poster_url" time="0.704" /></testsuite></testsuites>