<?xml version="1.0" encoding="utf-8"?><testsuites name="pytest tests"><testsuite name="pytest" errors="0" failures="0" skipped="3" tests="13" time="4.855" timestamp="2026-03-23T08:30:23.996511+00:00" hostname="agent-env-2ed71e77-68f2-455d-b73d-6b0c8521056f"><testcase classname="backend.tests.test_iter128_notifications_events.TestInvestigateBoycottEndpoint" name="test_investigate_boycott_no_boycotts" time="0.428" /><testcase classname="backend.tests.test_iter128_notifications_events.TestInvestigateBoycottEndpoint" name="test_investigate_boycott_not_owner" time="0.379" /><testcase classname="backend.tests.test_iter128_notifications_events.TestInvestigateBoycottEndpoint" name="test_investigate_boycott_insufficient_cinepass" time="0.383" /><testcase classname="backend.tests.test_iter128_notifications_events.TestBoycottTypes" name="test_coming_soon_list_endpoint" time="0.372" /><testcase classname="backend.tests.test_iter128_notifications_events.TestBoycottTypes" name="test_coming_soon_details_endpoint" time="0.371"><skipped type="pytest.skip" message="Test film not in coming_soon status">/app/backend/tests/test_iter128_notifications_events.py:112: Test film not in coming_soon status</skipped></testcase><testcase classname="backend.tests.test_iter128_notifications_events.TestNotificationSystem" name="test_notifications_endpoint" time="0.365" /><testcase classname="backend.tests.test_iter128_notifications_events.TestNotificationSystem" name="test_notifications_have_expected_fields" time="0.382" /><testcase classname="backend.tests.test_iter128_notifications_events.TestNotificationSystem" name="test_cineworld_news_source_notifications" time="0.371" /><testcase classname="backend.tests.test_iter128_notifications_events.TestDynamicEventsFormat" name="test_coming_soon_news_events_format" time="0.362"><skipped type="pytest.skip" message="Test film not in coming_soon status">/app/backend/tests/test_iter128_notifications_events.py:223: Test film not in coming_soon status</skipped></testcase><testcase classname="backend.tests.test_iter128_notifications_events.TestFilmPipelineIntegration" name="test_film_pipeline_all_endpoint" time="0.366" /><testcase classname="backend.tests.test_iter128_notifications_events.TestFilmPipelineIntegration" name="test_film_project_details" time="0.367"><skipped type="pytest.skip" message="Test film not found">/app/backend/tests/test_iter128_notifications_events.py:280: Test film not found</skipped></testcase><testcase classname="backend.tests.test_iter128_notifications_events.TestHealthAndBasics" name="test_health_endpoint" time="0.321" /><testcase classname="backend.tests.test_iter128_notifications_events.TestHealthAndBasics" name="test_login_works" time="0.312" /></testsuite></testsuites>